--------------- Build Started: 08/04/2020 11:17:19 Project: Design01, Configuration: ARM GCC 5.4-2016-q2-update Debug ---------------
The code generation step is up to date.
mrbc.bat 
arm-none-eabi-gcc.exe -mcpu=cortex-m3 -mthumb -I. -IGenerated_Source\PSoC5 -Wa,-alh=.\CortexM3\ARM_GCC_541\Debug/main.lst -g -D DEBUG -D CY_CORE_ID=0 -D NDEBUG -Wall -ffunction-sections -ffat-lto-objects -Og -c main.c -o .\CortexM3\ARM_GCC_541\Debug\main.o
main.c: In function 'mrubyc':
main.c:214:3: warning: implicit declaration of function 'mrbc_init_class_adc' [-Wimplicit-function-declaration]
   mrbc_init_class_adc(0);
   ^
main.c:215:3: warning: implicit declaration of function 'mrbc_init_class_standard_io' [-Wimplicit-function-declaration]
   mrbc_init_class_standard_io(0);
   ^
arm-none-eabi-gcc.exe -mcpu=cortex-m3 -mthumb -I. -IGenerated_Source\PSoC5 -Wa,-alh=.\CortexM3\ARM_GCC_541\Debug/alloc.lst -g -D DEBUG -D CY_CORE_ID=0 -D NDEBUG -Wall -ffunction-sections -ffat-lto-objects -Og -c alloc.c -o .\CortexM3\ARM_GCC_541\Debug\alloc.o
arm-none-eabi-gcc.exe -mcpu=cortex-m3 -mthumb -I. -IGenerated_Source\PSoC5 -Wa,-alh=.\CortexM3\ARM_GCC_541\Debug/c_array.lst -g -D DEBUG -D CY_CORE_ID=0 -D NDEBUG -Wall -ffunction-sections -ffat-lto-objects -Og -c c_array.c -o .\CortexM3\ARM_GCC_541\Debug\c_array.o
arm-none-eabi-gcc.exe -mcpu=cortex-m3 -mthumb -I. -IGenerated_Source\PSoC5 -Wa,-alh=.\CortexM3\ARM_GCC_541\Debug/c_hash.lst -g -D DEBUG -D CY_CORE_ID=0 -D NDEBUG -Wall -ffunction-sections -ffat-lto-objects -Og -c c_hash.c -o .\CortexM3\ARM_GCC_541\Debug\c_hash.o
arm-none-eabi-gcc.exe -mcpu=cortex-m3 -mthumb -I. -IGenerated_Source\PSoC5 -Wa,-alh=.\CortexM3\ARM_GCC_541\Debug/c_i2c.lst -g -D DEBUG -D CY_CORE_ID=0 -D NDEBUG -Wall -ffunction-sections -ffat-lto-objects -Og -c c_i2c.c -o .\CortexM3\ARM_GCC_541\Debug\c_i2c.o
arm-none-eabi-gcc.exe -mcpu=cortex-m3 -mthumb -I. -IGenerated_Source\PSoC5 -Wa,-alh=.\CortexM3\ARM_GCC_541\Debug/c_math.lst -g -D DEBUG -D CY_CORE_ID=0 -D NDEBUG -Wall -ffunction-sections -ffat-lto-objects -Og -c c_math.c -o .\CortexM3\ARM_GCC_541\Debug\c_math.o
arm-none-eabi-gcc.exe -mcpu=cortex-m3 -mthumb -I. -IGenerated_Source\PSoC5 -Wa,-alh=.\CortexM3\ARM_GCC_541\Debug/c_numeric.lst -g -D DEBUG -D CY_CORE_ID=0 -D NDEBUG -Wall -ffunction-sections -ffat-lto-objects -Og -c c_numeric.c -o .\CortexM3\ARM_GCC_541\Debug\c_numeric.o
arm-none-eabi-gcc.exe -mcpu=cortex-m3 -mthumb -I. -IGenerated_Source\PSoC5 -Wa,-alh=.\CortexM3\ARM_GCC_541\Debug/c_range.lst -g -D DEBUG -D CY_CORE_ID=0 -D NDEBUG -Wall -ffunction-sections -ffat-lto-objects -Og -c c_range.c -o .\CortexM3\ARM_GCC_541\Debug\c_range.o
arm-none-eabi-gcc.exe -mcpu=cortex-m3 -mthumb -I. -IGenerated_Source\PSoC5 -Wa,-alh=.\CortexM3\ARM_GCC_541\Debug/c_string.lst -g -D DEBUG -D CY_CORE_ID=0 -D NDEBUG -Wall -ffunction-sections -ffat-lto-objects -Og -c c_string.c -o .\CortexM3\ARM_GCC_541\Debug\c_string.o
arm-none-eabi-gcc.exe -mcpu=cortex-m3 -mthumb -I. -IGenerated_Source\PSoC5 -Wa,-alh=.\CortexM3\ARM_GCC_541\Debug/c_uart.lst -g -D DEBUG -D CY_CORE_ID=0 -D NDEBUG -Wall -ffunction-sections -ffat-lto-objects -Og -c c_uart.c -o .\CortexM3\ARM_GCC_541\Debug\c_uart.o
arm-none-eabi-gcc.exe -mcpu=cortex-m3 -mthumb -I. -IGenerated_Source\PSoC5 -Wa,-alh=.\CortexM3\ARM_GCC_541\Debug/class.lst -g -D DEBUG -D CY_CORE_ID=0 -D NDEBUG -Wall -ffunction-sections -ffat-lto-objects -Og -c class.c -o .\CortexM3\ARM_GCC_541\Debug\class.o
class.c: In function 'c_object_raise':
class.c:892:14: warning: unused variable 's' [-Wunused-variable]
  const char *s = symid_to_str( v[1].cls->sym_id );
              ^
class.c: In function 'mrbc_define_class':
class.c:251:1: warning: control reaches end of non-void function [-Wreturn-type]
 }
 ^
arm-none-eabi-gcc.exe -mcpu=cortex-m3 -mthumb -I. -IGenerated_Source\PSoC5 -Wa,-alh=.\CortexM3\ARM_GCC_541\Debug/console.lst -g -D DEBUG -D CY_CORE_ID=0 -D NDEBUG -Wall -ffunction-sections -ffat-lto-objects -Og -c console.c -o .\CortexM3\ARM_GCC_541\Debug\console.o
arm-none-eabi-gcc.exe -mcpu=cortex-m3 -mthumb -I. -IGenerated_Source\PSoC5 -Wa,-alh=.\CortexM3\ARM_GCC_541\Debug/global.lst -g -D DEBUG -D CY_CORE_ID=0 -D NDEBUG -Wall -ffunction-sections -ffat-lto-objects -Og -c global.c -o .\CortexM3\ARM_GCC_541\Debug\global.o
arm-none-eabi-gcc.exe -mcpu=cortex-m3 -mthumb -I. -IGenerated_Source\PSoC5 -Wa,-alh=.\CortexM3\ARM_GCC_541\Debug/keyvalue.lst -g -D DEBUG -D CY_CORE_ID=0 -D NDEBUG -Wall -ffunction-sections -ffat-lto-objects -Og -c keyvalue.c -o .\CortexM3\ARM_GCC_541\Debug\keyvalue.o
arm-none-eabi-gcc.exe -mcpu=cortex-m3 -mthumb -I. -IGenerated_Source\PSoC5 -Wa,-alh=.\CortexM3\ARM_GCC_541\Debug/load.lst -g -D DEBUG -D CY_CORE_ID=0 -D NDEBUG -Wall -ffunction-sections -ffat-lto-objects -Og -c load.c -o .\CortexM3\ARM_GCC_541\Debug\load.o
arm-none-eabi-gcc.exe -mcpu=cortex-m3 -mthumb -I. -IGenerated_Source\PSoC5 -Wa,-alh=.\CortexM3\ARM_GCC_541\Debug/rrt0.lst -g -D DEBUG -D CY_CORE_ID=0 -D NDEBUG -Wall -ffunction-sections -ffat-lto-objects -Og -c rrt0.c -o .\CortexM3\ARM_GCC_541\Debug\rrt0.o
arm-none-eabi-gcc.exe -mcpu=cortex-m3 -mthumb -I. -IGenerated_Source\PSoC5 -Wa,-alh=.\CortexM3\ARM_GCC_541\Debug/static.lst -g -D DEBUG -D CY_CORE_ID=0 -D NDEBUG -Wall -ffunction-sections -ffat-lto-objects -Og -c static.c -o .\CortexM3\ARM_GCC_541\Debug\static.o
arm-none-eabi-gcc.exe -mcpu=cortex-m3 -mthumb -I. -IGenerated_Source\PSoC5 -Wa,-alh=.\CortexM3\ARM_GCC_541\Debug/symbol.lst -g -D DEBUG -D CY_CORE_ID=0 -D NDEBUG -Wall -ffunction-sections -ffat-lto-objects -Og -c symbol.c -o .\CortexM3\ARM_GCC_541\Debug\symbol.o
arm-none-eabi-gcc.exe -mcpu=cortex-m3 -mthumb -I. -IGenerated_Source\PSoC5 -Wa,-alh=.\CortexM3\ARM_GCC_541\Debug/value.lst -g -D DEBUG -D CY_CORE_ID=0 -D NDEBUG -Wall -ffunction-sections -ffat-lto-objects -Og -c value.c -o .\CortexM3\ARM_GCC_541\Debug\value.o
arm-none-eabi-gcc.exe -mcpu=cortex-m3 -mthumb -I. -IGenerated_Source\PSoC5 -Wa,-alh=.\CortexM3\ARM_GCC_541\Debug/vm.lst -g -D DEBUG -D CY_CORE_ID=0 -D NDEBUG -Wall -ffunction-sections -ffat-lto-objects -Og -c vm.c -o .\CortexM3\ARM_GCC_541\Debug\vm.o
arm-none-eabi-gcc.exe -mcpu=cortex-m3 -mthumb -I. -IGenerated_Source\PSoC5 -Wa,-alh=.\CortexM3\ARM_GCC_541\Debug/c_adc.lst -g -D DEBUG -D CY_CORE_ID=0 -D NDEBUG -Wall -ffunction-sections -ffat-lto-objects -Og -c c_adc.c -o .\CortexM3\ARM_GCC_541\Debug\c_adc.o
arm-none-eabi-gcc.exe -mcpu=cortex-m3 -mthumb -I. -IGenerated_Source\PSoC5 -Wa,-alh=.\CortexM3\ARM_GCC_541\Debug/standard_io.lst -g -D DEBUG -D CY_CORE_ID=0 -D NDEBUG -Wall -ffunction-sections -ffat-lto-objects -Og -c standard_io.c -o .\CortexM3\ARM_GCC_541\Debug\standard_io.o
standard_io.c: In function 'decimal_led_write':
standard_io.c:28:28: warning: implicit declaration of function 'pow' [-Wimplicit-function-declaration]
   uint8 led_mask = ((uint8)pow(2,0x10u));
                            ^
standard_io.c:28:28: warning: incompatible implicit declaration of built-in function 'pow'
standard_io.c:28:28: note: include '<math.h>' or provide a declaration of 'pow'
arm-none-eabi-gcc.exe -mcpu=cortex-m3 -mthumb -I. -IGenerated_Source\PSoC5 -Wa,-alh=.\CortexM3\ARM_GCC_541\Debug/c_digital.lst -g -D DEBUG -D CY_CORE_ID=0 -D NDEBUG -Wall -ffunction-sections -ffat-lto-objects -Og -c c_digital.c -o .\CortexM3\ARM_GCC_541\Debug\c_digital.o
arm-none-eabi-gcc.exe -mcpu=cortex-m3 -mthumb -I. -IGenerated_Source\PSoC5 -Wa,-alh=.\CortexM3\ARM_GCC_541\Debug/error.lst -g -D DEBUG -D CY_CORE_ID=0 -D NDEBUG -Wall -ffunction-sections -ffat-lto-objects -Og -c error.c -o .\CortexM3\ARM_GCC_541\Debug\error.o
arm-none-eabi-ar.exe -rs .\CortexM3\ARM_GCC_541\Debug\Design01.a .\CortexM3\ARM_GCC_541\Debug\CyDmac.o .\CortexM3\ARM_GCC_541\Debug\CyFlash.o .\CortexM3\ARM_GCC_541\Debug\CyLib.o .\CortexM3\ARM_GCC_541\Debug\cyPm.o .\CortexM3\ARM_GCC_541\Debug\CySpc.o .\CortexM3\ARM_GCC_541\Debug\cyutils.o .\CortexM3\ARM_GCC_541\Debug\D1.o .\CortexM3\ARM_GCC_541\Debug\D2.o .\CortexM3\ARM_GCC_541\Debug\isr_1.o .\CortexM3\ARM_GCC_541\Debug\I2C_1.o .\CortexM3\ARM_GCC_541\Debug\I2C_1_BOOT.o .\CortexM3\ARM_GCC_541\Debug\I2C_1_INT.o .\CortexM3\ARM_GCC_541\Debug\I2C_1_PM.o .\CortexM3\ARM_GCC_541\Debug\I2C_1_SLAVE.o .\CortexM3\ARM_GCC_541\Debug\I2C_1_MASTER.o .\CortexM3\ARM_GCC_541\Debug\SDA_1.o .\CortexM3\ARM_GCC_541\Debug\SCL_1.o .\CortexM3\ARM_GCC_541\Debug\UART_1.o .\CortexM3\ARM_GCC_541\Debug\UART_1_PM.o .\CortexM3\ARM_GCC_541\Debug\UART_1_INT.o .\CortexM3\ARM_GCC_541\Debug\UART_1_BOOT.o .\CortexM3\ARM_GCC_541\Debug\isr_UART_1_Tx.o .\CortexM3\ARM_GCC_541\Debug\isr_UART_1_Rx.o .\CortexM3\ARM_GCC_541\Debug\ADC_1.o .\CortexM3\ARM_GCC_541\Debug\ADC_1_INT.o .\CortexM3\ARM_GCC_541\Debug\ADC_1_PM.o .\CortexM3\ARM_GCC_541\Debug\VDD1.o .\CortexM3\ARM_GCC_541\Debug\ADC_2.o .\CortexM3\ARM_GCC_541\Debug\ADC_2_INT.o .\CortexM3\ARM_GCC_541\Debug\ADC_2_PM.o .\CortexM3\ARM_GCC_541\Debug\VDD2.o .\CortexM3\ARM_GCC_541\Debug\USBUART.o .\CortexM3\ARM_GCC_541\Debug\USBUART_audio.o .\CortexM3\ARM_GCC_541\Debug\USBUART_boot.o .\CortexM3\ARM_GCC_541\Debug\USBUART_cdc.o .\CortexM3\ARM_GCC_541\Debug\USBUART_cls.o .\CortexM3\ARM_GCC_541\Debug\USBUART_descr.o .\CortexM3\ARM_GCC_541\Debug\USBUART_drv.o .\CortexM3\ARM_GCC_541\Debug\USBUART_episr.o .\CortexM3\ARM_GCC_541\Debug\USBUART_hid.o .\CortexM3\ARM_GCC_541\Debug\USBUART_pm.o .\CortexM3\ARM_GCC_541\Debug\USBUART_std.o .\CortexM3\ARM_GCC_541\Debug\USBUART_vnd.o .\CortexM3\ARM_GCC_541\Debug\USBUART_midi.o .\CortexM3\ARM_GCC_541\Debug\USBUART_msc.o .\CortexM3\ARM_GCC_541\Debug\Em_EEPROM.o .\CortexM3\ARM_GCC_541\Debug\Clock_Tick.o .\CortexM3\ARM_GCC_541\Debug\isr_Tick.o .\CortexM3\ARM_GCC_541\Debug\UART_1_IntClock.o .\CortexM3\ARM_GCC_541\Debug\ADC_1_IRQ.o .\CortexM3\ARM_GCC_541\Debug\ADC_1_theACLK.o .\CortexM3\ARM_GCC_541\Debug\ADC_2_IRQ.o .\CortexM3\ARM_GCC_541\Debug\ADC_2_theACLK.o .\CortexM3\ARM_GCC_541\Debug\USBUART_Dm.o .\CortexM3\ARM_GCC_541\Debug\USBUART_Dp.o .\CortexM3\ARM_GCC_541\Debug\LED1.o .\CortexM3\ARM_GCC_541\Debug\LED2.o .\CortexM3\ARM_GCC_541\Debug\SW1.o .\CortexM3\ARM_GCC_541\Debug\LED4.o .\CortexM3\ARM_GCC_541\Debug\LED3.o .\CortexM3\ARM_GCC_541\Debug\P2.o .\CortexM3\ARM_GCC_541\Debug\SleepTimer.o .\CortexM3\ARM_GCC_541\Debug\isr_SleepTimer.o .\CortexM3\ARM_GCC_541\Debug\UART_2.o .\CortexM3\ARM_GCC_541\Debug\UART_2_PM.o .\CortexM3\ARM_GCC_541\Debug\UART_2_INT.o .\CortexM3\ARM_GCC_541\Debug\UART_2_BOOT.o .\CortexM3\ARM_GCC_541\Debug\isr_UART_2_Tx.o .\CortexM3\ARM_GCC_541\Debug\isr_UART_2_Rx.o .\CortexM3\ARM_GCC_541\Debug\UART_2_IntClock.o .\CortexM3\ARM_GCC_541\Debug\Clock_1.o .\CortexM3\ARM_GCC_541\Debug\CyBootAsmGnu.o
arm-none-eabi-ar.exe: creating .\CortexM3\ARM_GCC_541\Debug\Design01.a
arm-none-eabi-gcc.exe -Wl,--start-group -o C:\Users\164\Documents\psoc_mrubyc\sjc_mrubyc_boad\Design01.cydsn\CortexM3\ARM_GCC_541\Debug\Design01.elf .\CortexM3\ARM_GCC_541\Debug\main.o .\CortexM3\ARM_GCC_541\Debug\alloc.o .\CortexM3\ARM_GCC_541\Debug\c_array.o .\CortexM3\ARM_GCC_541\Debug\c_hash.o .\CortexM3\ARM_GCC_541\Debug\c_i2c.o .\CortexM3\ARM_GCC_541\Debug\c_math.o .\CortexM3\ARM_GCC_541\Debug\c_numeric.o .\CortexM3\ARM_GCC_541\Debug\c_range.o .\CortexM3\ARM_GCC_541\Debug\c_string.o .\CortexM3\ARM_GCC_541\Debug\c_uart.o .\CortexM3\ARM_GCC_541\Debug\class.o .\CortexM3\ARM_GCC_541\Debug\console.o .\CortexM3\ARM_GCC_541\Debug\global.o .\CortexM3\ARM_GCC_541\Debug\keyvalue.o .\CortexM3\ARM_GCC_541\Debug\load.o .\CortexM3\ARM_GCC_541\Debug\mrbc_firm.o .\CortexM3\ARM_GCC_541\Debug\mrblib.o .\CortexM3\ARM_GCC_541\Debug\rrt0.o .\CortexM3\ARM_GCC_541\Debug\static.o .\CortexM3\ARM_GCC_541\Debug\symbol.o .\CortexM3\ARM_GCC_541\Debug\uart2.o .\CortexM3\ARM_GCC_541\Debug\value.o .\CortexM3\ARM_GCC_541\Debug\vm.o .\CortexM3\ARM_GCC_541\Debug\c_adc.o .\CortexM3\ARM_GCC_541\Debug\standard_io.o .\CortexM3\ARM_GCC_541\Debug\c_digital.o .\CortexM3\ARM_GCC_541\Debug\error.o .\CortexM3\ARM_GCC_541\Debug\cyfitter_cfg.o .\CortexM3\ARM_GCC_541\Debug\cymetadata.o .\CortexM3\ARM_GCC_541\Debug\Cm3Start.o .\CortexM3\ARM_GCC_541\Debug\Design01.a "C:\Program Files (x86)\Cypress\PSoC Creator\4.2\PSoC Creator\psoc\content\cycomponentlibrary\CyComponentLibrary.cylib\CortexM3\ARM_GCC_541\Debug\CyComponentLibrary.a" -mcpu=cortex-m3 -mthumb -l m -L Generated_Source\PSoC5 -Wl,-Map,.\CortexM3\ARM_GCC_541\Debug/Design01.map -T Generated_Source\PSoC5\cm3gcc.ld -specs=nano.specs -u _printf_float -Wl,--gc-sections -g -ffunction-sections -Og -ffat-lto-objects -Wl,--end-group
cyelftool.exe -C C:\Users\164\Documents\psoc_mrubyc\sjc_mrubyc_boad\Design01.cydsn\CortexM3\ARM_GCC_541\Debug\Design01.elf --flash_row_size 256 --flash_size 262144 --flash_offset 0x00000000
No ELF section .cychecksum found, creating one
Application checksum calculated and stored in ELF section .cychecksum
Checksum calculated and stored in ELF section .cymeta
cyelftool.exe -S C:\Users\164\Documents\psoc_mrubyc\sjc_mrubyc_boad\Design01.cydsn\CortexM3\ARM_GCC_541\Debug\Design01.elf
Flash used: 177546 of 262144 bytes (67.7%).
SRAM used: 37921 of 65536 bytes (57.9%). Stack: 2048 bytes. Heap: 1024 bytes.
--------------- Build Succeeded: 08/04/2020 11:17:51 ---------------
