ARM GAS  C:\Users\164\AppData\Local\Temp\cc7TJLA7.s 			page 1


   1              		.syntax unified
   2              		.cpu cortex-m3
   3              		.fpu softvfp
   4              		.eabi_attribute 20, 1
   5              		.eabi_attribute 21, 1
   6              		.eabi_attribute 23, 3
   7              		.eabi_attribute 24, 1
   8              		.eabi_attribute 25, 1
   9              		.eabi_attribute 26, 1
  10              		.eabi_attribute 30, 1
  11              		.eabi_attribute 34, 1
  12              		.eabi_attribute 18, 4
  13              		.thumb
  14              		.syntax unified
  15              		.file	"cymetadata.c"
  16              		.text
  17              	.Ltext0:
  18              		.cfi_sections	.debug_frame
  19              		.global	cy_metadata
  20              		.global	cy_meta_flashprotect
  21              		.global	cy_meta_wonvl
  22              		.global	cy_meta_custnvl
  23              		.global	cy_meta_configecc
  24              		.section	.cyconfigecc,"a",%progbits
  25              		.align	2
  26              		.type	cy_meta_configecc, %object
  27              		.size	cy_meta_configecc, 1116
  28              	cy_meta_configecc:
  29 0000 02       		.byte	2
  30 0001 45       		.byte	69
  31 0002 00       		.byte	0
  32 0003 40       		.byte	64
  33 0004 01       		.byte	1
  34 0005 52       		.byte	82
  35 0006 00       		.byte	0
  36 0007 40       		.byte	64
  37 0008 01       		.byte	1
  38 0009 5B       		.byte	91
  39 000a 00       		.byte	0
  40 000b 40       		.byte	64
  41 000c 03       		.byte	3
  42 000d 65       		.byte	101
  43 000e 00       		.byte	0
  44 000f 40       		.byte	64
  45 0010 01       		.byte	1
  46 0011 01       		.byte	1
  47 0012 01       		.byte	1
  48 0013 40       		.byte	64
  49 0014 01       		.byte	1
  50 0015 03       		.byte	3
  51 0016 01       		.byte	1
  52 0017 40       		.byte	64
  53 0018 03       		.byte	3
  54 0019 05       		.byte	5
  55 001a 01       		.byte	1
  56 001b 40       		.byte	64
  57 001c 02       		.byte	2
ARM GAS  C:\Users\164\AppData\Local\Temp\cc7TJLA7.s 			page 2


  58 001d 07       		.byte	7
  59 001e 01       		.byte	1
  60 001f 40       		.byte	64
  61 0020 01       		.byte	1
  62 0021 09       		.byte	9
  63 0022 01       		.byte	1
  64 0023 40       		.byte	64
  65 0024 01       		.byte	1
  66 0025 0D       		.byte	13
  67 0026 01       		.byte	1
  68 0027 40       		.byte	64
  69 0028 01       		.byte	1
  70 0029 0F       		.byte	15
  71 002a 01       		.byte	1
  72 002b 40       		.byte	64
  73 002c 71       		.byte	113
  74 002d 14       		.byte	20
  75 002e 01       		.byte	1
  76 002f 40       		.byte	64
  77 0030 4F       		.byte	79
  78 0031 15       		.byte	21
  79 0032 01       		.byte	1
  80 0033 40       		.byte	64
  81 0034 15       		.byte	21
  82 0035 16       		.byte	22
  83 0036 01       		.byte	1
  84 0037 40       		.byte	64
  85 0038 41       		.byte	65
  86 0039 17       		.byte	23
  87 003a 01       		.byte	1
  88 003b 40       		.byte	64
  89 003c 01       		.byte	1
  90 003d 19       		.byte	25
  91 003e 01       		.byte	1
  92 003f 40       		.byte	64
  93 0040 02       		.byte	2
  94 0041 1B       		.byte	27
  95 0042 01       		.byte	1
  96 0043 40       		.byte	64
  97 0044 06       		.byte	6
  98 0045 40       		.byte	64
  99 0046 01       		.byte	1
 100 0047 40       		.byte	64
 101 0048 09       		.byte	9
 102 0049 41       		.byte	65
 103 004a 01       		.byte	1
 104 004b 40       		.byte	64
 105 004c 06       		.byte	6
 106 004d 42       		.byte	66
 107 004e 01       		.byte	1
 108 004f 40       		.byte	64
 109 0050 07       		.byte	7
 110 0051 43       		.byte	67
 111 0052 01       		.byte	1
 112 0053 40       		.byte	64
 113 0054 05       		.byte	5
 114 0055 44       		.byte	68
ARM GAS  C:\Users\164\AppData\Local\Temp\cc7TJLA7.s 			page 3


 115 0056 01       		.byte	1
 116 0057 40       		.byte	64
 117 0058 03       		.byte	3
 118 0059 45       		.byte	69
 119 005a 01       		.byte	1
 120 005b 40       		.byte	64
 121 005c 05       		.byte	5
 122 005d 46       		.byte	70
 123 005e 01       		.byte	1
 124 005f 40       		.byte	64
 125 0060 08       		.byte	8
 126 0061 47       		.byte	71
 127 0062 01       		.byte	1
 128 0063 40       		.byte	64
 129 0064 07       		.byte	7
 130 0065 48       		.byte	72
 131 0066 01       		.byte	1
 132 0067 40       		.byte	64
 133 0068 0D       		.byte	13
 134 0069 49       		.byte	73
 135 006a 01       		.byte	1
 136 006b 40       		.byte	64
 137 006c 0B       		.byte	11
 138 006d 4C       		.byte	76
 139 006e 01       		.byte	1
 140 006f 40       		.byte	64
 141 0070 07       		.byte	7
 142 0071 4D       		.byte	77
 143 0072 01       		.byte	1
 144 0073 40       		.byte	64
 145 0074 02       		.byte	2
 146 0075 50       		.byte	80
 147 0076 01       		.byte	1
 148 0077 40       		.byte	64
 149 0078 28       		.byte	40
 150 0079 02       		.byte	2
 151 007a 7E       		.byte	126
 152 007b 02       		.byte	2
 153 007c 7C       		.byte	124
 154 007d 40       		.byte	64
 155 007e 27       		.byte	39
 156 007f 21       		.byte	33
 157 0080 84       		.byte	-124
 158 0081 0F       		.byte	15
 159 0082 86       		.byte	-122
 160 0083 38       		.byte	56
 161 0084 87       		.byte	-121
 162 0085 72       		.byte	114
 163 0086 E6       		.byte	-26
 164 0087 40       		.byte	64
 165 0088 E6       		.byte	-26
 166 0089 02       		.byte	2
 167 008a 97       		.byte	-105
 168 008b 80       		.byte	-128
 169 008c B3       		.byte	-77
 170 008d 40       		.byte	64
 171 008e EE       		.byte	-18
ARM GAS  C:\Users\164\AppData\Local\Temp\cc7TJLA7.s 			page 4


 172 008f 80       		.byte	-128
 173 0090 97       		.byte	-105
 174 0091 80       		.byte	-128
 175 0092 EE       		.byte	-18
 176 0093 04       		.byte	4
 177 0094 EE       		.byte	-18
 178 0095 04       		.byte	4
 179 0096 E6       		.byte	-26
 180 0097 02       		.byte	2
 181 0098 E6       		.byte	-26
 182 0099 40       		.byte	64
 183 009a 00       		.byte	0
 184 009b 40       		.byte	64
 185 009c 01       		.byte	1
 186 009d 28       		.byte	40
 187 009e 02       		.byte	2
 188 009f 20       		.byte	32
 189 00a0 03       		.byte	3
 190 00a1 14       		.byte	20
 191 00a2 04       		.byte	4
 192 00a3 13       		.byte	19
 193 00a4 05       		.byte	5
 194 00a5 18       		.byte	24
 195 00a6 06       		.byte	6
 196 00a7 04       		.byte	4
 197 00a8 08       		.byte	8
 198 00a9 20       		.byte	32
 199 00aa 09       		.byte	9
 200 00ab 18       		.byte	24
 201 00ac 0A       		.byte	10
 202 00ad C0       		.byte	-64
 203 00ae 0C       		.byte	12
 204 00af 13       		.byte	19
 205 00b0 0E       		.byte	14
 206 00b1 0C       		.byte	12
 207 00b2 0F       		.byte	15
 208 00b3 60       		.byte	96
 209 00b4 12       		.byte	18
 210 00b5 08       		.byte	8
 211 00b6 14       		.byte	20
 212 00b7 0A       		.byte	10
 213 00b8 15       		.byte	21
 214 00b9 50       		.byte	80
 215 00ba 16       		.byte	22
 216 00bb 14       		.byte	20
 217 00bc 17       		.byte	23
 218 00bd 0C       		.byte	12
 219 00be 18       		.byte	24
 220 00bf 80       		.byte	-128
 221 00c0 19       		.byte	25
 222 00c1 61       		.byte	97
 223 00c2 1A       		.byte	26
 224 00c3 20       		.byte	32
 225 00c4 21       		.byte	33
 226 00c5 61       		.byte	97
 227 00c6 22       		.byte	34
 228 00c7 15       		.byte	21
ARM GAS  C:\Users\164\AppData\Local\Temp\cc7TJLA7.s 			page 5


 229 00c8 24       		.byte	36
 230 00c9 E0       		.byte	-32
 231 00ca 27       		.byte	39
 232 00cb 61       		.byte	97
 233 00cc 28       		.byte	40
 234 00cd E0       		.byte	-32
 235 00ce 29       		.byte	41
 236 00cf 60       		.byte	96
 237 00d0 2B       		.byte	43
 238 00d1 02       		.byte	2
 239 00d2 2C       		.byte	44
 240 00d3 03       		.byte	3
 241 00d4 2E       		.byte	46
 242 00d5 14       		.byte	20
 243 00d6 2F       		.byte	47
 244 00d7 61       		.byte	97
 245 00d8 30       		.byte	48
 246 00d9 0F       		.byte	15
 247 00da 31       		.byte	49
 248 00db 01       		.byte	1
 249 00dc 33       		.byte	51
 250 00dd 18       		.byte	24
 251 00de 34       		.byte	52
 252 00df E0       		.byte	-32
 253 00e0 35       		.byte	53
 254 00e1 60       		.byte	96
 255 00e2 36       		.byte	54
 256 00e3 10       		.byte	16
 257 00e4 37       		.byte	55
 258 00e5 06       		.byte	6
 259 00e6 39       		.byte	57
 260 00e7 02       		.byte	2
 261 00e8 3A       		.byte	58
 262 00e9 02       		.byte	2
 263 00ea 3E       		.byte	62
 264 00eb 40       		.byte	64
 265 00ec 3F       		.byte	63
 266 00ed 40       		.byte	64
 267 00ee 40       		.byte	64
 268 00ef 41       		.byte	65
 269 00f0 41       		.byte	65
 270 00f1 02       		.byte	2
 271 00f2 46       		.byte	70
 272 00f3 BE       		.byte	-66
 273 00f4 47       		.byte	71
 274 00f5 C0       		.byte	-64
 275 00f6 48       		.byte	72
 276 00f7 2C       		.byte	44
 277 00f8 49       		.byte	73
 278 00f9 FF       		.byte	-1
 279 00fa 4A       		.byte	74
 280 00fb FF       		.byte	-1
 281 00fc 4B       		.byte	75
 282 00fd FF       		.byte	-1
 283 00fe 4E       		.byte	78
 284 00ff F0       		.byte	-16
 285 0100 4F       		.byte	79
ARM GAS  C:\Users\164\AppData\Local\Temp\cc7TJLA7.s 			page 6


 286 0101 44       		.byte	68
 287 0102 50       		.byte	80
 288 0103 0C       		.byte	12
 289 0104 54       		.byte	84
 290 0105 01       		.byte	1
 291 0106 56       		.byte	86
 292 0107 04       		.byte	4
 293 0108 58       		.byte	88
 294 0109 04       		.byte	4
 295 010a 59       		.byte	89
 296 010b 04       		.byte	4
 297 010c 5A       		.byte	90
 298 010d 04       		.byte	4
 299 010e 5B       		.byte	91
 300 010f 04       		.byte	4
 301 0110 5F       		.byte	95
 302 0111 01       		.byte	1
 303 0112 66       		.byte	102
 304 0113 C0       		.byte	-64
 305 0114 6A       		.byte	106
 306 0115 40       		.byte	64
 307 0116 6B       		.byte	107
 308 0117 02       		.byte	2
 309 0118 81       		.byte	-127
 310 0119 80       		.byte	-128
 311 011a 83       		.byte	-125
 312 011b 13       		.byte	19
 313 011c 84       		.byte	-124
 314 011d 0C       		.byte	12
 315 011e 86       		.byte	-122
 316 011f 71       		.byte	113
 317 0120 8A       		.byte	-118
 318 0121 03       		.byte	3
 319 0122 8B       		.byte	-117
 320 0123 08       		.byte	8
 321 0124 90       		.byte	-112
 322 0125 10       		.byte	16
 323 0126 92       		.byte	-110
 324 0127 AC       		.byte	-84
 325 0128 93       		.byte	-109
 326 0129 0C       		.byte	12
 327 012a 94       		.byte	-108
 328 012b 10       		.byte	16
 329 012c 95       		.byte	-107
 330 012d 2C       		.byte	44
 331 012e 96       		.byte	-106
 332 012f 40       		.byte	64
 333 0130 97       		.byte	-105
 334 0131 43       		.byte	67
 335 0132 9E       		.byte	-98
 336 0133 20       		.byte	32
 337 0134 A0       		.byte	-96
 338 0135 09       		.byte	9
 339 0136 A2       		.byte	-94
 340 0137 D0       		.byte	-48
 341 0138 A4       		.byte	-92
 342 0139 DC       		.byte	-36
ARM GAS  C:\Users\164\AppData\Local\Temp\cc7TJLA7.s 			page 7


 343 013a A5       		.byte	-91
 344 013b 71       		.byte	113
 345 013c A6       		.byte	-90
 346 013d 22       		.byte	34
 347 013e A7       		.byte	-89
 348 013f 0E       		.byte	14
 349 0140 A8       		.byte	-88
 350 0141 14       		.byte	20
 351 0142 AD       		.byte	-83
 352 0143 71       		.byte	113
 353 0144 AF       		.byte	-81
 354 0145 06       		.byte	6
 355 0146 B2       		.byte	-78
 356 0147 1F       		.byte	31
 357 0148 B3       		.byte	-77
 358 0149 30       		.byte	48
 359 014a B4       		.byte	-76
 360 014b E0       		.byte	-32
 361 014c B5       		.byte	-75
 362 014d 0F       		.byte	15
 363 014e B7       		.byte	-73
 364 014f C0       		.byte	-64
 365 0150 B9       		.byte	-71
 366 0151 88       		.byte	-120
 367 0152 BA       		.byte	-70
 368 0153 20       		.byte	32
 369 0154 BB       		.byte	-69
 370 0155 20       		.byte	32
 371 0156 BF       		.byte	-65
 372 0157 04       		.byte	4
 373 0158 C0       		.byte	-64
 374 0159 02       		.byte	2
 375 015a C6       		.byte	-58
 376 015b 40       		.byte	64
 377 015c C9       		.byte	-55
 378 015d FF       		.byte	-1
 379 015e CA       		.byte	-54
 380 015f 07       		.byte	7
 381 0160 CB       		.byte	-53
 382 0161 FF       		.byte	-1
 383 0162 CC       		.byte	-52
 384 0163 40       		.byte	64
 385 0164 CD       		.byte	-51
 386 0165 20       		.byte	32
 387 0166 CE       		.byte	-50
 388 0167 F0       		.byte	-16
 389 0168 CF       		.byte	-49
 390 0169 05       		.byte	5
 391 016a D0       		.byte	-48
 392 016b 08       		.byte	8
 393 016c D8       		.byte	-40
 394 016d 04       		.byte	4
 395 016e D9       		.byte	-39
 396 016f 04       		.byte	4
 397 0170 DA       		.byte	-38
 398 0171 04       		.byte	4
 399 0172 DF       		.byte	-33
ARM GAS  C:\Users\164\AppData\Local\Temp\cc7TJLA7.s 			page 8


 400 0173 01       		.byte	1
 401 0174 E0       		.byte	-32
 402 0175 40       		.byte	64
 403 0176 E1       		.byte	-31
 404 0177 A8       		.byte	-88
 405 0178 E2       		.byte	-30
 406 0179 40       		.byte	64
 407 017a E3       		.byte	-29
 408 017b 20       		.byte	32
 409 017c 01       		.byte	1
 410 017d 21       		.byte	33
 411 017e 03       		.byte	3
 412 017f 22       		.byte	34
 413 0180 04       		.byte	4
 414 0181 14       		.byte	20
 415 0182 08       		.byte	8
 416 0183 05       		.byte	5
 417 0184 0A       		.byte	10
 418 0185 08       		.byte	8
 419 0186 0E       		.byte	14
 420 0187 40       		.byte	64
 421 0188 0F       		.byte	15
 422 0189 21       		.byte	33
 423 018a 10       		.byte	16
 424 018b 02       		.byte	2
 425 018c 11       		.byte	17
 426 018d 14       		.byte	20
 427 018e 13       		.byte	19
 428 018f 01       		.byte	1
 429 0190 15       		.byte	21
 430 0191 20       		.byte	32
 431 0192 17       		.byte	23
 432 0193 09       		.byte	9
 433 0194 19       		.byte	25
 434 0195 60       		.byte	96
 435 0196 1A       		.byte	26
 436 0197 40       		.byte	64
 437 0198 1B       		.byte	27
 438 0199 02       		.byte	2
 439 019a 1C       		.byte	28
 440 019b 14       		.byte	20
 441 019c 1F       		.byte	31
 442 019d 20       		.byte	32
 443 019e 20       		.byte	32
 444 019f 09       		.byte	9
 445 01a0 22       		.byte	34
 446 01a1 0D       		.byte	13
 447 01a2 27       		.byte	39
 448 01a3 29       		.byte	41
 449 01a4 28       		.byte	40
 450 01a5 10       		.byte	16
 451 01a6 29       		.byte	41
 452 01a7 A2       		.byte	-94
 453 01a8 2E       		.byte	46
 454 01a9 40       		.byte	64
 455 01aa 2F       		.byte	47
 456 01ab 20       		.byte	32
ARM GAS  C:\Users\164\AppData\Local\Temp\cc7TJLA7.s 			page 9


 457 01ac 31       		.byte	49
 458 01ad 10       		.byte	16
 459 01ae 32       		.byte	50
 460 01af 08       		.byte	8
 461 01b0 34       		.byte	52
 462 01b1 05       		.byte	5
 463 01b2 37       		.byte	55
 464 01b3 09       		.byte	9
 465 01b4 38       		.byte	56
 466 01b5 40       		.byte	64
 467 01b6 39       		.byte	57
 468 01b7 15       		.byte	21
 469 01b8 3A       		.byte	58
 470 01b9 01       		.byte	1
 471 01ba 3E       		.byte	62
 472 01bb 01       		.byte	1
 473 01bc 3F       		.byte	63
 474 01bd 21       		.byte	33
 475 01be 42       		.byte	66
 476 01bf 41       		.byte	65
 477 01c0 43       		.byte	67
 478 01c1 20       		.byte	32
 479 01c2 47       		.byte	71
 480 01c3 20       		.byte	32
 481 01c4 4F       		.byte	79
 482 01c5 01       		.byte	1
 483 01c6 50       		.byte	80
 484 01c7 02       		.byte	2
 485 01c8 51       		.byte	81
 486 01c9 10       		.byte	16
 487 01ca 52       		.byte	82
 488 01cb 42       		.byte	66
 489 01cc 57       		.byte	87
 490 01cd 10       		.byte	16
 491 01ce 58       		.byte	88
 492 01cf 02       		.byte	2
 493 01d0 59       		.byte	89
 494 01d1 40       		.byte	64
 495 01d2 5A       		.byte	90
 496 01d3 14       		.byte	20
 497 01d4 61       		.byte	97
 498 01d5 01       		.byte	1
 499 01d6 64       		.byte	100
 500 01d7 02       		.byte	2
 501 01d8 66       		.byte	102
 502 01d9 40       		.byte	64
 503 01da 82       		.byte	-126
 504 01db 01       		.byte	1
 505 01dc 84       		.byte	-124
 506 01dd 04       		.byte	4
 507 01de 87       		.byte	-121
 508 01df 02       		.byte	2
 509 01e0 8D       		.byte	-115
 510 01e1 01       		.byte	1
 511 01e2 8E       		.byte	-114
 512 01e3 16       		.byte	22
 513 01e4 90       		.byte	-112
ARM GAS  C:\Users\164\AppData\Local\Temp\cc7TJLA7.s 			page 10


 514 01e5 40       		.byte	64
 515 01e6 91       		.byte	-111
 516 01e7 14       		.byte	20
 517 01e8 92       		.byte	-110
 518 01e9 04       		.byte	4
 519 01ea 94       		.byte	-108
 520 01eb 11       		.byte	17
 521 01ec 96       		.byte	-106
 522 01ed 02       		.byte	2
 523 01ee 98       		.byte	-104
 524 01ef 10       		.byte	16
 525 01f0 99       		.byte	-103
 526 01f1 92       		.byte	-110
 527 01f2 9D       		.byte	-99
 528 01f3 20       		.byte	32
 529 01f4 9E       		.byte	-98
 530 01f5 41       		.byte	65
 531 01f6 9F       		.byte	-97
 532 01f7 02       		.byte	2
 533 01f8 A2       		.byte	-94
 534 01f9 04       		.byte	4
 535 01fa A6       		.byte	-90
 536 01fb 08       		.byte	8
 537 01fc AC       		.byte	-84
 538 01fd 04       		.byte	4
 539 01fe AD       		.byte	-83
 540 01ff 01       		.byte	1
 541 0200 C0       		.byte	-64
 542 0201 6F       		.byte	111
 543 0202 C2       		.byte	-62
 544 0203 BE       		.byte	-66
 545 0204 C4       		.byte	-60
 546 0205 7F       		.byte	127
 547 0206 CA       		.byte	-54
 548 0207 5F       		.byte	95
 549 0208 CC       		.byte	-52
 550 0209 C6       		.byte	-58
 551 020a CE       		.byte	-50
 552 020b AF       		.byte	-81
 553 020c D0       		.byte	-48
 554 020d 2D       		.byte	45
 555 020e D6       		.byte	-42
 556 020f 0F       		.byte	15
 557 0210 D8       		.byte	-40
 558 0211 01       		.byte	1
 559 0212 E2       		.byte	-30
 560 0213 40       		.byte	64
 561 0214 E6       		.byte	-26
 562 0215 40       		.byte	64
 563 0216 EA       		.byte	-22
 564 0217 01       		.byte	1
 565 0218 EE       		.byte	-18
 566 0219 08       		.byte	8
 567 021a 09       		.byte	9
 568 021b 01       		.byte	1
 569 021c 0C       		.byte	12
 570 021d 01       		.byte	1
ARM GAS  C:\Users\164\AppData\Local\Temp\cc7TJLA7.s 			page 11


 571 021e 12       		.byte	18
 572 021f 02       		.byte	2
 573 0220 1A       		.byte	26
 574 0221 02       		.byte	2
 575 0222 20       		.byte	32
 576 0223 04       		.byte	4
 577 0224 24       		.byte	36
 578 0225 01       		.byte	1
 579 0226 28       		.byte	40
 580 0227 01       		.byte	1
 581 0228 2E       		.byte	46
 582 0229 08       		.byte	8
 583 022a 30       		.byte	48
 584 022b 01       		.byte	1
 585 022c 32       		.byte	50
 586 022d 02       		.byte	2
 587 022e 33       		.byte	51
 588 022f 01       		.byte	1
 589 0230 34       		.byte	52
 590 0231 04       		.byte	4
 591 0232 36       		.byte	54
 592 0233 08       		.byte	8
 593 0234 3E       		.byte	62
 594 0235 14       		.byte	20
 595 0236 3F       		.byte	63
 596 0237 04       		.byte	4
 597 0238 54       		.byte	84
 598 0239 18       		.byte	24
 599 023a 56       		.byte	86
 600 023b 04       		.byte	4
 601 023c 58       		.byte	88
 602 023d 04       		.byte	4
 603 023e 59       		.byte	89
 604 023f 04       		.byte	4
 605 0240 5B       		.byte	91
 606 0241 04       		.byte	4
 607 0242 5F       		.byte	95
 608 0243 01       		.byte	1
 609 0244 00       		.byte	0
 610 0245 04       		.byte	4
 611 0246 01       		.byte	1
 612 0247 A0       		.byte	-96
 613 0248 07       		.byte	7
 614 0249 01       		.byte	1
 615 024a 08       		.byte	8
 616 024b 10       		.byte	16
 617 024c 09       		.byte	9
 618 024d 08       		.byte	8
 619 024e 0A       		.byte	10
 620 024f 48       		.byte	72
 621 0250 0B       		.byte	11
 622 0251 42       		.byte	66
 623 0252 0D       		.byte	13
 624 0253 11       		.byte	17
 625 0254 10       		.byte	16
 626 0255 80       		.byte	-128
 627 0256 12       		.byte	18
ARM GAS  C:\Users\164\AppData\Local\Temp\cc7TJLA7.s 			page 12


 628 0257 09       		.byte	9
 629 0258 13       		.byte	19
 630 0259 08       		.byte	8
 631 025a 15       		.byte	21
 632 025b 14       		.byte	20
 633 025c 16       		.byte	22
 634 025d 41       		.byte	65
 635 025e 18       		.byte	24
 636 025f 04       		.byte	4
 637 0260 19       		.byte	25
 638 0261 96       		.byte	-106
 639 0262 1A       		.byte	26
 640 0263 40       		.byte	64
 641 0264 1B       		.byte	27
 642 0265 80       		.byte	-128
 643 0266 1C       		.byte	28
 644 0267 40       		.byte	64
 645 0268 1D       		.byte	29
 646 0269 40       		.byte	64
 647 026a 1E       		.byte	30
 648 026b 04       		.byte	4
 649 026c 1F       		.byte	31
 650 026d 09       		.byte	9
 651 026e 21       		.byte	33
 652 026f 01       		.byte	1
 653 0270 22       		.byte	34
 654 0271 04       		.byte	4
 655 0272 23       		.byte	35
 656 0273 04       		.byte	4
 657 0274 26       		.byte	38
 658 0275 04       		.byte	4
 659 0276 28       		.byte	40
 660 0277 18       		.byte	24
 661 0278 29       		.byte	41
 662 0279 40       		.byte	64
 663 027a 2B       		.byte	43
 664 027b 80       		.byte	-128
 665 027c 30       		.byte	48
 666 027d 80       		.byte	-128
 667 027e 31       		.byte	49
 668 027f 18       		.byte	24
 669 0280 32       		.byte	50
 670 0281 01       		.byte	1
 671 0282 38       		.byte	56
 672 0283 60       		.byte	96
 673 0284 3A       		.byte	58
 674 0285 01       		.byte	1
 675 0286 3B       		.byte	59
 676 0287 08       		.byte	8
 677 0288 3C       		.byte	60
 678 0289 10       		.byte	16
 679 028a 40       		.byte	64
 680 028b 45       		.byte	69
 681 028c 48       		.byte	72
 682 028d 04       		.byte	4
 683 028e 4B       		.byte	75
 684 028f 40       		.byte	64
ARM GAS  C:\Users\164\AppData\Local\Temp\cc7TJLA7.s 			page 13


 685 0290 51       		.byte	81
 686 0291 10       		.byte	16
 687 0292 53       		.byte	83
 688 0293 04       		.byte	4
 689 0294 59       		.byte	89
 690 0295 04       		.byte	4
 691 0296 5F       		.byte	95
 692 0297 02       		.byte	2
 693 0298 64       		.byte	100
 694 0299 02       		.byte	2
 695 029a 67       		.byte	103
 696 029b 84       		.byte	-124
 697 029c 69       		.byte	105
 698 029d 14       		.byte	20
 699 029e 6B       		.byte	107
 700 029f 01       		.byte	1
 701 02a0 70       		.byte	112
 702 02a1 90       		.byte	-112
 703 02a2 71       		.byte	113
 704 02a3 08       		.byte	8
 705 02a4 73       		.byte	115
 706 02a5 08       		.byte	8
 707 02a6 80       		.byte	-128
 708 02a7 02       		.byte	2
 709 02a8 83       		.byte	-125
 710 02a9 08       		.byte	8
 711 02aa 84       		.byte	-124
 712 02ab 08       		.byte	8
 713 02ac 85       		.byte	-123
 714 02ad 02       		.byte	2
 715 02ae 97       		.byte	-105
 716 02af 80       		.byte	-128
 717 02b0 C0       		.byte	-64
 718 02b1 87       		.byte	-121
 719 02b2 C2       		.byte	-62
 720 02b3 5F       		.byte	95
 721 02b4 C4       		.byte	-60
 722 02b5 FF       		.byte	-1
 723 02b6 CA       		.byte	-54
 724 02b7 0F       		.byte	15
 725 02b8 CC       		.byte	-52
 726 02b9 0F       		.byte	15
 727 02ba CE       		.byte	-50
 728 02bb 2F       		.byte	47
 729 02bc D0       		.byte	-48
 730 02bd 0D       		.byte	13
 731 02be D2       		.byte	-46
 732 02bf 0C       		.byte	12
 733 02c0 D6       		.byte	-42
 734 02c1 82       		.byte	-126
 735 02c2 D8       		.byte	-40
 736 02c3 B0       		.byte	-80
 737 02c4 EA       		.byte	-22
 738 02c5 02       		.byte	2
 739 02c6 EA       		.byte	-22
 740 02c7 02       		.byte	2
 741 02c8 EA       		.byte	-22
ARM GAS  C:\Users\164\AppData\Local\Temp\cc7TJLA7.s 			page 14


 742 02c9 01       		.byte	1
 743 02ca EE       		.byte	-18
 744 02cb 08       		.byte	8
 745 02cc 33       		.byte	51
 746 02cd 21       		.byte	33
 747 02ce 36       		.byte	54
 748 02cf 88       		.byte	-120
 749 02d0 3B       		.byte	59
 750 02d1 40       		.byte	64
 751 02d2 8E       		.byte	-114
 752 02d3 08       		.byte	8
 753 02d4 CC       		.byte	-52
 754 02d5 F0       		.byte	-16
 755 02d6 CE       		.byte	-50
 756 02d7 10       		.byte	16
 757 02d8 33       		.byte	51
 758 02d9 42       		.byte	66
 759 02da 37       		.byte	55
 760 02db 28       		.byte	40
 761 02dc 87       		.byte	-121
 762 02dd 40       		.byte	64
 763 02de 97       		.byte	-105
 764 02df 40       		.byte	64
 765 02e0 9F       		.byte	-97
 766 02e1 01       		.byte	1
 767 02e2 A6       		.byte	-90
 768 02e3 80       		.byte	-128
 769 02e4 A7       		.byte	-89
 770 02e5 20       		.byte	32
 771 02e6 CC       		.byte	-52
 772 02e7 F0       		.byte	-16
 773 02e8 E6       		.byte	-26
 774 02e9 40       		.byte	64
 775 02ea 3E       		.byte	62
 776 02eb 10       		.byte	16
 777 02ec 9F       		.byte	-97
 778 02ed 69       		.byte	105
 779 02ee A6       		.byte	-90
 780 02ef 80       		.byte	-128
 781 02f0 A7       		.byte	-89
 782 02f1 20       		.byte	32
 783 02f2 B3       		.byte	-77
 784 02f3 02       		.byte	2
 785 02f4 CE       		.byte	-50
 786 02f5 20       		.byte	32
 787 02f6 27       		.byte	39
 788 02f7 40       		.byte	64
 789 02f8 96       		.byte	-106
 790 02f9 10       		.byte	16
 791 02fa 9F       		.byte	-97
 792 02fb 69       		.byte	105
 793 02fc A6       		.byte	-90
 794 02fd 80       		.byte	-128
 795 02fe AB       		.byte	-85
 796 02ff 20       		.byte	32
 797 0300 C8       		.byte	-56
 798 0301 80       		.byte	-128
ARM GAS  C:\Users\164\AppData\Local\Temp\cc7TJLA7.s 			page 15


 799 0302 EE       		.byte	-18
 800 0303 20       		.byte	32
 801 0304 10       		.byte	16
 802 0305 10       		.byte	16
 803 0306 14       		.byte	20
 804 0307 20       		.byte	32
 805 0308 8F       		.byte	-113
 806 0309 40       		.byte	64
 807 030a C4       		.byte	-60
 808 030b 0C       		.byte	12
 809 030c E6       		.byte	-26
 810 030d 02       		.byte	2
 811 030e 84       		.byte	-124
 812 030f 80       		.byte	-128
 813 0310 98       		.byte	-104
 814 0311 30       		.byte	48
 815 0312 A7       		.byte	-89
 816 0313 40       		.byte	64
 817 0314 1B       		.byte	27
 818 0315 04       		.byte	4
 819 0316 98       		.byte	-104
 820 0317 30       		.byte	48
 821 0318 9C       		.byte	-100
 822 0319 80       		.byte	-128
 823 031a A7       		.byte	-89
 824 031b 40       		.byte	64
 825 031c C6       		.byte	-58
 826 031d 08       		.byte	8
 827 031e 08       		.byte	8
 828 031f 80       		.byte	-128
 829 0320 09       		.byte	9
 830 0321 08       		.byte	8
 831 0322 0F       		.byte	15
 832 0323 80       		.byte	-128
 833 0324 98       		.byte	-104
 834 0325 30       		.byte	48
 835 0326 9C       		.byte	-100
 836 0327 80       		.byte	-128
 837 0328 A7       		.byte	-89
 838 0329 40       		.byte	64
 839 032a AB       		.byte	-85
 840 032b 04       		.byte	4
 841 032c C2       		.byte	-62
 842 032d 0E       		.byte	14
 843 032e 23       		.byte	35
 844 032f 20       		.byte	32
 845 0330 96       		.byte	-106
 846 0331 10       		.byte	16
 847 0332 9F       		.byte	-97
 848 0333 28       		.byte	40
 849 0334 A6       		.byte	-90
 850 0335 80       		.byte	-128
 851 0336 AF       		.byte	-81
 852 0337 01       		.byte	1
 853 0338 C8       		.byte	-56
 854 0339 40       		.byte	64
 855 033a EA       		.byte	-22
ARM GAS  C:\Users\164\AppData\Local\Temp\cc7TJLA7.s 			page 16


 856 033b 40       		.byte	64
 857 033c 10       		.byte	16
 858 033d 80       		.byte	-128
 859 033e 70       		.byte	112
 860 033f 01       		.byte	1
 861 0340 80       		.byte	-128
 862 0341 80       		.byte	-128
 863 0342 8C       		.byte	-116
 864 0343 01       		.byte	1
 865 0344 8F       		.byte	-113
 866 0345 08       		.byte	8
 867 0346 9F       		.byte	-97
 868 0347 08       		.byte	8
 869 0348 AA       		.byte	-86
 870 0349 10       		.byte	16
 871 034a AE       		.byte	-82
 872 034b 80       		.byte	-128
 873 034c C4       		.byte	-60
 874 034d 10       		.byte	16
 875 034e DC       		.byte	-36
 876 034f 80       		.byte	-128
 877 0350 E0       		.byte	-32
 878 0351 20       		.byte	32
 879 0352 EA       		.byte	-22
 880 0353 80       		.byte	-128
 881 0354 EE       		.byte	-18
 882 0355 10       		.byte	16
 883 0356 10       		.byte	16
 884 0357 40       		.byte	64
 885 0358 13       		.byte	19
 886 0359 20       		.byte	32
 887 035a 14       		.byte	20
 888 035b 80       		.byte	-128
 889 035c 1F       		.byte	31
 890 035d 80       		.byte	-128
 891 035e 78       		.byte	120
 892 035f 10       		.byte	16
 893 0360 7C       		.byte	124
 894 0361 20       		.byte	32
 895 0362 98       		.byte	-104
 896 0363 30       		.byte	48
 897 0364 AD       		.byte	-83
 898 0365 08       		.byte	8
 899 0366 C4       		.byte	-60
 900 0367 0E       		.byte	14
 901 0368 C6       		.byte	-58
 902 0369 01       		.byte	1
 903 036a DE       		.byte	-34
 904 036b 03       		.byte	3
 905 036c 78       		.byte	120
 906 036d 40       		.byte	64
 907 036e 7C       		.byte	124
 908 036f 80       		.byte	-128
 909 0370 98       		.byte	-104
 910 0371 C0       		.byte	-64
 911 0372 AB       		.byte	-85
 912 0373 20       		.byte	32
ARM GAS  C:\Users\164\AppData\Local\Temp\cc7TJLA7.s 			page 17


 913 0374 AF       		.byte	-81
 914 0375 80       		.byte	-128
 915 0376 DC       		.byte	-36
 916 0377 01       		.byte	1
 917 0378 DE       		.byte	-34
 918 0379 04       		.byte	4
 919 037a 10       		.byte	16
 920 037b 01       		.byte	1
 921 037c 1A       		.byte	26
 922 037d 01       		.byte	1
 923 037e 00       		.byte	0
 924 037f 00       		.byte	0
 925 0380 20       		.byte	32
 926 0381 30       		.byte	48
 927 0382 00       		.byte	0
 928 0383 00       		.byte	0
 929 0384 31       		.byte	49
 930 0385 00       		.byte	0
 931 0386 00       		.byte	0
 932 0387 00       		.byte	0
 933 0388 AF       		.byte	-81
 934 0389 FA       		.byte	-6
 935 038a 03       		.byte	3
 936 038b C0       		.byte	-64
 937 038c 00       		.byte	0
 938 038d 00       		.byte	0
 939 038e 00       		.byte	0
 940 038f 00       		.byte	0
 941 0390 00       		.byte	0
 942 0391 04       		.byte	4
 943 0392 00       		.byte	0
 944 0393 00       		.byte	0
 945 0394 33       		.byte	51
 946 0395 00       		.byte	0
 947 0396 0C       		.byte	12
 948 0397 40       		.byte	64
 949 0398 03       		.byte	3
 950 0399 08       		.byte	8
 951 039a 00       		.byte	0
 952 039b 00       		.byte	0
 953 039c 1F       		.byte	31
 954 039d 00       		.byte	0
 955 039e 20       		.byte	32
 956 039f 23       		.byte	35
 957 03a0 3F       		.byte	63
 958 03a1 00       		.byte	0
 959 03a2 00       		.byte	0
 960 03a3 40       		.byte	64
 961 03a4 0C       		.byte	12
 962 03a5 18       		.byte	24
 963 03a6 00       		.byte	0
 964 03a7 00       		.byte	0
 965 03a8 1C       		.byte	28
 966 03a9 27       		.byte	39
 967 03aa 23       		.byte	35
 968 03ab 18       		.byte	24
 969 03ac 00       		.byte	0
ARM GAS  C:\Users\164\AppData\Local\Temp\cc7TJLA7.s 			page 18


 970 03ad 10       		.byte	16
 971 03ae 23       		.byte	35
 972 03af 00       		.byte	0
 973 03b0 08       		.byte	8
 974 03b1 1C       		.byte	28
 975 03b2 00       		.byte	0
 976 03b3 21       		.byte	33
 977 03b4 04       		.byte	4
 978 03b5 3C       		.byte	60
 979 03b6 00       		.byte	0
 980 03b7 02       		.byte	2
 981 03b8 02       		.byte	2
 982 03b9 3F       		.byte	63
 983 03ba 00       		.byte	0
 984 03bb 00       		.byte	0
 985 03bc 01       		.byte	1
 986 03bd 00       		.byte	0
 987 03be 00       		.byte	0
 988 03bf 04       		.byte	4
 989 03c0 00       		.byte	0
 990 03c1 38       		.byte	56
 991 03c2 10       		.byte	16
 992 03c3 1F       		.byte	31
 993 03c4 0F       		.byte	15
 994 03c5 40       		.byte	64
 995 03c6 2C       		.byte	44
 996 03c7 00       		.byte	0
 997 03c8 00       		.byte	0
 998 03c9 00       		.byte	0
 999 03ca A2       		.byte	-94
 1000 03cb 08       		.byte	8
 1001 03cc 00       		.byte	0
 1002 03cd 00       		.byte	0
 1003 03ce 04       		.byte	4
 1004 03cf 10       		.byte	16
 1005 03d0 24       		.byte	36
 1006 03d1 05       		.byte	5
 1007 03d2 06       		.byte	6
 1008 03d3 00       		.byte	0
 1009 03d4 01       		.byte	1
 1010 03d5 00       		.byte	0
 1011 03d6 C0       		.byte	-64
 1012 03d7 0E       		.byte	14
 1013 03d8 18       		.byte	24
 1014 03d9 FF       		.byte	-1
 1015 03da FF       		.byte	-1
 1016 03db FF       		.byte	-1
 1017 03dc 62       		.byte	98
 1018 03dd A0       		.byte	-96
 1019 03de F0       		.byte	-16
 1020 03df 41       		.byte	65
 1021 03e0 0C       		.byte	12
 1022 03e1 00       		.byte	0
 1023 03e2 00       		.byte	0
 1024 03e3 00       		.byte	0
 1025 03e4 00       		.byte	0
 1026 03e5 00       		.byte	0
ARM GAS  C:\Users\164\AppData\Local\Temp\cc7TJLA7.s 			page 19


 1027 03e6 02       		.byte	2
 1028 03e7 12       		.byte	18
 1029 03e8 04       		.byte	4
 1030 03e9 04       		.byte	4
 1031 03ea 04       		.byte	4
 1032 03eb 04       		.byte	4
 1033 03ec 00       		.byte	0
 1034 03ed 00       		.byte	0
 1035 03ee 00       		.byte	0
 1036 03ef 01       		.byte	1
 1037 03f0 00       		.byte	0
 1038 03f1 00       		.byte	0
 1039 03f2 00       		.byte	0
 1040 03f3 00       		.byte	0
 1041 03f4 00       		.byte	0
 1042 03f5 00       		.byte	0
 1043 03f6 40       		.byte	64
 1044 03f7 02       		.byte	2
 1045 03f8 00       		.byte	0
 1046 03f9 10       		.byte	16
 1047 03fa 30       		.byte	48
 1048 03fb 10       		.byte	16
 1049 03fc 00       		.byte	0
 1050 03fd 10       		.byte	16
 1051 03fe 10       		.byte	16
 1052 03ff 12       		.byte	18
 1053 0400 00       		.byte	0
 1054 0401 00       		.byte	0
 1055 0402 00       		.byte	0
 1056 0403 00       		.byte	0
 1057 0404 00       		.byte	0
 1058 0405 00       		.byte	0
 1059 0406 00       		.byte	0
 1060 0407 00       		.byte	0
 1061 0408 00       		.byte	0
 1062 0409 00       		.byte	0
 1063 040a 00       		.byte	0
 1064 040b 00       		.byte	0
 1065 040c 00       		.byte	0
 1066 040d 00       		.byte	0
 1067 040e 00       		.byte	0
 1068 040f 00       		.byte	0
 1069 0410 00       		.byte	0
 1070 0411 00       		.byte	0
 1071 0412 00       		.byte	0
 1072 0413 00       		.byte	0
 1073 0414 00       		.byte	0
 1074 0415 00       		.byte	0
 1075 0416 0C       		.byte	12
 1076 0417 00       		.byte	0
 1077 0418 33       		.byte	51
 1078 0419 00       		.byte	0
 1079 041a 00       		.byte	0
 1080 041b 03       		.byte	3
 1081 041c 32       		.byte	50
 1082 041d 00       		.byte	0
 1083 041e 32       		.byte	50
ARM GAS  C:\Users\164\AppData\Local\Temp\cc7TJLA7.s 			page 20


 1084 041f 00       		.byte	0
 1085 0420 00       		.byte	0
 1086 0421 00       		.byte	0
 1087 0422 00       		.byte	0
 1088 0423 00       		.byte	0
 1089 0424 40       		.byte	64
 1090 0425 00       		.byte	0
 1091 0426 00       		.byte	0
 1092 0427 00       		.byte	0
 1093 0428 00       		.byte	0
 1094 0429 00       		.byte	0
 1095 042a 00       		.byte	0
 1096 042b 00       		.byte	0
 1097 042c C0       		.byte	-64
 1098 042d 00       		.byte	0
 1099 042e 00       		.byte	0
 1100 042f 00       		.byte	0
 1101 0430 00       		.byte	0
 1102 0431 0B       		.byte	11
 1103 0432 0B       		.byte	11
 1104 0433 00       		.byte	0
 1105 0434 00       		.byte	0
 1106 0435 00       		.byte	0
 1107 0436 00       		.byte	0
 1108 0437 00       		.byte	0
 1109 0438 FF       		.byte	-1
 1110 0439 FF       		.byte	-1
 1111 043a 00       		.byte	0
 1112 043b 00       		.byte	0
 1113 043c 00       		.byte	0
 1114 043d 00       		.byte	0
 1115 043e 00       		.byte	0
 1116 043f 00       		.byte	0
 1117 0440 04       		.byte	4
 1118 0441 00       		.byte	0
 1119 0442 03       		.byte	3
 1120 0443 07       		.byte	7
 1121 0444 00       		.byte	0
 1122 0445 00       		.byte	0
 1123 0446 00       		.byte	0
 1124 0447 00       		.byte	0
 1125 0448 00       		.byte	0
 1126 0449 00       		.byte	0
 1127 044a 00       		.byte	0
 1128 044b 00       		.byte	0
 1129 044c 00       		.byte	0
 1130 044d F0       		.byte	-16
 1131 044e F0       		.byte	-16
 1132 044f 00       		.byte	0
 1133 0450 00       		.byte	0
 1134 0451 00       		.byte	0
 1135 0452 00       		.byte	0
 1136 0453 00       		.byte	0
 1137 0454 17       		.byte	23
 1138 0455 00       		.byte	0
 1139 0456 18       		.byte	24
 1140 0457 01       		.byte	1
ARM GAS  C:\Users\164\AppData\Local\Temp\cc7TJLA7.s 			page 21


 1141 0458 17       		.byte	23
 1142 0459 00       		.byte	0
 1143 045a 18       		.byte	24
 1144 045b 01       		.byte	1
 1145              		.section	.cywolatch,"a",%progbits
 1146              		.align	2
 1147              		.type	cy_meta_wonvl, %object
 1148              		.size	cy_meta_wonvl, 4
 1149              	cy_meta_wonvl:
 1150 0000 BC       		.byte	-68
 1151 0001 90       		.byte	-112
 1152 0002 AC       		.byte	-84
 1153 0003 AF       		.byte	-81
 1154              		.section	.cycustnvl,"a",%progbits
 1155              		.align	2
 1156              		.type	cy_meta_custnvl, %object
 1157              		.size	cy_meta_custnvl, 4
 1158              	cy_meta_custnvl:
 1159 0000 00       		.byte	0
 1160 0001 00       		.byte	0
 1161 0002 40       		.byte	64
 1162 0003 05       		.byte	5
 1163              		.section	.cymeta,"a",%progbits
 1164              		.align	2
 1165              		.type	cy_metadata, %object
 1166              		.size	cy_metadata, 12
 1167              	cy_metadata:
 1168 0000 00       		.byte	0
 1169 0001 01       		.byte	1
 1170 0002 2E       		.byte	46
 1171 0003 16       		.byte	22
 1172 0004 00       		.byte	0
 1173 0005 69       		.byte	105
 1174 0006 00       		.byte	0
 1175 0007 01       		.byte	1
 1176 0008 00       		.byte	0
 1177 0009 00       		.byte	0
 1178 000a 00       		.byte	0
 1179 000b 00       		.byte	0
 1180              		.section	.cyflashprotect,"a",%progbits
 1181              		.align	2
 1182              		.type	cy_meta_flashprotect, %object
 1183              		.size	cy_meta_flashprotect, 256
 1184              	cy_meta_flashprotect:
 1185 0000 00000000 		.space	256
 1185      00000000 
 1185      00000000 
 1185      00000000 
 1185      00000000 
 1186              		.text
 1187              	.Letext0:
 1188              		.file 1 "c:\\program files (x86)\\cypress\\psoc creator\\4.2\\psoc creator\\import\\gnu\\arm\\5.4.
 1189              		.file 2 "c:\\program files (x86)\\cypress\\psoc creator\\4.2\\psoc creator\\import\\gnu\\arm\\5.4.
 1190              		.file 3 "Generated_Source\\PSoC5\\cymetadata.c"
 1191              		.section	.debug_info,"",%progbits
 1192              	.Ldebug_info0:
 1193 0000 32010000 		.4byte	0x132
ARM GAS  C:\Users\164\AppData\Local\Temp\cc7TJLA7.s 			page 22


 1194 0004 0400     		.2byte	0x4
 1195 0006 00000000 		.4byte	.Ldebug_abbrev0
 1196 000a 04       		.byte	0x4
 1197 000b 01       		.uleb128 0x1
 1198 000c 24000000 		.4byte	.LASF17
 1199 0010 0C       		.byte	0xc
 1200 0011 AE010000 		.4byte	.LASF18
 1201 0015 B2000000 		.4byte	.LASF19
 1202 0019 00000000 		.4byte	.Ldebug_line0
 1203 001d 02       		.uleb128 0x2
 1204 001e 01       		.byte	0x1
 1205 001f 06       		.byte	0x6
 1206 0020 A2010000 		.4byte	.LASF0
 1207 0024 03       		.uleb128 0x3
 1208 0025 00000000 		.4byte	.LASF9
 1209 0029 01       		.byte	0x1
 1210 002a 1D       		.byte	0x1d
 1211 002b 2F000000 		.4byte	0x2f
 1212 002f 02       		.uleb128 0x2
 1213 0030 01       		.byte	0x1
 1214 0031 08       		.byte	0x8
 1215 0032 16000000 		.4byte	.LASF1
 1216 0036 02       		.uleb128 0x2
 1217 0037 02       		.byte	0x2
 1218 0038 05       		.byte	0x5
 1219 0039 8F010000 		.4byte	.LASF2
 1220 003d 02       		.uleb128 0x2
 1221 003e 02       		.byte	0x2
 1222 003f 07       		.byte	0x7
 1223 0040 E2000000 		.4byte	.LASF3
 1224 0044 02       		.uleb128 0x2
 1225 0045 04       		.byte	0x4
 1226 0046 05       		.byte	0x5
 1227 0047 99010000 		.4byte	.LASF4
 1228 004b 02       		.uleb128 0x2
 1229 004c 04       		.byte	0x4
 1230 004d 07       		.byte	0x7
 1231 004e F5000000 		.4byte	.LASF5
 1232 0052 02       		.uleb128 0x2
 1233 0053 08       		.byte	0x8
 1234 0054 05       		.byte	0x5
 1235 0055 81010000 		.4byte	.LASF6
 1236 0059 02       		.uleb128 0x2
 1237 005a 08       		.byte	0x8
 1238 005b 07       		.byte	0x7
 1239 005c 36010000 		.4byte	.LASF7
 1240 0060 04       		.uleb128 0x4
 1241 0061 04       		.byte	0x4
 1242 0062 05       		.byte	0x5
 1243 0063 696E7400 		.ascii	"int\000"
 1244 0067 02       		.uleb128 0x2
 1245 0068 04       		.byte	0x4
 1246 0069 07       		.byte	0x7
 1247 006a 29010000 		.4byte	.LASF8
 1248 006e 03       		.uleb128 0x3
 1249 006f 4D010000 		.4byte	.LASF10
 1250 0073 02       		.byte	0x2
ARM GAS  C:\Users\164\AppData\Local\Temp\cc7TJLA7.s 			page 23


 1251 0074 18       		.byte	0x18
 1252 0075 24000000 		.4byte	0x24
 1253 0079 05       		.uleb128 0x5
 1254 007a 91000000 		.4byte	0x91
 1255 007e 8A000000 		.4byte	0x8a
 1256 0082 06       		.uleb128 0x6
 1257 0083 8A000000 		.4byte	0x8a
 1258 0087 5B04     		.2byte	0x45b
 1259 0089 00       		.byte	0
 1260 008a 02       		.uleb128 0x2
 1261 008b 04       		.byte	0x4
 1262 008c 07       		.byte	0x7
 1263 008d 78010000 		.4byte	.LASF11
 1264 0091 07       		.uleb128 0x7
 1265 0092 6E000000 		.4byte	0x6e
 1266 0096 08       		.uleb128 0x8
 1267 0097 17010000 		.4byte	.LASF12
 1268 009b 03       		.byte	0x3
 1269 009c 1F       		.byte	0x1f
 1270 009d A7000000 		.4byte	0xa7
 1271 00a1 05       		.uleb128 0x5
 1272 00a2 03       		.byte	0x3
 1273 00a3 00000000 		.4byte	cy_meta_configecc
 1274 00a7 07       		.uleb128 0x7
 1275 00a8 79000000 		.4byte	0x79
 1276 00ac 05       		.uleb128 0x5
 1277 00ad 91000000 		.4byte	0x91
 1278 00b1 BC000000 		.4byte	0xbc
 1279 00b5 09       		.uleb128 0x9
 1280 00b6 8A000000 		.4byte	0x8a
 1281 00ba 03       		.byte	0x3
 1282 00bb 00       		.byte	0
 1283 00bc 08       		.uleb128 0x8
 1284 00bd 07010000 		.4byte	.LASF13
 1285 00c1 03       		.byte	0x3
 1286 00c2 B8       		.byte	0xb8
 1287 00c3 CD000000 		.4byte	0xcd
 1288 00c7 05       		.uleb128 0x5
 1289 00c8 03       		.byte	0x3
 1290 00c9 00000000 		.4byte	cy_meta_custnvl
 1291 00cd 07       		.uleb128 0x7
 1292 00ce AC000000 		.4byte	0xac
 1293 00d2 08       		.uleb128 0x8
 1294 00d3 6A010000 		.4byte	.LASF14
 1295 00d7 03       		.byte	0x3
 1296 00d8 C6       		.byte	0xc6
 1297 00d9 E3000000 		.4byte	0xe3
 1298 00dd 05       		.uleb128 0x5
 1299 00de 03       		.byte	0x3
 1300 00df 00000000 		.4byte	cy_meta_wonvl
 1301 00e3 07       		.uleb128 0x7
 1302 00e4 AC000000 		.4byte	0xac
 1303 00e8 05       		.uleb128 0x5
 1304 00e9 91000000 		.4byte	0x91
 1305 00ed F8000000 		.4byte	0xf8
 1306 00f1 09       		.uleb128 0x9
 1307 00f2 8A000000 		.4byte	0x8a
ARM GAS  C:\Users\164\AppData\Local\Temp\cc7TJLA7.s 			page 24


 1308 00f6 FF       		.byte	0xff
 1309 00f7 00       		.byte	0
 1310 00f8 08       		.uleb128 0x8
 1311 00f9 55010000 		.4byte	.LASF15
 1312 00fd 03       		.byte	0x3
 1313 00fe D4       		.byte	0xd4
 1314 00ff 09010000 		.4byte	0x109
 1315 0103 05       		.uleb128 0x5
 1316 0104 03       		.byte	0x3
 1317 0105 00000000 		.4byte	cy_meta_flashprotect
 1318 0109 07       		.uleb128 0x7
 1319 010a E8000000 		.4byte	0xe8
 1320 010e 05       		.uleb128 0x5
 1321 010f 91000000 		.4byte	0x91
 1322 0113 1E010000 		.4byte	0x11e
 1323 0117 09       		.uleb128 0x9
 1324 0118 8A000000 		.4byte	0x8a
 1325 011c 0B       		.byte	0xb
 1326 011d 00       		.byte	0
 1327 011e 0A       		.uleb128 0xa
 1328 011f 0A000000 		.4byte	.LASF16
 1329 0123 03       		.byte	0x3
 1330 0124 0101     		.2byte	0x101
 1331 0126 30010000 		.4byte	0x130
 1332 012a 05       		.uleb128 0x5
 1333 012b 03       		.byte	0x3
 1334 012c 00000000 		.4byte	cy_metadata
 1335 0130 07       		.uleb128 0x7
 1336 0131 0E010000 		.4byte	0x10e
 1337 0135 00       		.byte	0
 1338              		.section	.debug_abbrev,"",%progbits
 1339              	.Ldebug_abbrev0:
 1340 0000 01       		.uleb128 0x1
 1341 0001 11       		.uleb128 0x11
 1342 0002 01       		.byte	0x1
 1343 0003 25       		.uleb128 0x25
 1344 0004 0E       		.uleb128 0xe
 1345 0005 13       		.uleb128 0x13
 1346 0006 0B       		.uleb128 0xb
 1347 0007 03       		.uleb128 0x3
 1348 0008 0E       		.uleb128 0xe
 1349 0009 1B       		.uleb128 0x1b
 1350 000a 0E       		.uleb128 0xe
 1351 000b 10       		.uleb128 0x10
 1352 000c 17       		.uleb128 0x17
 1353 000d 00       		.byte	0
 1354 000e 00       		.byte	0
 1355 000f 02       		.uleb128 0x2
 1356 0010 24       		.uleb128 0x24
 1357 0011 00       		.byte	0
 1358 0012 0B       		.uleb128 0xb
 1359 0013 0B       		.uleb128 0xb
 1360 0014 3E       		.uleb128 0x3e
 1361 0015 0B       		.uleb128 0xb
 1362 0016 03       		.uleb128 0x3
 1363 0017 0E       		.uleb128 0xe
 1364 0018 00       		.byte	0
ARM GAS  C:\Users\164\AppData\Local\Temp\cc7TJLA7.s 			page 25


 1365 0019 00       		.byte	0
 1366 001a 03       		.uleb128 0x3
 1367 001b 16       		.uleb128 0x16
 1368 001c 00       		.byte	0
 1369 001d 03       		.uleb128 0x3
 1370 001e 0E       		.uleb128 0xe
 1371 001f 3A       		.uleb128 0x3a
 1372 0020 0B       		.uleb128 0xb
 1373 0021 3B       		.uleb128 0x3b
 1374 0022 0B       		.uleb128 0xb
 1375 0023 49       		.uleb128 0x49
 1376 0024 13       		.uleb128 0x13
 1377 0025 00       		.byte	0
 1378 0026 00       		.byte	0
 1379 0027 04       		.uleb128 0x4
 1380 0028 24       		.uleb128 0x24
 1381 0029 00       		.byte	0
 1382 002a 0B       		.uleb128 0xb
 1383 002b 0B       		.uleb128 0xb
 1384 002c 3E       		.uleb128 0x3e
 1385 002d 0B       		.uleb128 0xb
 1386 002e 03       		.uleb128 0x3
 1387 002f 08       		.uleb128 0x8
 1388 0030 00       		.byte	0
 1389 0031 00       		.byte	0
 1390 0032 05       		.uleb128 0x5
 1391 0033 01       		.uleb128 0x1
 1392 0034 01       		.byte	0x1
 1393 0035 49       		.uleb128 0x49
 1394 0036 13       		.uleb128 0x13
 1395 0037 01       		.uleb128 0x1
 1396 0038 13       		.uleb128 0x13
 1397 0039 00       		.byte	0
 1398 003a 00       		.byte	0
 1399 003b 06       		.uleb128 0x6
 1400 003c 21       		.uleb128 0x21
 1401 003d 00       		.byte	0
 1402 003e 49       		.uleb128 0x49
 1403 003f 13       		.uleb128 0x13
 1404 0040 2F       		.uleb128 0x2f
 1405 0041 05       		.uleb128 0x5
 1406 0042 00       		.byte	0
 1407 0043 00       		.byte	0
 1408 0044 07       		.uleb128 0x7
 1409 0045 26       		.uleb128 0x26
 1410 0046 00       		.byte	0
 1411 0047 49       		.uleb128 0x49
 1412 0048 13       		.uleb128 0x13
 1413 0049 00       		.byte	0
 1414 004a 00       		.byte	0
 1415 004b 08       		.uleb128 0x8
 1416 004c 34       		.uleb128 0x34
 1417 004d 00       		.byte	0
 1418 004e 03       		.uleb128 0x3
 1419 004f 0E       		.uleb128 0xe
 1420 0050 3A       		.uleb128 0x3a
 1421 0051 0B       		.uleb128 0xb
ARM GAS  C:\Users\164\AppData\Local\Temp\cc7TJLA7.s 			page 26


 1422 0052 3B       		.uleb128 0x3b
 1423 0053 0B       		.uleb128 0xb
 1424 0054 49       		.uleb128 0x49
 1425 0055 13       		.uleb128 0x13
 1426 0056 3F       		.uleb128 0x3f
 1427 0057 19       		.uleb128 0x19
 1428 0058 02       		.uleb128 0x2
 1429 0059 18       		.uleb128 0x18
 1430 005a 00       		.byte	0
 1431 005b 00       		.byte	0
 1432 005c 09       		.uleb128 0x9
 1433 005d 21       		.uleb128 0x21
 1434 005e 00       		.byte	0
 1435 005f 49       		.uleb128 0x49
 1436 0060 13       		.uleb128 0x13
 1437 0061 2F       		.uleb128 0x2f
 1438 0062 0B       		.uleb128 0xb
 1439 0063 00       		.byte	0
 1440 0064 00       		.byte	0
 1441 0065 0A       		.uleb128 0xa
 1442 0066 34       		.uleb128 0x34
 1443 0067 00       		.byte	0
 1444 0068 03       		.uleb128 0x3
 1445 0069 0E       		.uleb128 0xe
 1446 006a 3A       		.uleb128 0x3a
 1447 006b 0B       		.uleb128 0xb
 1448 006c 3B       		.uleb128 0x3b
 1449 006d 05       		.uleb128 0x5
 1450 006e 49       		.uleb128 0x49
 1451 006f 13       		.uleb128 0x13
 1452 0070 3F       		.uleb128 0x3f
 1453 0071 19       		.uleb128 0x19
 1454 0072 02       		.uleb128 0x2
 1455 0073 18       		.uleb128 0x18
 1456 0074 00       		.byte	0
 1457 0075 00       		.byte	0
 1458 0076 00       		.byte	0
 1459              		.section	.debug_aranges,"",%progbits
 1460 0000 14000000 		.4byte	0x14
 1461 0004 0200     		.2byte	0x2
 1462 0006 00000000 		.4byte	.Ldebug_info0
 1463 000a 04       		.byte	0x4
 1464 000b 00       		.byte	0
 1465 000c 0000     		.2byte	0
 1466 000e 0000     		.2byte	0
 1467 0010 00000000 		.4byte	0
 1468 0014 00000000 		.4byte	0
 1469              		.section	.debug_line,"",%progbits
 1470              	.Ldebug_line0:
 1471 0000 3D010000 		.section	.debug_str,"MS",%progbits,1
 1471      02003701 
 1471      00000201 
 1471      FB0E0D00 
 1471      01010101 
 1472              	.LASF9:
 1473 0000 5F5F7569 		.ascii	"__uint8_t\000"
 1473      6E74385F 
ARM GAS  C:\Users\164\AppData\Local\Temp\cc7TJLA7.s 			page 27


 1473      7400
 1474              	.LASF16:
 1475 000a 63795F6D 		.ascii	"cy_metadata\000"
 1475      65746164 
 1475      61746100 
 1476              	.LASF1:
 1477 0016 756E7369 		.ascii	"unsigned char\000"
 1477      676E6564 
 1477      20636861 
 1477      7200
 1478              	.LASF17:
 1479 0024 474E5520 		.ascii	"GNU C11 5.4.1 20160609 (release) [ARM/embedded-5-br"
 1479      43313120 
 1479      352E342E 
 1479      31203230 
 1479      31363036 
 1480 0057 616E6368 		.ascii	"anch revision 237715] -mcpu=cortex-m3 -mthumb -g -O"
 1480      20726576 
 1480      6973696F 
 1480      6E203233 
 1480      37373135 
 1481 008a 67202D66 		.ascii	"g -ffunction-sections -ffat-lto-objects\000"
 1481      66756E63 
 1481      74696F6E 
 1481      2D736563 
 1481      74696F6E 
 1482              	.LASF19:
 1483 00b2 433A5C55 		.ascii	"C:\\Users\\164\\Desktop\\github\\mcmc\\Design01.cyd"
 1483      73657273 
 1483      5C313634 
 1483      5C446573 
 1483      6B746F70 
 1484 00df 736E00   		.ascii	"sn\000"
 1485              	.LASF3:
 1486 00e2 73686F72 		.ascii	"short unsigned int\000"
 1486      7420756E 
 1486      7369676E 
 1486      65642069 
 1486      6E7400
 1487              	.LASF5:
 1488 00f5 6C6F6E67 		.ascii	"long unsigned int\000"
 1488      20756E73 
 1488      69676E65 
 1488      6420696E 
 1488      7400
 1489              	.LASF13:
 1490 0107 63795F6D 		.ascii	"cy_meta_custnvl\000"
 1490      6574615F 
 1490      63757374 
 1490      6E766C00 
 1491              	.LASF12:
 1492 0117 63795F6D 		.ascii	"cy_meta_configecc\000"
 1492      6574615F 
 1492      636F6E66 
 1492      69676563 
 1492      6300
 1493              	.LASF8:
ARM GAS  C:\Users\164\AppData\Local\Temp\cc7TJLA7.s 			page 28


 1494 0129 756E7369 		.ascii	"unsigned int\000"
 1494      676E6564 
 1494      20696E74 
 1494      00
 1495              	.LASF7:
 1496 0136 6C6F6E67 		.ascii	"long long unsigned int\000"
 1496      206C6F6E 
 1496      6720756E 
 1496      7369676E 
 1496      65642069 
 1497              	.LASF10:
 1498 014d 75696E74 		.ascii	"uint8_t\000"
 1498      385F7400 
 1499              	.LASF15:
 1500 0155 63795F6D 		.ascii	"cy_meta_flashprotect\000"
 1500      6574615F 
 1500      666C6173 
 1500      6870726F 
 1500      74656374 
 1501              	.LASF14:
 1502 016a 63795F6D 		.ascii	"cy_meta_wonvl\000"
 1502      6574615F 
 1502      776F6E76 
 1502      6C00
 1503              	.LASF11:
 1504 0178 73697A65 		.ascii	"sizetype\000"
 1504      74797065 
 1504      00
 1505              	.LASF6:
 1506 0181 6C6F6E67 		.ascii	"long long int\000"
 1506      206C6F6E 
 1506      6720696E 
 1506      7400
 1507              	.LASF2:
 1508 018f 73686F72 		.ascii	"short int\000"
 1508      7420696E 
 1508      7400
 1509              	.LASF4:
 1510 0199 6C6F6E67 		.ascii	"long int\000"
 1510      20696E74 
 1510      00
 1511              	.LASF0:
 1512 01a2 7369676E 		.ascii	"signed char\000"
 1512      65642063 
 1512      68617200 
 1513              	.LASF18:
 1514 01ae 47656E65 		.ascii	"Generated_Source\\PSoC5\\cymetadata.c\000"
 1514      72617465 
 1514      645F536F 
 1514      75726365 
 1514      5C50536F 
 1515              		.ident	"GCC: (GNU Tools for ARM Embedded Processors) 5.4.1 20160609 (release) [ARM/embedded-5-bran
