ARM GAS  C:\Users\164\AppData\Local\Temp\cc3hUwy0.s 			page 1


   1              		.syntax unified
   2              		.cpu cortex-m3
   3              		.fpu softvfp
   4              		.eabi_attribute 20, 1
   5              		.eabi_attribute 21, 1
   6              		.eabi_attribute 23, 3
   7              		.eabi_attribute 24, 1
   8              		.eabi_attribute 25, 1
   9              		.eabi_attribute 26, 1
  10              		.eabi_attribute 30, 1
  11              		.eabi_attribute 34, 1
  12              		.eabi_attribute 18, 4
  13              		.thumb
  14              		.syntax unified
  15              		.file	"mrblib.c"
  16              		.text
  17              	.Ltext0:
  18              		.cfi_sections	.debug_frame
  19              		.global	mrblib_bytecode
  20              		.section	.rodata
  21              		.align	2
  22              		.type	mrblib_bytecode, %object
  23              		.size	mrblib_bytecode, 2042
  24              	mrblib_bytecode:
  25 0000 52       		.byte	82
  26 0001 49       		.byte	73
  27 0002 54       		.byte	84
  28 0003 45       		.byte	69
  29 0004 30       		.byte	48
  30 0005 30       		.byte	48
  31 0006 30       		.byte	48
  32 0007 34       		.byte	52
  33 0008 3B       		.byte	59
  34 0009 20       		.byte	32
  35 000a 00       		.byte	0
  36 000b 00       		.byte	0
  37 000c 07       		.byte	7
  38 000d FA       		.byte	-6
  39 000e 4D       		.byte	77
  40 000f 41       		.byte	65
  41 0010 54       		.byte	84
  42 0011 5A       		.byte	90
  43 0012 30       		.byte	48
  44 0013 30       		.byte	48
  45 0014 30       		.byte	48
  46 0015 30       		.byte	48
  47 0016 49       		.byte	73
  48 0017 52       		.byte	82
  49 0018 45       		.byte	69
  50 0019 50       		.byte	80
  51 001a 00       		.byte	0
  52 001b 00       		.byte	0
  53 001c 07       		.byte	7
  54 001d 57       		.byte	87
  55 001e 30       		.byte	48
  56 001f 30       		.byte	48
  57 0020 30       		.byte	48
ARM GAS  C:\Users\164\AppData\Local\Temp\cc3hUwy0.s 			page 2


  58 0021 30       		.byte	48
  59 0022 00       		.byte	0
  60 0023 00       		.byte	0
  61 0024 00       		.byte	0
  62 0025 99       		.byte	-103
  63 0026 00       		.byte	0
  64 0027 01       		.byte	1
  65 0028 00       		.byte	0
  66 0029 03       		.byte	3
  67 002a 00       		.byte	0
  68 002b 05       		.byte	5
  69 002c 00       		.byte	0
  70 002d 00       		.byte	0
  71 002e 00       		.byte	0
  72 002f 15       		.byte	21
  73 0030 00       		.byte	0
  74 0031 80       		.byte	-128
  75 0032 00       		.byte	0
  76 0033 05       		.byte	5
  77 0034 01       		.byte	1
  78 0035 00       		.byte	0
  79 0036 00       		.byte	0
  80 0037 05       		.byte	5
  81 0038 00       		.byte	0
  82 0039 80       		.byte	-128
  83 003a 00       		.byte	0
  84 003b 43       		.byte	67
  85 003c 00       		.byte	0
  86 003d 80       		.byte	-128
  87 003e 00       		.byte	0
  88 003f 45       		.byte	69
  89 0040 00       		.byte	0
  90 0041 80       		.byte	-128
  91 0042 00       		.byte	0
  92 0043 05       		.byte	5
  93 0044 01       		.byte	1
  94 0045 00       		.byte	0
  95 0046 00       		.byte	0
  96 0047 05       		.byte	5
  97 0048 00       		.byte	0
  98 0049 80       		.byte	-128
  99 004a 40       		.byte	64
 100 004b 43       		.byte	67
 101 004c 00       		.byte	0
 102 004d 80       		.byte	-128
 103 004e 00       		.byte	0
 104 004f C5       		.byte	-59
 105 0050 00       		.byte	0
 106 0051 80       		.byte	-128
 107 0052 00       		.byte	0
 108 0053 05       		.byte	5
 109 0054 01       		.byte	1
 110 0055 00       		.byte	0
 111 0056 00       		.byte	0
 112 0057 05       		.byte	5
 113 0058 00       		.byte	0
 114 0059 80       		.byte	-128
ARM GAS  C:\Users\164\AppData\Local\Temp\cc3hUwy0.s 			page 3


 115 005a 80       		.byte	-128
 116 005b 43       		.byte	67
 117 005c 00       		.byte	0
 118 005d 80       		.byte	-128
 119 005e 01       		.byte	1
 120 005f 45       		.byte	69
 121 0060 00       		.byte	0
 122 0061 80       		.byte	-128
 123 0062 00       		.byte	0
 124 0063 05       		.byte	5
 125 0064 01       		.byte	1
 126 0065 00       		.byte	0
 127 0066 00       		.byte	0
 128 0067 05       		.byte	5
 129 0068 00       		.byte	0
 130 0069 80       		.byte	-128
 131 006a C0       		.byte	-64
 132 006b 43       		.byte	67
 133 006c 00       		.byte	0
 134 006d 80       		.byte	-128
 135 006e 01       		.byte	1
 136 006f C5       		.byte	-59
 137 0070 00       		.byte	0
 138 0071 80       		.byte	-128
 139 0072 00       		.byte	0
 140 0073 05       		.byte	5
 141 0074 01       		.byte	1
 142 0075 00       		.byte	0
 143 0076 00       		.byte	0
 144 0077 05       		.byte	5
 145 0078 00       		.byte	0
 146 0079 81       		.byte	-127
 147 007a 00       		.byte	0
 148 007b 43       		.byte	67
 149 007c 00       		.byte	0
 150 007d 80       		.byte	-128
 151 007e 02       		.byte	2
 152 007f 45       		.byte	69
 153 0080 00       		.byte	0
 154 0081 00       		.byte	0
 155 0082 00       		.byte	0
 156 0083 4A       		.byte	74
 157 0084 00       		.byte	0
 158 0085 00       		.byte	0
 159 0086 00       		.byte	0
 160 0087 00       		.byte	0
 161 0088 00       		.byte	0
 162 0089 00       		.byte	0
 163 008a 00       		.byte	0
 164 008b 05       		.byte	5
 165 008c 00       		.byte	0
 166 008d 05       		.byte	5
 167 008e 41       		.byte	65
 168 008f 72       		.byte	114
 169 0090 72       		.byte	114
 170 0091 61       		.byte	97
 171 0092 79       		.byte	121
ARM GAS  C:\Users\164\AppData\Local\Temp\cc3hUwy0.s 			page 4


 172 0093 00       		.byte	0
 173 0094 00       		.byte	0
 174 0095 06       		.byte	6
 175 0096 46       		.byte	70
 176 0097 69       		.byte	105
 177 0098 78       		.byte	120
 178 0099 6E       		.byte	110
 179 009a 75       		.byte	117
 180 009b 6D       		.byte	109
 181 009c 00       		.byte	0
 182 009d 00       		.byte	0
 183 009e 06       		.byte	6
 184 009f 4F       		.byte	79
 185 00a0 62       		.byte	98
 186 00a1 6A       		.byte	106
 187 00a2 65       		.byte	101
 188 00a3 63       		.byte	99
 189 00a4 74       		.byte	116
 190 00a5 00       		.byte	0
 191 00a6 00       		.byte	0
 192 00a7 05       		.byte	5
 193 00a8 52       		.byte	82
 194 00a9 61       		.byte	97
 195 00aa 6E       		.byte	110
 196 00ab 67       		.byte	103
 197 00ac 65       		.byte	101
 198 00ad 00       		.byte	0
 199 00ae 00       		.byte	0
 200 00af 06       		.byte	6
 201 00b0 53       		.byte	83
 202 00b1 74       		.byte	116
 203 00b2 72       		.byte	114
 204 00b3 69       		.byte	105
 205 00b4 6E       		.byte	110
 206 00b5 67       		.byte	103
 207 00b6 00       		.byte	0
 208 00b7 00       		.byte	0
 209 00b8 00       		.byte	0
 210 00b9 00       		.byte	0
 211 00ba 99       		.byte	-103
 212 00bb 00       		.byte	0
 213 00bc 01       		.byte	1
 214 00bd 00       		.byte	0
 215 00be 03       		.byte	3
 216 00bf 00       		.byte	0
 217 00c0 05       		.byte	5
 218 00c1 00       		.byte	0
 219 00c2 00       		.byte	0
 220 00c3 00       		.byte	0
 221 00c4 11       		.byte	17
 222 00c5 00       		.byte	0
 223 00c6 00       		.byte	0
 224 00c7 00       		.byte	0
 225 00c8 00       		.byte	0
 226 00c9 80       		.byte	-128
 227 00ca 00       		.byte	0
 228 00cb 48       		.byte	72
ARM GAS  C:\Users\164\AppData\Local\Temp\cc3hUwy0.s 			page 5


 229 00cc 01       		.byte	1
 230 00cd 00       		.byte	0
 231 00ce 00       		.byte	0
 232 00cf C0       		.byte	-64
 233 00d0 00       		.byte	0
 234 00d1 80       		.byte	-128
 235 00d2 00       		.byte	0
 236 00d3 46       		.byte	70
 237 00d4 00       		.byte	0
 238 00d5 80       		.byte	-128
 239 00d6 00       		.byte	0
 240 00d7 48       		.byte	72
 241 00d8 01       		.byte	1
 242 00d9 00       		.byte	0
 243 00da 02       		.byte	2
 244 00db C0       		.byte	-64
 245 00dc 00       		.byte	0
 246 00dd 80       		.byte	-128
 247 00de 40       		.byte	64
 248 00df 46       		.byte	70
 249 00e0 00       		.byte	0
 250 00e1 80       		.byte	-128
 251 00e2 00       		.byte	0
 252 00e3 48       		.byte	72
 253 00e4 01       		.byte	1
 254 00e5 00       		.byte	0
 255 00e6 04       		.byte	4
 256 00e7 C0       		.byte	-64
 257 00e8 00       		.byte	0
 258 00e9 80       		.byte	-128
 259 00ea 80       		.byte	-128
 260 00eb 46       		.byte	70
 261 00ec 00       		.byte	0
 262 00ed 80       		.byte	-128
 263 00ee 00       		.byte	0
 264 00ef 48       		.byte	72
 265 00f0 01       		.byte	1
 266 00f1 00       		.byte	0
 267 00f2 06       		.byte	6
 268 00f3 C0       		.byte	-64
 269 00f4 00       		.byte	0
 270 00f5 80       		.byte	-128
 271 00f6 C0       		.byte	-64
 272 00f7 46       		.byte	70
 273 00f8 00       		.byte	0
 274 00f9 80       		.byte	-128
 275 00fa 00       		.byte	0
 276 00fb 48       		.byte	72
 277 00fc 01       		.byte	1
 278 00fd 00       		.byte	0
 279 00fe 08       		.byte	8
 280 00ff C0       		.byte	-64
 281 0100 00       		.byte	0
 282 0101 81       		.byte	-127
 283 0102 00       		.byte	0
 284 0103 46       		.byte	70
 285 0104 00       		.byte	0
ARM GAS  C:\Users\164\AppData\Local\Temp\cc3hUwy0.s 			page 6


 286 0105 80       		.byte	-128
 287 0106 02       		.byte	2
 288 0107 04       		.byte	4
 289 0108 00       		.byte	0
 290 0109 00       		.byte	0
 291 010a 00       		.byte	0
 292 010b 29       		.byte	41
 293 010c 00       		.byte	0
 294 010d 00       		.byte	0
 295 010e 00       		.byte	0
 296 010f 00       		.byte	0
 297 0110 00       		.byte	0
 298 0111 00       		.byte	0
 299 0112 00       		.byte	0
 300 0113 05       		.byte	5
 301 0114 00       		.byte	0
 302 0115 04       		.byte	4
 303 0116 65       		.byte	101
 304 0117 61       		.byte	97
 305 0118 63       		.byte	99
 306 0119 68       		.byte	104
 307 011a 00       		.byte	0
 308 011b 00       		.byte	0
 309 011c 0A       		.byte	10
 310 011d 65       		.byte	101
 311 011e 61       		.byte	97
 312 011f 63       		.byte	99
 313 0120 68       		.byte	104
 314 0121 5F       		.byte	95
 315 0122 69       		.byte	105
 316 0123 6E       		.byte	110
 317 0124 64       		.byte	100
 318 0125 65       		.byte	101
 319 0126 78       		.byte	120
 320 0127 00       		.byte	0
 321 0128 00       		.byte	0
 322 0129 0F       		.byte	15
 323 012a 65       		.byte	101
 324 012b 61       		.byte	97
 325 012c 63       		.byte	99
 326 012d 68       		.byte	104
 327 012e 5F       		.byte	95
 328 012f 77       		.byte	119
 329 0130 69       		.byte	105
 330 0131 74       		.byte	116
 331 0132 68       		.byte	104
 332 0133 5F       		.byte	95
 333 0134 69       		.byte	105
 334 0135 6E       		.byte	110
 335 0136 64       		.byte	100
 336 0137 65       		.byte	101
 337 0138 78       		.byte	120
 338 0139 00       		.byte	0
 339 013a 00       		.byte	0
 340 013b 07       		.byte	7
 341 013c 63       		.byte	99
 342 013d 6F       		.byte	111
ARM GAS  C:\Users\164\AppData\Local\Temp\cc3hUwy0.s 			page 7


 343 013e 6C       		.byte	108
 344 013f 6C       		.byte	108
 345 0140 65       		.byte	101
 346 0141 63       		.byte	99
 347 0142 74       		.byte	116
 348 0143 00       		.byte	0
 349 0144 00       		.byte	0
 350 0145 08       		.byte	8
 351 0146 63       		.byte	99
 352 0147 6F       		.byte	111
 353 0148 6C       		.byte	108
 354 0149 6C       		.byte	108
 355 014a 65       		.byte	101
 356 014b 63       		.byte	99
 357 014c 74       		.byte	116
 358 014d 21       		.byte	33
 359 014e 00       		.byte	0
 360 014f 00       		.byte	0
 361 0150 00       		.byte	0
 362 0151 00       		.byte	0
 363 0152 7F       		.byte	127
 364 0153 00       		.byte	0
 365 0154 03       		.byte	3
 366 0155 00       		.byte	0
 367 0156 07       		.byte	7
 368 0157 00       		.byte	0
 369 0158 00       		.byte	0
 370 0159 00       		.byte	0
 371 015a 00       		.byte	0
 372 015b 00       		.byte	0
 373 015c 12       		.byte	18
 374 015d 00       		.byte	0
 375 015e 00       		.byte	0
 376 015f 00       		.byte	0
 377 0160 00       		.byte	0
 378 0161 00       		.byte	0
 379 0162 00       		.byte	0
 380 0163 26       		.byte	38
 381 0164 01       		.byte	1
 382 0165 3F       		.byte	63
 383 0166 FF       		.byte	-1
 384 0167 83       		.byte	-125
 385 0168 00       		.byte	0
 386 0169 40       		.byte	64
 387 016a 04       		.byte	4
 388 016b 17       		.byte	23
 389 016c 02       		.byte	2
 390 016d 00       		.byte	0
 391 016e 00       		.byte	0
 392 016f 06       		.byte	6
 393 0170 02       		.byte	2
 394 0171 80       		.byte	-128
 395 0172 80       		.byte	-128
 396 0173 01       		.byte	1
 397 0174 02       		.byte	2
 398 0175 00       		.byte	0
 399 0176 00       		.byte	0
ARM GAS  C:\Users\164\AppData\Local\Temp\cc3hUwy0.s 			page 8


 400 0177 A0       		.byte	-96
 401 0178 01       		.byte	1
 402 0179 80       		.byte	-128
 403 017a 00       		.byte	0
 404 017b 2B       		.byte	43
 405 017c 01       		.byte	1
 406 017d 80       		.byte	-128
 407 017e 40       		.byte	64
 408 017f A0       		.byte	-96
 409 0180 01       		.byte	1
 410 0181 80       		.byte	-128
 411 0182 80       		.byte	-128
 412 0183 01       		.byte	1
 413 0184 01       		.byte	1
 414 0185 80       		.byte	-128
 415 0186 80       		.byte	-128
 416 0187 AD       		.byte	-83
 417 0188 01       		.byte	1
 418 0189 00       		.byte	0
 419 018a C0       		.byte	-64
 420 018b 01       		.byte	1
 421 018c 01       		.byte	1
 422 018d 80       		.byte	-128
 423 018e 80       		.byte	-128
 424 018f 01       		.byte	1
 425 0190 02       		.byte	2
 426 0191 00       		.byte	0
 427 0192 00       		.byte	0
 428 0193 06       		.byte	6
 429 0194 02       		.byte	2
 430 0195 01       		.byte	1
 431 0196 00       		.byte	0
 432 0197 20       		.byte	32
 433 0198 01       		.byte	1
 434 0199 80       		.byte	-128
 435 019a C0       		.byte	-64
 436 019b B3       		.byte	-77
 437 019c 01       		.byte	1
 438 019d BF       		.byte	-65
 439 019e F9       		.byte	-7
 440 019f 98       		.byte	-104
 441 01a0 01       		.byte	1
 442 01a1 80       		.byte	-128
 443 01a2 00       		.byte	0
 444 01a3 06       		.byte	6
 445 01a4 01       		.byte	1
 446 01a5 80       		.byte	-128
 447 01a6 00       		.byte	0
 448 01a7 29       		.byte	41
 449 01a8 00       		.byte	0
 450 01a9 00       		.byte	0
 451 01aa 00       		.byte	0
 452 01ab 00       		.byte	0
 453 01ac 00       		.byte	0
 454 01ad 00       		.byte	0
 455 01ae 00       		.byte	0
 456 01af 05       		.byte	5
ARM GAS  C:\Users\164\AppData\Local\Temp\cc3hUwy0.s 			page 9


 457 01b0 00       		.byte	0
 458 01b1 02       		.byte	2
 459 01b2 5B       		.byte	91
 460 01b3 5D       		.byte	93
 461 01b4 00       		.byte	0
 462 01b5 00       		.byte	0
 463 01b6 04       		.byte	4
 464 01b7 63       		.byte	99
 465 01b8 61       		.byte	97
 466 01b9 6C       		.byte	108
 467 01ba 6C       		.byte	108
 468 01bb 00       		.byte	0
 469 01bc 00       		.byte	0
 470 01bd 01       		.byte	1
 471 01be 2B       		.byte	43
 472 01bf 00       		.byte	0
 473 01c0 00       		.byte	0
 474 01c1 01       		.byte	1
 475 01c2 3C       		.byte	60
 476 01c3 00       		.byte	0
 477 01c4 00       		.byte	0
 478 01c5 06       		.byte	6
 479 01c6 6C       		.byte	108
 480 01c7 65       		.byte	101
 481 01c8 6E       		.byte	110
 482 01c9 67       		.byte	103
 483 01ca 74       		.byte	116
 484 01cb 68       		.byte	104
 485 01cc 00       		.byte	0
 486 01cd 00       		.byte	0
 487 01ce 00       		.byte	0
 488 01cf 00       		.byte	0
 489 01d0 72       		.byte	114
 490 01d1 00       		.byte	0
 491 01d2 03       		.byte	3
 492 01d3 00       		.byte	0
 493 01d4 06       		.byte	6
 494 01d5 00       		.byte	0
 495 01d6 00       		.byte	0
 496 01d7 00       		.byte	0
 497 01d8 00       		.byte	0
 498 01d9 00       		.byte	0
 499 01da 10       		.byte	16
 500 01db 00       		.byte	0
 501 01dc 00       		.byte	0
 502 01dd 00       		.byte	0
 503 01de 00       		.byte	0
 504 01df 26       		.byte	38
 505 01e0 01       		.byte	1
 506 01e1 3F       		.byte	63
 507 01e2 FF       		.byte	-1
 508 01e3 83       		.byte	-125
 509 01e4 00       		.byte	0
 510 01e5 40       		.byte	64
 511 01e6 03       		.byte	3
 512 01e7 17       		.byte	23
 513 01e8 02       		.byte	2
ARM GAS  C:\Users\164\AppData\Local\Temp\cc3hUwy0.s 			page 10


 514 01e9 00       		.byte	0
 515 01ea 80       		.byte	-128
 516 01eb 01       		.byte	1
 517 01ec 01       		.byte	1
 518 01ed 80       		.byte	-128
 519 01ee 00       		.byte	0
 520 01ef 2B       		.byte	43
 521 01f0 01       		.byte	1
 522 01f1 80       		.byte	-128
 523 01f2 00       		.byte	0
 524 01f3 A0       		.byte	-96
 525 01f4 01       		.byte	1
 526 01f5 80       		.byte	-128
 527 01f6 80       		.byte	-128
 528 01f7 01       		.byte	1
 529 01f8 01       		.byte	1
 530 01f9 80       		.byte	-128
 531 01fa 40       		.byte	64
 532 01fb AD       		.byte	-83
 533 01fc 01       		.byte	1
 534 01fd 00       		.byte	0
 535 01fe C0       		.byte	-64
 536 01ff 01       		.byte	1
 537 0200 01       		.byte	1
 538 0201 80       		.byte	-128
 539 0202 80       		.byte	-128
 540 0203 01       		.byte	1
 541 0204 02       		.byte	2
 542 0205 00       		.byte	0
 543 0206 00       		.byte	0
 544 0207 06       		.byte	6
 545 0208 02       		.byte	2
 546 0209 00       		.byte	0
 547 020a C0       		.byte	-64
 548 020b 20       		.byte	32
 549 020c 01       		.byte	1
 550 020d 80       		.byte	-128
 551 020e 80       		.byte	-128
 552 020f B3       		.byte	-77
 553 0210 01       		.byte	1
 554 0211 BF       		.byte	-65
 555 0212 FA       		.byte	-6
 556 0213 98       		.byte	-104
 557 0214 01       		.byte	1
 558 0215 80       		.byte	-128
 559 0216 00       		.byte	0
 560 0217 06       		.byte	6
 561 0218 01       		.byte	1
 562 0219 80       		.byte	-128
 563 021a 00       		.byte	0
 564 021b 29       		.byte	41
 565 021c 00       		.byte	0
 566 021d 00       		.byte	0
 567 021e 00       		.byte	0
 568 021f 00       		.byte	0
 569 0220 00       		.byte	0
 570 0221 00       		.byte	0
ARM GAS  C:\Users\164\AppData\Local\Temp\cc3hUwy0.s 			page 11


 571 0222 00       		.byte	0
 572 0223 04       		.byte	4
 573 0224 00       		.byte	0
 574 0225 04       		.byte	4
 575 0226 63       		.byte	99
 576 0227 61       		.byte	97
 577 0228 6C       		.byte	108
 578 0229 6C       		.byte	108
 579 022a 00       		.byte	0
 580 022b 00       		.byte	0
 581 022c 01       		.byte	1
 582 022d 2B       		.byte	43
 583 022e 00       		.byte	0
 584 022f 00       		.byte	0
 585 0230 01       		.byte	1
 586 0231 3C       		.byte	60
 587 0232 00       		.byte	0
 588 0233 00       		.byte	0
 589 0234 06       		.byte	6
 590 0235 6C       		.byte	108
 591 0236 65       		.byte	101
 592 0237 6E       		.byte	110
 593 0238 67       		.byte	103
 594 0239 74       		.byte	116
 595 023a 68       		.byte	104
 596 023b 00       		.byte	0
 597 023c 00       		.byte	0
 598 023d 00       		.byte	0
 599 023e 00       		.byte	0
 600 023f 83       		.byte	-125
 601 0240 00       		.byte	0
 602 0241 03       		.byte	3
 603 0242 00       		.byte	0
 604 0243 07       		.byte	7
 605 0244 00       		.byte	0
 606 0245 00       		.byte	0
 607 0246 00       		.byte	0
 608 0247 00       		.byte	0
 609 0248 00       		.byte	0
 610 0249 13       		.byte	19
 611 024a 00       		.byte	0
 612 024b 00       		.byte	0
 613 024c 00       		.byte	0
 614 024d 00       		.byte	0
 615 024e 00       		.byte	0
 616 024f 26       		.byte	38
 617 0250 01       		.byte	1
 618 0251 3F       		.byte	63
 619 0252 FF       		.byte	-1
 620 0253 83       		.byte	-125
 621 0254 00       		.byte	0
 622 0255 40       		.byte	64
 623 0256 04       		.byte	4
 624 0257 97       		.byte	-105
 625 0258 02       		.byte	2
 626 0259 00       		.byte	0
 627 025a 00       		.byte	0
ARM GAS  C:\Users\164\AppData\Local\Temp\cc3hUwy0.s 			page 12


 628 025b 06       		.byte	6
 629 025c 02       		.byte	2
 630 025d 80       		.byte	-128
 631 025e 80       		.byte	-128
 632 025f 01       		.byte	1
 633 0260 02       		.byte	2
 634 0261 00       		.byte	0
 635 0262 00       		.byte	0
 636 0263 A0       		.byte	-96
 637 0264 02       		.byte	2
 638 0265 80       		.byte	-128
 639 0266 80       		.byte	-128
 640 0267 01       		.byte	1
 641 0268 01       		.byte	1
 642 0269 80       		.byte	-128
 643 026a 00       		.byte	0
 644 026b 2B       		.byte	43
 645 026c 01       		.byte	1
 646 026d 80       		.byte	-128
 647 026e 41       		.byte	65
 648 026f 20       		.byte	32
 649 0270 01       		.byte	1
 650 0271 80       		.byte	-128
 651 0272 80       		.byte	-128
 652 0273 01       		.byte	1
 653 0274 01       		.byte	1
 654 0275 80       		.byte	-128
 655 0276 80       		.byte	-128
 656 0277 AD       		.byte	-83
 657 0278 01       		.byte	1
 658 0279 00       		.byte	0
 659 027a C0       		.byte	-64
 660 027b 01       		.byte	1
 661 027c 01       		.byte	1
 662 027d 80       		.byte	-128
 663 027e 80       		.byte	-128
 664 027f 01       		.byte	1
 665 0280 02       		.byte	2
 666 0281 00       		.byte	0
 667 0282 00       		.byte	0
 668 0283 06       		.byte	6
 669 0284 02       		.byte	2
 670 0285 01       		.byte	1
 671 0286 00       		.byte	0
 672 0287 20       		.byte	32
 673 0288 01       		.byte	1
 674 0289 80       		.byte	-128
 675 028a C0       		.byte	-64
 676 028b B3       		.byte	-77
 677 028c 01       		.byte	1
 678 028d BF       		.byte	-65
 679 028e F9       		.byte	-7
 680 028f 18       		.byte	24
 681 0290 01       		.byte	1
 682 0291 80       		.byte	-128
 683 0292 00       		.byte	0
 684 0293 06       		.byte	6
ARM GAS  C:\Users\164\AppData\Local\Temp\cc3hUwy0.s 			page 13


 685 0294 01       		.byte	1
 686 0295 80       		.byte	-128
 687 0296 00       		.byte	0
 688 0297 29       		.byte	41
 689 0298 00       		.byte	0
 690 0299 00       		.byte	0
 691 029a 00       		.byte	0
 692 029b 00       		.byte	0
 693 029c 00       		.byte	0
 694 029d 00       		.byte	0
 695 029e 00       		.byte	0
 696 029f 05       		.byte	5
 697 02a0 00       		.byte	0
 698 02a1 02       		.byte	2
 699 02a2 5B       		.byte	91
 700 02a3 5D       		.byte	93
 701 02a4 00       		.byte	0
 702 02a5 00       		.byte	0
 703 02a6 04       		.byte	4
 704 02a7 63       		.byte	99
 705 02a8 61       		.byte	97
 706 02a9 6C       		.byte	108
 707 02aa 6C       		.byte	108
 708 02ab 00       		.byte	0
 709 02ac 00       		.byte	0
 710 02ad 01       		.byte	1
 711 02ae 2B       		.byte	43
 712 02af 00       		.byte	0
 713 02b0 00       		.byte	0
 714 02b1 01       		.byte	1
 715 02b2 3C       		.byte	60
 716 02b3 00       		.byte	0
 717 02b4 00       		.byte	0
 718 02b5 06       		.byte	6
 719 02b6 6C       		.byte	108
 720 02b7 65       		.byte	101
 721 02b8 6E       		.byte	110
 722 02b9 67       		.byte	103
 723 02ba 74       		.byte	116
 724 02bb 68       		.byte	104
 725 02bc 00       		.byte	0
 726 02bd 00       		.byte	0
 727 02be 00       		.byte	0
 728 02bf 00       		.byte	0
 729 02c0 95       		.byte	-107
 730 02c1 00       		.byte	0
 731 02c2 04       		.byte	4
 732 02c3 00       		.byte	0
 733 02c4 09       		.byte	9
 734 02c5 00       		.byte	0
 735 02c6 00       		.byte	0
 736 02c7 00       		.byte	0
 737 02c8 00       		.byte	0
 738 02c9 00       		.byte	0
 739 02ca 16       		.byte	22
 740 02cb 00       		.byte	0
 741 02cc 00       		.byte	0
ARM GAS  C:\Users\164\AppData\Local\Temp\cc3hUwy0.s 			page 14


 742 02cd 00       		.byte	0
 743 02ce 00       		.byte	0
 744 02cf 26       		.byte	38
 745 02d0 01       		.byte	1
 746 02d1 3F       		.byte	63
 747 02d2 FF       		.byte	-1
 748 02d3 83       		.byte	-125
 749 02d4 01       		.byte	1
 750 02d5 81       		.byte	-127
 751 02d6 00       		.byte	0
 752 02d7 37       		.byte	55
 753 02d8 00       		.byte	0
 754 02d9 40       		.byte	64
 755 02da 06       		.byte	6
 756 02db 17       		.byte	23
 757 02dc 02       		.byte	2
 758 02dd 80       		.byte	-128
 759 02de 00       		.byte	0
 760 02df 06       		.byte	6
 761 02e0 03       		.byte	3
 762 02e1 00       		.byte	0
 763 02e2 80       		.byte	-128
 764 02e3 01       		.byte	1
 765 02e4 02       		.byte	2
 766 02e5 80       		.byte	-128
 767 02e6 00       		.byte	0
 768 02e7 A0       		.byte	-96
 769 02e8 02       		.byte	2
 770 02e9 00       		.byte	0
 771 02ea 00       		.byte	0
 772 02eb 2B       		.byte	43
 773 02ec 02       		.byte	2
 774 02ed 00       		.byte	0
 775 02ee 40       		.byte	64
 776 02ef A0       		.byte	-96
 777 02f0 02       		.byte	2
 778 02f1 80       		.byte	-128
 779 02f2 C0       		.byte	-64
 780 02f3 01       		.byte	1
 781 02f4 03       		.byte	3
 782 02f5 00       		.byte	0
 783 02f6 80       		.byte	-128
 784 02f7 01       		.byte	1
 785 02f8 03       		.byte	3
 786 02f9 81       		.byte	-127
 787 02fa 00       		.byte	0
 788 02fb 01       		.byte	1
 789 02fc 02       		.byte	2
 790 02fd 80       		.byte	-128
 791 02fe 81       		.byte	-127
 792 02ff 20       		.byte	32
 793 0300 02       		.byte	2
 794 0301 00       		.byte	0
 795 0302 80       		.byte	-128
 796 0303 01       		.byte	1
 797 0304 02       		.byte	2
 798 0305 00       		.byte	0
ARM GAS  C:\Users\164\AppData\Local\Temp\cc3hUwy0.s 			page 15


 799 0306 C0       		.byte	-64
 800 0307 AD       		.byte	-83
 801 0308 01       		.byte	1
 802 0309 01       		.byte	1
 803 030a 00       		.byte	0
 804 030b 01       		.byte	1
 805 030c 02       		.byte	2
 806 030d 00       		.byte	0
 807 030e 80       		.byte	-128
 808 030f 01       		.byte	1
 809 0310 02       		.byte	2
 810 0311 80       		.byte	-128
 811 0312 00       		.byte	0
 812 0313 06       		.byte	6
 813 0314 02       		.byte	2
 814 0315 81       		.byte	-127
 815 0316 40       		.byte	64
 816 0317 20       		.byte	32
 817 0318 02       		.byte	2
 818 0319 01       		.byte	1
 819 031a 00       		.byte	0
 820 031b B3       		.byte	-77
 821 031c 02       		.byte	2
 822 031d 3F       		.byte	63
 823 031e F7       		.byte	-9
 824 031f 98       		.byte	-104
 825 0320 01       		.byte	1
 826 0321 80       		.byte	-128
 827 0322 00       		.byte	0
 828 0323 29       		.byte	41
 829 0324 00       		.byte	0
 830 0325 00       		.byte	0
 831 0326 00       		.byte	0
 832 0327 00       		.byte	0
 833 0328 00       		.byte	0
 834 0329 00       		.byte	0
 835 032a 00       		.byte	0
 836 032b 06       		.byte	6
 837 032c 00       		.byte	0
 838 032d 02       		.byte	2
 839 032e 5B       		.byte	91
 840 032f 5D       		.byte	93
 841 0330 00       		.byte	0
 842 0331 00       		.byte	0
 843 0332 04       		.byte	4
 844 0333 63       		.byte	99
 845 0334 61       		.byte	97
 846 0335 6C       		.byte	108
 847 0336 6C       		.byte	108
 848 0337 00       		.byte	0
 849 0338 00       		.byte	0
 850 0339 03       		.byte	3
 851 033a 5B       		.byte	91
 852 033b 5D       		.byte	93
 853 033c 3D       		.byte	61
 854 033d 00       		.byte	0
 855 033e 00       		.byte	0
ARM GAS  C:\Users\164\AppData\Local\Temp\cc3hUwy0.s 			page 16


 856 033f 01       		.byte	1
 857 0340 2B       		.byte	43
 858 0341 00       		.byte	0
 859 0342 00       		.byte	0
 860 0343 01       		.byte	1
 861 0344 3C       		.byte	60
 862 0345 00       		.byte	0
 863 0346 00       		.byte	0
 864 0347 06       		.byte	6
 865 0348 6C       		.byte	108
 866 0349 65       		.byte	101
 867 034a 6E       		.byte	110
 868 034b 67       		.byte	103
 869 034c 74       		.byte	116
 870 034d 68       		.byte	104
 871 034e 00       		.byte	0
 872 034f 00       		.byte	0
 873 0350 00       		.byte	0
 874 0351 00       		.byte	0
 875 0352 95       		.byte	-107
 876 0353 00       		.byte	0
 877 0354 03       		.byte	3
 878 0355 00       		.byte	0
 879 0356 08       		.byte	8
 880 0357 00       		.byte	0
 881 0358 00       		.byte	0
 882 0359 00       		.byte	0
 883 035a 00       		.byte	0
 884 035b 00       		.byte	0
 885 035c 16       		.byte	22
 886 035d 00       		.byte	0
 887 035e 00       		.byte	0
 888 035f 00       		.byte	0
 889 0360 00       		.byte	0
 890 0361 00       		.byte	0
 891 0362 00       		.byte	0
 892 0363 26       		.byte	38
 893 0364 01       		.byte	1
 894 0365 3F       		.byte	63
 895 0366 FF       		.byte	-1
 896 0367 83       		.byte	-125
 897 0368 00       		.byte	0
 898 0369 40       		.byte	64
 899 036a 06       		.byte	6
 900 036b 17       		.byte	23
 901 036c 02       		.byte	2
 902 036d 00       		.byte	0
 903 036e 00       		.byte	0
 904 036f 06       		.byte	6
 905 0370 02       		.byte	2
 906 0371 80       		.byte	-128
 907 0372 80       		.byte	-128
 908 0373 01       		.byte	1
 909 0374 02       		.byte	2
 910 0375 00       		.byte	0
 911 0376 00       		.byte	0
 912 0377 A0       		.byte	-96
ARM GAS  C:\Users\164\AppData\Local\Temp\cc3hUwy0.s 			page 17


 913 0378 01       		.byte	1
 914 0379 80       		.byte	-128
 915 037a 00       		.byte	0
 916 037b 2B       		.byte	43
 917 037c 01       		.byte	1
 918 037d 80       		.byte	-128
 919 037e 40       		.byte	64
 920 037f A0       		.byte	-96
 921 0380 02       		.byte	2
 922 0381 00       		.byte	0
 923 0382 00       		.byte	0
 924 0383 06       		.byte	6
 925 0384 02       		.byte	2
 926 0385 80       		.byte	-128
 927 0386 80       		.byte	-128
 928 0387 01       		.byte	1
 929 0388 03       		.byte	3
 930 0389 00       		.byte	0
 931 038a C0       		.byte	-64
 932 038b 01       		.byte	1
 933 038c 02       		.byte	2
 934 038d 00       		.byte	0
 935 038e 81       		.byte	-127
 936 038f 20       		.byte	32
 937 0390 01       		.byte	1
 938 0391 80       		.byte	-128
 939 0392 80       		.byte	-128
 940 0393 01       		.byte	1
 941 0394 01       		.byte	1
 942 0395 80       		.byte	-128
 943 0396 C0       		.byte	-64
 944 0397 AD       		.byte	-83
 945 0398 01       		.byte	1
 946 0399 00       		.byte	0
 947 039a C0       		.byte	-64
 948 039b 01       		.byte	1
 949 039c 01       		.byte	1
 950 039d 80       		.byte	-128
 951 039e 80       		.byte	-128
 952 039f 01       		.byte	1
 953 03a0 02       		.byte	2
 954 03a1 00       		.byte	0
 955 03a2 00       		.byte	0
 956 03a3 06       		.byte	6
 957 03a4 02       		.byte	2
 958 03a5 01       		.byte	1
 959 03a6 40       		.byte	64
 960 03a7 20       		.byte	32
 961 03a8 01       		.byte	1
 962 03a9 81       		.byte	-127
 963 03aa 00       		.byte	0
 964 03ab B3       		.byte	-77
 965 03ac 01       		.byte	1
 966 03ad BF       		.byte	-65
 967 03ae F7       		.byte	-9
 968 03af 98       		.byte	-104
 969 03b0 01       		.byte	1
ARM GAS  C:\Users\164\AppData\Local\Temp\cc3hUwy0.s 			page 18


 970 03b1 80       		.byte	-128
 971 03b2 00       		.byte	0
 972 03b3 06       		.byte	6
 973 03b4 01       		.byte	1
 974 03b5 80       		.byte	-128
 975 03b6 00       		.byte	0
 976 03b7 29       		.byte	41
 977 03b8 00       		.byte	0
 978 03b9 00       		.byte	0
 979 03ba 00       		.byte	0
 980 03bb 00       		.byte	0
 981 03bc 00       		.byte	0
 982 03bd 00       		.byte	0
 983 03be 00       		.byte	0
 984 03bf 06       		.byte	6
 985 03c0 00       		.byte	0
 986 03c1 02       		.byte	2
 987 03c2 5B       		.byte	91
 988 03c3 5D       		.byte	93
 989 03c4 00       		.byte	0
 990 03c5 00       		.byte	0
 991 03c6 04       		.byte	4
 992 03c7 63       		.byte	99
 993 03c8 61       		.byte	97
 994 03c9 6C       		.byte	108
 995 03ca 6C       		.byte	108
 996 03cb 00       		.byte	0
 997 03cc 00       		.byte	0
 998 03cd 03       		.byte	3
 999 03ce 5B       		.byte	91
 1000 03cf 5D       		.byte	93
 1001 03d0 3D       		.byte	61
 1002 03d1 00       		.byte	0
 1003 03d2 00       		.byte	0
 1004 03d3 01       		.byte	1
 1005 03d4 2B       		.byte	43
 1006 03d5 00       		.byte	0
 1007 03d6 00       		.byte	0
 1008 03d7 01       		.byte	1
 1009 03d8 3C       		.byte	60
 1010 03d9 00       		.byte	0
 1011 03da 00       		.byte	0
 1012 03db 06       		.byte	6
 1013 03dc 6C       		.byte	108
 1014 03dd 65       		.byte	101
 1015 03de 6E       		.byte	110
 1016 03df 67       		.byte	103
 1017 03e0 74       		.byte	116
 1018 03e1 68       		.byte	104
 1019 03e2 00       		.byte	0
 1020 03e3 00       		.byte	0
 1021 03e4 00       		.byte	0
 1022 03e5 00       		.byte	0
 1023 03e6 36       		.byte	54
 1024 03e7 00       		.byte	0
 1025 03e8 01       		.byte	1
 1026 03e9 00       		.byte	0
ARM GAS  C:\Users\164\AppData\Local\Temp\cc3hUwy0.s 			page 19


 1027 03ea 03       		.byte	3
 1028 03eb 00       		.byte	0
 1029 03ec 01       		.byte	1
 1030 03ed 00       		.byte	0
 1031 03ee 00       		.byte	0
 1032 03ef 00       		.byte	0
 1033 03f0 05       		.byte	5
 1034 03f1 00       		.byte	0
 1035 03f2 00       		.byte	0
 1036 03f3 00       		.byte	0
 1037 03f4 00       		.byte	0
 1038 03f5 80       		.byte	-128
 1039 03f6 00       		.byte	0
 1040 03f7 48       		.byte	72
 1041 03f8 01       		.byte	1
 1042 03f9 00       		.byte	0
 1043 03fa 00       		.byte	0
 1044 03fb C0       		.byte	-64
 1045 03fc 00       		.byte	0
 1046 03fd 80       		.byte	-128
 1047 03fe 00       		.byte	0
 1048 03ff 46       		.byte	70
 1049 0400 00       		.byte	0
 1050 0401 80       		.byte	-128
 1051 0402 00       		.byte	0
 1052 0403 04       		.byte	4
 1053 0404 00       		.byte	0
 1054 0405 00       		.byte	0
 1055 0406 00       		.byte	0
 1056 0407 29       		.byte	41
 1057 0408 00       		.byte	0
 1058 0409 00       		.byte	0
 1059 040a 00       		.byte	0
 1060 040b 00       		.byte	0
 1061 040c 00       		.byte	0
 1062 040d 00       		.byte	0
 1063 040e 00       		.byte	0
 1064 040f 01       		.byte	1
 1065 0410 00       		.byte	0
 1066 0411 05       		.byte	5
 1067 0412 74       		.byte	116
 1068 0413 69       		.byte	105
 1069 0414 6D       		.byte	109
 1070 0415 65       		.byte	101
 1071 0416 73       		.byte	115
 1072 0417 00       		.byte	0
 1073 0418 00       		.byte	0
 1074 0419 00       		.byte	0
 1075 041a 00       		.byte	0
 1076 041b 65       		.byte	101
 1077 041c 00       		.byte	0
 1078 041d 03       		.byte	3
 1079 041e 00       		.byte	0
 1080 041f 06       		.byte	6
 1081 0420 00       		.byte	0
 1082 0421 00       		.byte	0
 1083 0422 00       		.byte	0
ARM GAS  C:\Users\164\AppData\Local\Temp\cc3hUwy0.s 			page 20


 1084 0423 00       		.byte	0
 1085 0424 00       		.byte	0
 1086 0425 0F       		.byte	15
 1087 0426 00       		.byte	0
 1088 0427 00       		.byte	0
 1089 0428 00       		.byte	0
 1090 0429 00       		.byte	0
 1091 042a 00       		.byte	0
 1092 042b 26       		.byte	38
 1093 042c 01       		.byte	1
 1094 042d 3F       		.byte	63
 1095 042e FF       		.byte	-1
 1096 042f 83       		.byte	-125
 1097 0430 00       		.byte	0
 1098 0431 40       		.byte	64
 1099 0432 03       		.byte	3
 1100 0433 17       		.byte	23
 1101 0434 02       		.byte	2
 1102 0435 00       		.byte	0
 1103 0436 80       		.byte	-128
 1104 0437 01       		.byte	1
 1105 0438 01       		.byte	1
 1106 0439 80       		.byte	-128
 1107 043a 00       		.byte	0
 1108 043b 2B       		.byte	43
 1109 043c 01       		.byte	1
 1110 043d 80       		.byte	-128
 1111 043e 00       		.byte	0
 1112 043f A0       		.byte	-96
 1113 0440 01       		.byte	1
 1114 0441 80       		.byte	-128
 1115 0442 80       		.byte	-128
 1116 0443 01       		.byte	1
 1117 0444 01       		.byte	1
 1118 0445 80       		.byte	-128
 1119 0446 40       		.byte	64
 1120 0447 AD       		.byte	-83
 1121 0448 01       		.byte	1
 1122 0449 00       		.byte	0
 1123 044a C0       		.byte	-64
 1124 044b 01       		.byte	1
 1125 044c 01       		.byte	1
 1126 044d 80       		.byte	-128
 1127 044e 80       		.byte	-128
 1128 044f 01       		.byte	1
 1129 0450 02       		.byte	2
 1130 0451 00       		.byte	0
 1131 0452 00       		.byte	0
 1132 0453 06       		.byte	6
 1133 0454 01       		.byte	1
 1134 0455 80       		.byte	-128
 1135 0456 80       		.byte	-128
 1136 0457 B3       		.byte	-77
 1137 0458 01       		.byte	1
 1138 0459 BF       		.byte	-65
 1139 045a FB       		.byte	-5
 1140 045b 18       		.byte	24
ARM GAS  C:\Users\164\AppData\Local\Temp\cc3hUwy0.s 			page 21


 1141 045c 01       		.byte	1
 1142 045d 80       		.byte	-128
 1143 045e 00       		.byte	0
 1144 045f 06       		.byte	6
 1145 0460 01       		.byte	1
 1146 0461 80       		.byte	-128
 1147 0462 00       		.byte	0
 1148 0463 29       		.byte	41
 1149 0464 00       		.byte	0
 1150 0465 00       		.byte	0
 1151 0466 00       		.byte	0
 1152 0467 00       		.byte	0
 1153 0468 00       		.byte	0
 1154 0469 00       		.byte	0
 1155 046a 00       		.byte	0
 1156 046b 03       		.byte	3
 1157 046c 00       		.byte	0
 1158 046d 04       		.byte	4
 1159 046e 63       		.byte	99
 1160 046f 61       		.byte	97
 1161 0470 6C       		.byte	108
 1162 0471 6C       		.byte	108
 1163 0472 00       		.byte	0
 1164 0473 00       		.byte	0
 1165 0474 01       		.byte	1
 1166 0475 2B       		.byte	43
 1167 0476 00       		.byte	0
 1168 0477 00       		.byte	0
 1169 0478 01       		.byte	1
 1170 0479 3C       		.byte	60
 1171 047a 00       		.byte	0
 1172 047b 00       		.byte	0
 1173 047c 00       		.byte	0
 1174 047d 00       		.byte	0
 1175 047e 71       		.byte	113
 1176 047f 00       		.byte	0
 1177 0480 01       		.byte	1
 1178 0481 00       		.byte	0
 1179 0482 03       		.byte	3
 1180 0483 00       		.byte	0
 1181 0484 01       		.byte	1
 1182 0485 00       		.byte	0
 1183 0486 00       		.byte	0
 1184 0487 00       		.byte	0
 1185 0488 09       		.byte	9
 1186 0489 00       		.byte	0
 1187 048a 00       		.byte	0
 1188 048b 00       		.byte	0
 1189 048c 00       		.byte	0
 1190 048d 80       		.byte	-128
 1191 048e 00       		.byte	0
 1192 048f 3D       		.byte	61
 1193 0490 00       		.byte	0
 1194 0491 80       		.byte	-128
 1195 0492 00       		.byte	0
 1196 0493 12       		.byte	18
 1197 0494 00       		.byte	0
ARM GAS  C:\Users\164\AppData\Local\Temp\cc3hUwy0.s 			page 22


 1198 0495 80       		.byte	-128
 1199 0496 00       		.byte	0
 1200 0497 BD       		.byte	-67
 1201 0498 00       		.byte	0
 1202 0499 80       		.byte	-128
 1203 049a 00       		.byte	0
 1204 049b 92       		.byte	-110
 1205 049c 00       		.byte	0
 1206 049d 80       		.byte	-128
 1207 049e 00       		.byte	0
 1208 049f 48       		.byte	72
 1209 04a0 01       		.byte	1
 1210 04a1 00       		.byte	0
 1211 04a2 00       		.byte	0
 1212 04a3 C0       		.byte	-64
 1213 04a4 00       		.byte	0
 1214 04a5 80       		.byte	-128
 1215 04a6 80       		.byte	-128
 1216 04a7 46       		.byte	70
 1217 04a8 00       		.byte	0
 1218 04a9 80       		.byte	-128
 1219 04aa 01       		.byte	1
 1220 04ab 04       		.byte	4
 1221 04ac 00       		.byte	0
 1222 04ad 00       		.byte	0
 1223 04ae 00       		.byte	0
 1224 04af 29       		.byte	41
 1225 04b0 00       		.byte	0
 1226 04b1 00       		.byte	0
 1227 04b2 00       		.byte	0
 1228 04b3 02       		.byte	2
 1229 04b4 00       		.byte	0
 1230 04b5 00       		.byte	0
 1231 04b6 03       		.byte	3
 1232 04b7 31       		.byte	49
 1233 04b8 2E       		.byte	46
 1234 04b9 39       		.byte	57
 1235 04ba 00       		.byte	0
 1236 04bb 00       		.byte	0
 1237 04bc 03       		.byte	3
 1238 04bd 31       		.byte	49
 1239 04be 2E       		.byte	46
 1240 04bf 31       		.byte	49
 1241 04c0 00       		.byte	0
 1242 04c1 00       		.byte	0
 1243 04c2 00       		.byte	0
 1244 04c3 03       		.byte	3
 1245 04c4 00       		.byte	0
 1246 04c5 0C       		.byte	12
 1247 04c6 52       		.byte	82
 1248 04c7 55       		.byte	85
 1249 04c8 42       		.byte	66
 1250 04c9 59       		.byte	89
 1251 04ca 5F       		.byte	95
 1252 04cb 56       		.byte	86
 1253 04cc 45       		.byte	69
 1254 04cd 52       		.byte	82
ARM GAS  C:\Users\164\AppData\Local\Temp\cc3hUwy0.s 			page 23


 1255 04ce 53       		.byte	83
 1256 04cf 49       		.byte	73
 1257 04d0 4F       		.byte	79
 1258 04d1 4E       		.byte	78
 1259 04d2 00       		.byte	0
 1260 04d3 00       		.byte	0
 1261 04d4 0E       		.byte	14
 1262 04d5 4D       		.byte	77
 1263 04d6 52       		.byte	82
 1264 04d7 55       		.byte	85
 1265 04d8 42       		.byte	66
 1266 04d9 59       		.byte	89
 1267 04da 43       		.byte	67
 1268 04db 5F       		.byte	95
 1269 04dc 56       		.byte	86
 1270 04dd 45       		.byte	69
 1271 04de 52       		.byte	82
 1272 04df 53       		.byte	83
 1273 04e0 49       		.byte	73
 1274 04e1 4F       		.byte	79
 1275 04e2 4E       		.byte	78
 1276 04e3 00       		.byte	0
 1277 04e4 00       		.byte	0
 1278 04e5 04       		.byte	4
 1279 04e6 6C       		.byte	108
 1280 04e7 6F       		.byte	111
 1281 04e8 6F       		.byte	111
 1282 04e9 70       		.byte	112
 1283 04ea 00       		.byte	0
 1284 04eb 00       		.byte	0
 1285 04ec 00       		.byte	0
 1286 04ed 00       		.byte	0
 1287 04ee 41       		.byte	65
 1288 04ef 00       		.byte	0
 1289 04f0 02       		.byte	2
 1290 04f1 00       		.byte	0
 1291 04f2 04       		.byte	4
 1292 04f3 00       		.byte	0
 1293 04f4 00       		.byte	0
 1294 04f5 00       		.byte	0
 1295 04f6 00       		.byte	0
 1296 04f7 00       		.byte	0
 1297 04f8 08       		.byte	8
 1298 04f9 00       		.byte	0
 1299 04fa 00       		.byte	0
 1300 04fb 00       		.byte	0
 1301 04fc 00       		.byte	0
 1302 04fd 00       		.byte	0
 1303 04fe 00       		.byte	0
 1304 04ff 26       		.byte	38
 1305 0500 00       		.byte	0
 1306 0501 40       		.byte	64
 1307 0502 01       		.byte	1
 1308 0503 17       		.byte	23
 1309 0504 01       		.byte	1
 1310 0505 00       		.byte	0
 1311 0506 00       		.byte	0
ARM GAS  C:\Users\164\AppData\Local\Temp\cc3hUwy0.s 			page 24


 1312 0507 2B       		.byte	43
 1313 0508 01       		.byte	1
 1314 0509 00       		.byte	0
 1315 050a 00       		.byte	0
 1316 050b 20       		.byte	32
 1317 050c 01       		.byte	1
 1318 050d 00       		.byte	0
 1319 050e 00       		.byte	0
 1320 050f 07       		.byte	7
 1321 0510 01       		.byte	1
 1322 0511 3F       		.byte	63
 1323 0512 FE       		.byte	-2
 1324 0513 18       		.byte	24
 1325 0514 01       		.byte	1
 1326 0515 00       		.byte	0
 1327 0516 00       		.byte	0
 1328 0517 05       		.byte	5
 1329 0518 01       		.byte	1
 1330 0519 00       		.byte	0
 1331 051a 00       		.byte	0
 1332 051b 29       		.byte	41
 1333 051c 00       		.byte	0
 1334 051d 00       		.byte	0
 1335 051e 00       		.byte	0
 1336 051f 00       		.byte	0
 1337 0520 00       		.byte	0
 1338 0521 00       		.byte	0
 1339 0522 00       		.byte	0
 1340 0523 01       		.byte	1
 1341 0524 00       		.byte	0
 1342 0525 04       		.byte	4
 1343 0526 63       		.byte	99
 1344 0527 61       		.byte	97
 1345 0528 6C       		.byte	108
 1346 0529 6C       		.byte	108
 1347 052a 00       		.byte	0
 1348 052b 00       		.byte	0
 1349 052c 00       		.byte	0
 1350 052d 00       		.byte	0
 1351 052e 35       		.byte	53
 1352 052f 00       		.byte	0
 1353 0530 01       		.byte	1
 1354 0531 00       		.byte	0
 1355 0532 03       		.byte	3
 1356 0533 00       		.byte	0
 1357 0534 01       		.byte	1
 1358 0535 00       		.byte	0
 1359 0536 00       		.byte	0
 1360 0537 00       		.byte	0
 1361 0538 05       		.byte	5
 1362 0539 00       		.byte	0
 1363 053a 00       		.byte	0
 1364 053b 00       		.byte	0
 1365 053c 00       		.byte	0
 1366 053d 80       		.byte	-128
 1367 053e 00       		.byte	0
 1368 053f 48       		.byte	72
ARM GAS  C:\Users\164\AppData\Local\Temp\cc3hUwy0.s 			page 25


 1369 0540 01       		.byte	1
 1370 0541 00       		.byte	0
 1371 0542 00       		.byte	0
 1372 0543 C0       		.byte	-64
 1373 0544 00       		.byte	0
 1374 0545 80       		.byte	-128
 1375 0546 00       		.byte	0
 1376 0547 46       		.byte	70
 1377 0548 00       		.byte	0
 1378 0549 80       		.byte	-128
 1379 054a 00       		.byte	0
 1380 054b 04       		.byte	4
 1381 054c 00       		.byte	0
 1382 054d 00       		.byte	0
 1383 054e 00       		.byte	0
 1384 054f 29       		.byte	41
 1385 0550 00       		.byte	0
 1386 0551 00       		.byte	0
 1387 0552 00       		.byte	0
 1388 0553 00       		.byte	0
 1389 0554 00       		.byte	0
 1390 0555 00       		.byte	0
 1391 0556 00       		.byte	0
 1392 0557 01       		.byte	1
 1393 0558 00       		.byte	0
 1394 0559 04       		.byte	4
 1395 055a 65       		.byte	101
 1396 055b 61       		.byte	97
 1397 055c 63       		.byte	99
 1398 055d 68       		.byte	104
 1399 055e 00       		.byte	0
 1400 055f 00       		.byte	0
 1401 0560 00       		.byte	0
 1402 0561 00       		.byte	0
 1403 0562 BB       		.byte	-69
 1404 0563 00       		.byte	0
 1405 0564 06       		.byte	6
 1406 0565 00       		.byte	0
 1407 0566 09       		.byte	9
 1408 0567 00       		.byte	0
 1409 0568 00       		.byte	0
 1410 0569 00       		.byte	0
 1411 056a 00       		.byte	0
 1412 056b 00       		.byte	0
 1413 056c 1D       		.byte	29
 1414 056d 00       		.byte	0
 1415 056e 00       		.byte	0
 1416 056f 00       		.byte	0
 1417 0570 00       		.byte	0
 1418 0571 00       		.byte	0
 1419 0572 00       		.byte	0
 1420 0573 26       		.byte	38
 1421 0574 03       		.byte	3
 1422 0575 00       		.byte	0
 1423 0576 00       		.byte	0
 1424 0577 06       		.byte	6
 1425 0578 03       		.byte	3
ARM GAS  C:\Users\164\AppData\Local\Temp\cc3hUwy0.s 			page 26


 1426 0579 00       		.byte	0
 1427 057a 00       		.byte	0
 1428 057b 20       		.byte	32
 1429 057c 01       		.byte	1
 1430 057d 01       		.byte	1
 1431 057e 80       		.byte	-128
 1432 057f 01       		.byte	1
 1433 0580 03       		.byte	3
 1434 0581 00       		.byte	0
 1435 0582 00       		.byte	0
 1436 0583 06       		.byte	6
 1437 0584 03       		.byte	3
 1438 0585 00       		.byte	0
 1439 0586 40       		.byte	64
 1440 0587 20       		.byte	32
 1441 0588 01       		.byte	1
 1442 0589 81       		.byte	-127
 1443 058a 80       		.byte	-128
 1444 058b 01       		.byte	1
 1445 058c 02       		.byte	2
 1446 058d 01       		.byte	1
 1447 058e 80       		.byte	-128
 1448 058f 01       		.byte	1
 1449 0590 03       		.byte	3
 1450 0591 00       		.byte	0
 1451 0592 00       		.byte	0
 1452 0593 06       		.byte	6
 1453 0594 03       		.byte	3
 1454 0595 00       		.byte	0
 1455 0596 80       		.byte	-128
 1456 0597 20       		.byte	32
 1457 0598 03       		.byte	3
 1458 0599 40       		.byte	64
 1459 059a 00       		.byte	0
 1460 059b 99       		.byte	-103
 1461 059c 00       		.byte	0
 1462 059d 40       		.byte	64
 1463 059e 01       		.byte	1
 1464 059f 97       		.byte	-105
 1465 05a0 03       		.byte	3
 1466 05a1 01       		.byte	1
 1467 05a2 00       		.byte	0
 1468 05a3 01       		.byte	1
 1469 05a4 03       		.byte	3
 1470 05a5 00       		.byte	0
 1471 05a6 C0       		.byte	-64
 1472 05a7 AD       		.byte	-83
 1473 05a8 02       		.byte	2
 1474 05a9 01       		.byte	1
 1475 05aa 80       		.byte	-128
 1476 05ab 01       		.byte	1
 1477 05ac 02       		.byte	2
 1478 05ad 80       		.byte	-128
 1479 05ae 80       		.byte	-128
 1480 05af 01       		.byte	1
 1481 05b0 00       		.byte	0
 1482 05b1 40       		.byte	64
ARM GAS  C:\Users\164\AppData\Local\Temp\cc3hUwy0.s 			page 27


 1483 05b2 03       		.byte	3
 1484 05b3 17       		.byte	23
 1485 05b4 03       		.byte	3
 1486 05b5 81       		.byte	-127
 1487 05b6 40       		.byte	64
 1488 05b7 01       		.byte	1
 1489 05b8 03       		.byte	3
 1490 05b9 00       		.byte	0
 1491 05ba 00       		.byte	0
 1492 05bb 2B       		.byte	43
 1493 05bc 03       		.byte	3
 1494 05bd 01       		.byte	1
 1495 05be 00       		.byte	0
 1496 05bf A0       		.byte	-96
 1497 05c0 03       		.byte	3
 1498 05c1 01       		.byte	1
 1499 05c2 40       		.byte	64
 1500 05c3 01       		.byte	1
 1501 05c4 03       		.byte	3
 1502 05c5 00       		.byte	0
 1503 05c6 C0       		.byte	-64
 1504 05c7 AD       		.byte	-83
 1505 05c8 02       		.byte	2
 1506 05c9 81       		.byte	-127
 1507 05ca 80       		.byte	-128
 1508 05cb 01       		.byte	1
 1509 05cc 03       		.byte	3
 1510 05cd 01       		.byte	1
 1511 05ce 40       		.byte	64
 1512 05cf 01       		.byte	1
 1513 05d0 03       		.byte	3
 1514 05d1 81       		.byte	-127
 1515 05d2 00       		.byte	0
 1516 05d3 01       		.byte	1
 1517 05d4 03       		.byte	3
 1518 05d5 01       		.byte	1
 1519 05d6 40       		.byte	64
 1520 05d7 B3       		.byte	-77
 1521 05d8 03       		.byte	3
 1522 05d9 3F       		.byte	63
 1523 05da FB       		.byte	-5
 1524 05db 18       		.byte	24
 1525 05dc 03       		.byte	3
 1526 05dd 00       		.byte	0
 1527 05de 00       		.byte	0
 1528 05df 06       		.byte	6
 1529 05e0 03       		.byte	3
 1530 05e1 00       		.byte	0
 1531 05e2 00       		.byte	0
 1532 05e3 29       		.byte	41
 1533 05e4 00       		.byte	0
 1534 05e5 00       		.byte	0
 1535 05e6 00       		.byte	0
 1536 05e7 00       		.byte	0
 1537 05e8 00       		.byte	0
 1538 05e9 00       		.byte	0
 1539 05ea 00       		.byte	0
ARM GAS  C:\Users\164\AppData\Local\Temp\cc3hUwy0.s 			page 28


 1540 05eb 06       		.byte	6
 1541 05ec 00       		.byte	0
 1542 05ed 05       		.byte	5
 1543 05ee 66       		.byte	102
 1544 05ef 69       		.byte	105
 1545 05f0 72       		.byte	114
 1546 05f1 73       		.byte	115
 1547 05f2 74       		.byte	116
 1548 05f3 00       		.byte	0
 1549 05f4 00       		.byte	0
 1550 05f5 04       		.byte	4
 1551 05f6 6C       		.byte	108
 1552 05f7 61       		.byte	97
 1553 05f8 73       		.byte	115
 1554 05f9 74       		.byte	116
 1555 05fa 00       		.byte	0
 1556 05fb 00       		.byte	0
 1557 05fc 0C       		.byte	12
 1558 05fd 65       		.byte	101
 1559 05fe 78       		.byte	120
 1560 05ff 63       		.byte	99
 1561 0600 6C       		.byte	108
 1562 0601 75       		.byte	117
 1563 0602 64       		.byte	100
 1564 0603 65       		.byte	101
 1565 0604 5F       		.byte	95
 1566 0605 65       		.byte	101
 1567 0606 6E       		.byte	110
 1568 0607 64       		.byte	100
 1569 0608 3F       		.byte	63
 1570 0609 00       		.byte	0
 1571 060a 00       		.byte	0
 1572 060b 01       		.byte	1
 1573 060c 2B       		.byte	43
 1574 060d 00       		.byte	0
 1575 060e 00       		.byte	0
 1576 060f 04       		.byte	4
 1577 0610 63       		.byte	99
 1578 0611 61       		.byte	97
 1579 0612 6C       		.byte	108
 1580 0613 6C       		.byte	108
 1581 0614 00       		.byte	0
 1582 0615 00       		.byte	0
 1583 0616 01       		.byte	1
 1584 0617 3C       		.byte	60
 1585 0618 00       		.byte	0
 1586 0619 00       		.byte	0
 1587 061a 00       		.byte	0
 1588 061b 00       		.byte	0
 1589 061c 52       		.byte	82
 1590 061d 00       		.byte	0
 1591 061e 01       		.byte	1
 1592 061f 00       		.byte	0
 1593 0620 03       		.byte	3
 1594 0621 00       		.byte	0
 1595 0622 02       		.byte	2
 1596 0623 00       		.byte	0
ARM GAS  C:\Users\164\AppData\Local\Temp\cc3hUwy0.s 			page 29


 1597 0624 00       		.byte	0
 1598 0625 00       		.byte	0
 1599 0626 08       		.byte	8
 1600 0627 00       		.byte	0
 1601 0628 00       		.byte	0
 1602 0629 80       		.byte	-128
 1603 062a 00       		.byte	0
 1604 062b 48       		.byte	72
 1605 062c 01       		.byte	1
 1606 062d 00       		.byte	0
 1607 062e 00       		.byte	0
 1608 062f C0       		.byte	-64
 1609 0630 00       		.byte	0
 1610 0631 80       		.byte	-128
 1611 0632 00       		.byte	0
 1612 0633 46       		.byte	70
 1613 0634 00       		.byte	0
 1614 0635 80       		.byte	-128
 1615 0636 00       		.byte	0
 1616 0637 48       		.byte	72
 1617 0638 01       		.byte	1
 1618 0639 00       		.byte	0
 1619 063a 02       		.byte	2
 1620 063b C0       		.byte	-64
 1621 063c 00       		.byte	0
 1622 063d 80       		.byte	-128
 1623 063e 40       		.byte	64
 1624 063f 46       		.byte	70
 1625 0640 00       		.byte	0
 1626 0641 80       		.byte	-128
 1627 0642 00       		.byte	0
 1628 0643 84       		.byte	-124
 1629 0644 00       		.byte	0
 1630 0645 80       		.byte	-128
 1631 0646 00       		.byte	0
 1632 0647 29       		.byte	41
 1633 0648 00       		.byte	0
 1634 0649 00       		.byte	0
 1635 064a 00       		.byte	0
 1636 064b 00       		.byte	0
 1637 064c 00       		.byte	0
 1638 064d 00       		.byte	0
 1639 064e 00       		.byte	0
 1640 064f 02       		.byte	2
 1641 0650 00       		.byte	0
 1642 0651 09       		.byte	9
 1643 0652 65       		.byte	101
 1644 0653 61       		.byte	97
 1645 0654 63       		.byte	99
 1646 0655 68       		.byte	104
 1647 0656 5F       		.byte	95
 1648 0657 62       		.byte	98
 1649 0658 79       		.byte	121
 1650 0659 74       		.byte	116
 1651 065a 65       		.byte	101
 1652 065b 00       		.byte	0
 1653 065c 00       		.byte	0
ARM GAS  C:\Users\164\AppData\Local\Temp\cc3hUwy0.s 			page 30


 1654 065d 09       		.byte	9
 1655 065e 65       		.byte	101
 1656 065f 61       		.byte	97
 1657 0660 63       		.byte	99
 1658 0661 68       		.byte	104
 1659 0662 5F       		.byte	95
 1660 0663 63       		.byte	99
 1661 0664 68       		.byte	104
 1662 0665 61       		.byte	97
 1663 0666 72       		.byte	114
 1664 0667 00       		.byte	0
 1665 0668 00       		.byte	0
 1666 0669 00       		.byte	0
 1667 066a 00       		.byte	0
 1668 066b 89       		.byte	-119
 1669 066c 00       		.byte	0
 1670 066d 03       		.byte	3
 1671 066e 00       		.byte	0
 1672 066f 07       		.byte	7
 1673 0670 00       		.byte	0
 1674 0671 00       		.byte	0
 1675 0672 00       		.byte	0
 1676 0673 00       		.byte	0
 1677 0674 00       		.byte	0
 1678 0675 13       		.byte	19
 1679 0676 00       		.byte	0
 1680 0677 00       		.byte	0
 1681 0678 00       		.byte	0
 1682 0679 00       		.byte	0
 1683 067a 00       		.byte	0
 1684 067b 26       		.byte	38
 1685 067c 01       		.byte	1
 1686 067d 3F       		.byte	63
 1687 067e FF       		.byte	-1
 1688 067f 83       		.byte	-125
 1689 0680 00       		.byte	0
 1690 0681 40       		.byte	64
 1691 0682 04       		.byte	4
 1692 0683 97       		.byte	-105
 1693 0684 02       		.byte	2
 1694 0685 00       		.byte	0
 1695 0686 00       		.byte	0
 1696 0687 06       		.byte	6
 1697 0688 02       		.byte	2
 1698 0689 80       		.byte	-128
 1699 068a 80       		.byte	-128
 1700 068b 01       		.byte	1
 1701 068c 02       		.byte	2
 1702 068d 00       		.byte	0
 1703 068e 00       		.byte	0
 1704 068f A0       		.byte	-96
 1705 0690 02       		.byte	2
 1706 0691 00       		.byte	0
 1707 0692 40       		.byte	64
 1708 0693 20       		.byte	32
 1709 0694 01       		.byte	1
 1710 0695 80       		.byte	-128
ARM GAS  C:\Users\164\AppData\Local\Temp\cc3hUwy0.s 			page 31


 1711 0696 00       		.byte	0
 1712 0697 2B       		.byte	43
 1713 0698 01       		.byte	1
 1714 0699 80       		.byte	-128
 1715 069a 80       		.byte	-128
 1716 069b A0       		.byte	-96
 1717 069c 01       		.byte	1
 1718 069d 80       		.byte	-128
 1719 069e 80       		.byte	-128
 1720 069f 01       		.byte	1
 1721 06a0 01       		.byte	1
 1722 06a1 80       		.byte	-128
 1723 06a2 C0       		.byte	-64
 1724 06a3 AD       		.byte	-83
 1725 06a4 01       		.byte	1
 1726 06a5 00       		.byte	0
 1727 06a6 C0       		.byte	-64
 1728 06a7 01       		.byte	1
 1729 06a8 01       		.byte	1
 1730 06a9 80       		.byte	-128
 1731 06aa 80       		.byte	-128
 1732 06ab 01       		.byte	1
 1733 06ac 02       		.byte	2
 1734 06ad 00       		.byte	0
 1735 06ae 00       		.byte	0
 1736 06af 06       		.byte	6
 1737 06b0 02       		.byte	2
 1738 06b1 01       		.byte	1
 1739 06b2 40       		.byte	64
 1740 06b3 20       		.byte	32
 1741 06b4 01       		.byte	1
 1742 06b5 81       		.byte	-127
 1743 06b6 00       		.byte	0
 1744 06b7 B3       		.byte	-77
 1745 06b8 01       		.byte	1
 1746 06b9 BF       		.byte	-65
 1747 06ba F9       		.byte	-7
 1748 06bb 18       		.byte	24
 1749 06bc 01       		.byte	1
 1750 06bd 80       		.byte	-128
 1751 06be 00       		.byte	0
 1752 06bf 06       		.byte	6
 1753 06c0 01       		.byte	1
 1754 06c1 80       		.byte	-128
 1755 06c2 00       		.byte	0
 1756 06c3 29       		.byte	41
 1757 06c4 00       		.byte	0
 1758 06c5 00       		.byte	0
 1759 06c6 00       		.byte	0
 1760 06c7 00       		.byte	0
 1761 06c8 00       		.byte	0
 1762 06c9 00       		.byte	0
 1763 06ca 00       		.byte	0
 1764 06cb 06       		.byte	6
 1765 06cc 00       		.byte	0
 1766 06cd 02       		.byte	2
 1767 06ce 5B       		.byte	91
ARM GAS  C:\Users\164\AppData\Local\Temp\cc3hUwy0.s 			page 32


 1768 06cf 5D       		.byte	93
 1769 06d0 00       		.byte	0
 1770 06d1 00       		.byte	0
 1771 06d2 03       		.byte	3
 1772 06d3 6F       		.byte	111
 1773 06d4 72       		.byte	114
 1774 06d5 64       		.byte	100
 1775 06d6 00       		.byte	0
 1776 06d7 00       		.byte	0
 1777 06d8 04       		.byte	4
 1778 06d9 63       		.byte	99
 1779 06da 61       		.byte	97
 1780 06db 6C       		.byte	108
 1781 06dc 6C       		.byte	108
 1782 06dd 00       		.byte	0
 1783 06de 00       		.byte	0
 1784 06df 01       		.byte	1
 1785 06e0 2B       		.byte	43
 1786 06e1 00       		.byte	0
 1787 06e2 00       		.byte	0
 1788 06e3 01       		.byte	1
 1789 06e4 3C       		.byte	60
 1790 06e5 00       		.byte	0
 1791 06e6 00       		.byte	0
 1792 06e7 06       		.byte	6
 1793 06e8 6C       		.byte	108
 1794 06e9 65       		.byte	101
 1795 06ea 6E       		.byte	110
 1796 06eb 67       		.byte	103
 1797 06ec 74       		.byte	116
 1798 06ed 68       		.byte	104
 1799 06ee 00       		.byte	0
 1800 06ef 00       		.byte	0
 1801 06f0 00       		.byte	0
 1802 06f1 00       		.byte	0
 1803 06f2 7F       		.byte	127
 1804 06f3 00       		.byte	0
 1805 06f4 03       		.byte	3
 1806 06f5 00       		.byte	0
 1807 06f6 07       		.byte	7
 1808 06f7 00       		.byte	0
 1809 06f8 00       		.byte	0
 1810 06f9 00       		.byte	0
 1811 06fa 00       		.byte	0
 1812 06fb 00       		.byte	0
 1813 06fc 12       		.byte	18
 1814 06fd 00       		.byte	0
 1815 06fe 00       		.byte	0
 1816 06ff 00       		.byte	0
 1817 0700 00       		.byte	0
 1818 0701 00       		.byte	0
 1819 0702 00       		.byte	0
 1820 0703 26       		.byte	38
 1821 0704 01       		.byte	1
 1822 0705 3F       		.byte	63
 1823 0706 FF       		.byte	-1
 1824 0707 83       		.byte	-125
ARM GAS  C:\Users\164\AppData\Local\Temp\cc3hUwy0.s 			page 33


 1825 0708 00       		.byte	0
 1826 0709 40       		.byte	64
 1827 070a 04       		.byte	4
 1828 070b 17       		.byte	23
 1829 070c 02       		.byte	2
 1830 070d 00       		.byte	0
 1831 070e 00       		.byte	0
 1832 070f 06       		.byte	6
 1833 0710 02       		.byte	2
 1834 0711 80       		.byte	-128
 1835 0712 80       		.byte	-128
 1836 0713 01       		.byte	1
 1837 0714 02       		.byte	2
 1838 0715 00       		.byte	0
 1839 0716 00       		.byte	0
 1840 0717 A0       		.byte	-96
 1841 0718 01       		.byte	1
 1842 0719 80       		.byte	-128
 1843 071a 00       		.byte	0
 1844 071b 2B       		.byte	43
 1845 071c 01       		.byte	1
 1846 071d 80       		.byte	-128
 1847 071e 40       		.byte	64
 1848 071f A0       		.byte	-96
 1849 0720 01       		.byte	1
 1850 0721 80       		.byte	-128
 1851 0722 80       		.byte	-128
 1852 0723 01       		.byte	1
 1853 0724 01       		.byte	1
 1854 0725 80       		.byte	-128
 1855 0726 80       		.byte	-128
 1856 0727 AD       		.byte	-83
 1857 0728 01       		.byte	1
 1858 0729 00       		.byte	0
 1859 072a C0       		.byte	-64
 1860 072b 01       		.byte	1
 1861 072c 01       		.byte	1
 1862 072d 80       		.byte	-128
 1863 072e 80       		.byte	-128
 1864 072f 01       		.byte	1
 1865 0730 02       		.byte	2
 1866 0731 00       		.byte	0
 1867 0732 00       		.byte	0
 1868 0733 06       		.byte	6
 1869 0734 02       		.byte	2
 1870 0735 01       		.byte	1
 1871 0736 00       		.byte	0
 1872 0737 20       		.byte	32
 1873 0738 01       		.byte	1
 1874 0739 80       		.byte	-128
 1875 073a C0       		.byte	-64
 1876 073b B3       		.byte	-77
 1877 073c 01       		.byte	1
 1878 073d BF       		.byte	-65
 1879 073e F9       		.byte	-7
 1880 073f 98       		.byte	-104
 1881 0740 01       		.byte	1
ARM GAS  C:\Users\164\AppData\Local\Temp\cc3hUwy0.s 			page 34


 1882 0741 80       		.byte	-128
 1883 0742 00       		.byte	0
 1884 0743 06       		.byte	6
 1885 0744 01       		.byte	1
 1886 0745 80       		.byte	-128
 1887 0746 00       		.byte	0
 1888 0747 29       		.byte	41
 1889 0748 00       		.byte	0
 1890 0749 00       		.byte	0
 1891 074a 00       		.byte	0
 1892 074b 00       		.byte	0
 1893 074c 00       		.byte	0
 1894 074d 00       		.byte	0
 1895 074e 00       		.byte	0
 1896 074f 05       		.byte	5
 1897 0750 00       		.byte	0
 1898 0751 02       		.byte	2
 1899 0752 5B       		.byte	91
 1900 0753 5D       		.byte	93
 1901 0754 00       		.byte	0
 1902 0755 00       		.byte	0
 1903 0756 04       		.byte	4
 1904 0757 63       		.byte	99
 1905 0758 61       		.byte	97
 1906 0759 6C       		.byte	108
 1907 075a 6C       		.byte	108
 1908 075b 00       		.byte	0
 1909 075c 00       		.byte	0
 1910 075d 01       		.byte	1
 1911 075e 2B       		.byte	43
 1912 075f 00       		.byte	0
 1913 0760 00       		.byte	0
 1914 0761 01       		.byte	1
 1915 0762 3C       		.byte	60
 1916 0763 00       		.byte	0
 1917 0764 00       		.byte	0
 1918 0765 06       		.byte	6
 1919 0766 6C       		.byte	108
 1920 0767 65       		.byte	101
 1921 0768 6E       		.byte	110
 1922 0769 67       		.byte	103
 1923 076a 74       		.byte	116
 1924 076b 68       		.byte	104
 1925 076c 00       		.byte	0
 1926 076d 4C       		.byte	76
 1927 076e 56       		.byte	86
 1928 076f 41       		.byte	65
 1929 0770 52       		.byte	82
 1930 0771 00       		.byte	0
 1931 0772 00       		.byte	0
 1932 0773 00       		.byte	0
 1933 0774 85       		.byte	-123
 1934 0775 00       		.byte	0
 1935 0776 00       		.byte	0
 1936 0777 00       		.byte	0
 1937 0778 06       		.byte	6
 1938 0779 00       		.byte	0
ARM GAS  C:\Users\164\AppData\Local\Temp\cc3hUwy0.s 			page 35


 1939 077a 03       		.byte	3
 1940 077b 69       		.byte	105
 1941 077c 64       		.byte	100
 1942 077d 78       		.byte	120
 1943 077e 00       		.byte	0
 1944 077f 03       		.byte	3
 1945 0780 61       		.byte	97
 1946 0781 72       		.byte	114
 1947 0782 79       		.byte	121
 1948 0783 00       		.byte	0
 1949 0784 01       		.byte	1
 1950 0785 69       		.byte	105
 1951 0786 00       		.byte	0
 1952 0787 03       		.byte	3
 1953 0788 76       		.byte	118
 1954 0789 61       		.byte	97
 1955 078a 6C       		.byte	108
 1956 078b 00       		.byte	0
 1957 078c 04       		.byte	4
 1958 078d 6C       		.byte	108
 1959 078e 61       		.byte	97
 1960 078f 73       		.byte	115
 1961 0790 74       		.byte	116
 1962 0791 00       		.byte	0
 1963 0792 03       		.byte	3
 1964 0793 6C       		.byte	108
 1965 0794 69       		.byte	105
 1966 0795 6D       		.byte	109
 1967 0796 FF       		.byte	-1
 1968 0797 FF       		.byte	-1
 1969 0798 00       		.byte	0
 1970 0799 00       		.byte	0
 1971 079a 00       		.byte	0
 1972 079b 00       		.byte	0
 1973 079c 00       		.byte	0
 1974 079d 02       		.byte	2
 1975 079e FF       		.byte	-1
 1976 079f FF       		.byte	-1
 1977 07a0 00       		.byte	0
 1978 07a1 00       		.byte	0
 1979 07a2 00       		.byte	0
 1980 07a3 00       		.byte	0
 1981 07a4 00       		.byte	0
 1982 07a5 02       		.byte	2
 1983 07a6 FF       		.byte	-1
 1984 07a7 FF       		.byte	-1
 1985 07a8 00       		.byte	0
 1986 07a9 00       		.byte	0
 1987 07aa 00       		.byte	0
 1988 07ab 00       		.byte	0
 1989 07ac 00       		.byte	0
 1990 07ad 02       		.byte	2
 1991 07ae FF       		.byte	-1
 1992 07af FF       		.byte	-1
 1993 07b0 00       		.byte	0
 1994 07b1 00       		.byte	0
 1995 07b2 00       		.byte	0
ARM GAS  C:\Users\164\AppData\Local\Temp\cc3hUwy0.s 			page 36


 1996 07b3 00       		.byte	0
 1997 07b4 00       		.byte	0
 1998 07b5 02       		.byte	2
 1999 07b6 00       		.byte	0
 2000 07b7 01       		.byte	1
 2001 07b8 00       		.byte	0
 2002 07b9 03       		.byte	3
 2003 07ba FF       		.byte	-1
 2004 07bb FF       		.byte	-1
 2005 07bc 00       		.byte	0
 2006 07bd 00       		.byte	0
 2007 07be 00       		.byte	0
 2008 07bf 00       		.byte	0
 2009 07c0 00       		.byte	0
 2010 07c1 02       		.byte	2
 2011 07c2 FF       		.byte	-1
 2012 07c3 FF       		.byte	-1
 2013 07c4 00       		.byte	0
 2014 07c5 00       		.byte	0
 2015 07c6 00       		.byte	0
 2016 07c7 02       		.byte	2
 2017 07c8 00       		.byte	0
 2018 07c9 02       		.byte	2
 2019 07ca FF       		.byte	-1
 2020 07cb FF       		.byte	-1
 2021 07cc 00       		.byte	0
 2022 07cd 00       		.byte	0
 2023 07ce FF       		.byte	-1
 2024 07cf FF       		.byte	-1
 2025 07d0 00       		.byte	0
 2026 07d1 00       		.byte	0
 2027 07d2 00       		.byte	0
 2028 07d3 03       		.byte	3
 2029 07d4 00       		.byte	0
 2030 07d5 02       		.byte	2
 2031 07d6 00       		.byte	0
 2032 07d7 04       		.byte	4
 2033 07d8 00       		.byte	0
 2034 07d9 03       		.byte	3
 2035 07da 00       		.byte	0
 2036 07db 05       		.byte	5
 2037 07dc 00       		.byte	0
 2038 07dd 04       		.byte	4
 2039 07de 00       		.byte	0
 2040 07df 02       		.byte	2
 2041 07e0 00       		.byte	0
 2042 07e1 05       		.byte	5
 2043 07e2 FF       		.byte	-1
 2044 07e3 FF       		.byte	-1
 2045 07e4 00       		.byte	0
 2046 07e5 00       		.byte	0
 2047 07e6 00       		.byte	0
 2048 07e7 00       		.byte	0
 2049 07e8 00       		.byte	0
 2050 07e9 02       		.byte	2
 2051 07ea FF       		.byte	-1
 2052 07eb FF       		.byte	-1
ARM GAS  C:\Users\164\AppData\Local\Temp\cc3hUwy0.s 			page 37


 2053 07ec 00       		.byte	0
 2054 07ed 00       		.byte	0
 2055 07ee 00       		.byte	0
 2056 07ef 00       		.byte	0
 2057 07f0 00       		.byte	0
 2058 07f1 02       		.byte	2
 2059 07f2 45       		.byte	69
 2060 07f3 4E       		.byte	78
 2061 07f4 44       		.byte	68
 2062 07f5 00       		.byte	0
 2063 07f6 00       		.byte	0
 2064 07f7 00       		.byte	0
 2065 07f8 00       		.byte	0
 2066 07f9 08       		.byte	8
 2067              		.text
 2068              	.Letext0:
 2069              		.file 1 "c:\\program files (x86)\\cypress\\psoc creator\\4.2\\psoc creator\\import\\gnu\\arm\\5.4.
 2070              		.file 2 "c:\\program files (x86)\\cypress\\psoc creator\\4.2\\psoc creator\\import\\gnu\\arm\\5.4.
 2071              		.file 3 "mrblib.c"
 2072              		.section	.debug_info,"",%progbits
 2073              	.Ldebug_info0:
 2074 0000 A9000000 		.4byte	0xa9
 2075 0004 0400     		.2byte	0x4
 2076 0006 00000000 		.4byte	.Ldebug_abbrev0
 2077 000a 04       		.byte	0x4
 2078 000b 01       		.uleb128 0x1
 2079 000c 18000000 		.4byte	.LASF12
 2080 0010 0C       		.byte	0xc
 2081 0011 37010000 		.4byte	.LASF13
 2082 0015 B6000000 		.4byte	.LASF14
 2083 0019 00000000 		.4byte	.Ldebug_line0
 2084 001d 02       		.uleb128 0x2
 2085 001e 01       		.byte	0x1
 2086 001f 06       		.byte	0x6
 2087 0020 6A010000 		.4byte	.LASF0
 2088 0024 03       		.uleb128 0x3
 2089 0025 00000000 		.4byte	.LASF9
 2090 0029 01       		.byte	0x1
 2091 002a 1D       		.byte	0x1d
 2092 002b 2F000000 		.4byte	0x2f
 2093 002f 02       		.uleb128 0x2
 2094 0030 01       		.byte	0x1
 2095 0031 08       		.byte	0x8
 2096 0032 0A000000 		.4byte	.LASF1
 2097 0036 02       		.uleb128 0x2
 2098 0037 02       		.byte	0x2
 2099 0038 05       		.byte	0x5
 2100 0039 57010000 		.4byte	.LASF2
 2101 003d 02       		.uleb128 0x2
 2102 003e 02       		.byte	0x2
 2103 003f 07       		.byte	0x7
 2104 0040 E6000000 		.4byte	.LASF3
 2105 0044 02       		.uleb128 0x2
 2106 0045 04       		.byte	0x4
 2107 0046 05       		.byte	0x5
 2108 0047 61010000 		.4byte	.LASF4
 2109 004b 02       		.uleb128 0x2
ARM GAS  C:\Users\164\AppData\Local\Temp\cc3hUwy0.s 			page 38


 2110 004c 04       		.byte	0x4
 2111 004d 07       		.byte	0x7
 2112 004e F9000000 		.4byte	.LASF5
 2113 0052 02       		.uleb128 0x2
 2114 0053 08       		.byte	0x8
 2115 0054 05       		.byte	0x5
 2116 0055 49010000 		.4byte	.LASF6
 2117 0059 02       		.uleb128 0x2
 2118 005a 08       		.byte	0x8
 2119 005b 07       		.byte	0x7
 2120 005c 18010000 		.4byte	.LASF7
 2121 0060 04       		.uleb128 0x4
 2122 0061 04       		.byte	0x4
 2123 0062 05       		.byte	0x5
 2124 0063 696E7400 		.ascii	"int\000"
 2125 0067 02       		.uleb128 0x2
 2126 0068 04       		.byte	0x4
 2127 0069 07       		.byte	0x7
 2128 006a 0B010000 		.4byte	.LASF8
 2129 006e 03       		.uleb128 0x3
 2130 006f 2F010000 		.4byte	.LASF10
 2131 0073 02       		.byte	0x2
 2132 0074 18       		.byte	0x18
 2133 0075 24000000 		.4byte	0x24
 2134 0079 05       		.uleb128 0x5
 2135 007a 91000000 		.4byte	0x91
 2136 007e 8A000000 		.4byte	0x8a
 2137 0082 06       		.uleb128 0x6
 2138 0083 8A000000 		.4byte	0x8a
 2139 0087 F907     		.2byte	0x7f9
 2140 0089 00       		.byte	0
 2141 008a 02       		.uleb128 0x2
 2142 008b 04       		.byte	0x4
 2143 008c 07       		.byte	0x7
 2144 008d 40010000 		.4byte	.LASF11
 2145 0091 07       		.uleb128 0x7
 2146 0092 6E000000 		.4byte	0x6e
 2147 0096 08       		.uleb128 0x8
 2148 0097 A6000000 		.4byte	.LASF15
 2149 009b 03       		.byte	0x3
 2150 009c 0B       		.byte	0xb
 2151 009d A7000000 		.4byte	0xa7
 2152 00a1 05       		.uleb128 0x5
 2153 00a2 03       		.byte	0x3
 2154 00a3 00000000 		.4byte	mrblib_bytecode
 2155 00a7 07       		.uleb128 0x7
 2156 00a8 79000000 		.4byte	0x79
 2157 00ac 00       		.byte	0
 2158              		.section	.debug_abbrev,"",%progbits
 2159              	.Ldebug_abbrev0:
 2160 0000 01       		.uleb128 0x1
 2161 0001 11       		.uleb128 0x11
 2162 0002 01       		.byte	0x1
 2163 0003 25       		.uleb128 0x25
 2164 0004 0E       		.uleb128 0xe
 2165 0005 13       		.uleb128 0x13
 2166 0006 0B       		.uleb128 0xb
ARM GAS  C:\Users\164\AppData\Local\Temp\cc3hUwy0.s 			page 39


 2167 0007 03       		.uleb128 0x3
 2168 0008 0E       		.uleb128 0xe
 2169 0009 1B       		.uleb128 0x1b
 2170 000a 0E       		.uleb128 0xe
 2171 000b 10       		.uleb128 0x10
 2172 000c 17       		.uleb128 0x17
 2173 000d 00       		.byte	0
 2174 000e 00       		.byte	0
 2175 000f 02       		.uleb128 0x2
 2176 0010 24       		.uleb128 0x24
 2177 0011 00       		.byte	0
 2178 0012 0B       		.uleb128 0xb
 2179 0013 0B       		.uleb128 0xb
 2180 0014 3E       		.uleb128 0x3e
 2181 0015 0B       		.uleb128 0xb
 2182 0016 03       		.uleb128 0x3
 2183 0017 0E       		.uleb128 0xe
 2184 0018 00       		.byte	0
 2185 0019 00       		.byte	0
 2186 001a 03       		.uleb128 0x3
 2187 001b 16       		.uleb128 0x16
 2188 001c 00       		.byte	0
 2189 001d 03       		.uleb128 0x3
 2190 001e 0E       		.uleb128 0xe
 2191 001f 3A       		.uleb128 0x3a
 2192 0020 0B       		.uleb128 0xb
 2193 0021 3B       		.uleb128 0x3b
 2194 0022 0B       		.uleb128 0xb
 2195 0023 49       		.uleb128 0x49
 2196 0024 13       		.uleb128 0x13
 2197 0025 00       		.byte	0
 2198 0026 00       		.byte	0
 2199 0027 04       		.uleb128 0x4
 2200 0028 24       		.uleb128 0x24
 2201 0029 00       		.byte	0
 2202 002a 0B       		.uleb128 0xb
 2203 002b 0B       		.uleb128 0xb
 2204 002c 3E       		.uleb128 0x3e
 2205 002d 0B       		.uleb128 0xb
 2206 002e 03       		.uleb128 0x3
 2207 002f 08       		.uleb128 0x8
 2208 0030 00       		.byte	0
 2209 0031 00       		.byte	0
 2210 0032 05       		.uleb128 0x5
 2211 0033 01       		.uleb128 0x1
 2212 0034 01       		.byte	0x1
 2213 0035 49       		.uleb128 0x49
 2214 0036 13       		.uleb128 0x13
 2215 0037 01       		.uleb128 0x1
 2216 0038 13       		.uleb128 0x13
 2217 0039 00       		.byte	0
 2218 003a 00       		.byte	0
 2219 003b 06       		.uleb128 0x6
 2220 003c 21       		.uleb128 0x21
 2221 003d 00       		.byte	0
 2222 003e 49       		.uleb128 0x49
 2223 003f 13       		.uleb128 0x13
ARM GAS  C:\Users\164\AppData\Local\Temp\cc3hUwy0.s 			page 40


 2224 0040 2F       		.uleb128 0x2f
 2225 0041 05       		.uleb128 0x5
 2226 0042 00       		.byte	0
 2227 0043 00       		.byte	0
 2228 0044 07       		.uleb128 0x7
 2229 0045 26       		.uleb128 0x26
 2230 0046 00       		.byte	0
 2231 0047 49       		.uleb128 0x49
 2232 0048 13       		.uleb128 0x13
 2233 0049 00       		.byte	0
 2234 004a 00       		.byte	0
 2235 004b 08       		.uleb128 0x8
 2236 004c 34       		.uleb128 0x34
 2237 004d 00       		.byte	0
 2238 004e 03       		.uleb128 0x3
 2239 004f 0E       		.uleb128 0xe
 2240 0050 3A       		.uleb128 0x3a
 2241 0051 0B       		.uleb128 0xb
 2242 0052 3B       		.uleb128 0x3b
 2243 0053 0B       		.uleb128 0xb
 2244 0054 49       		.uleb128 0x49
 2245 0055 13       		.uleb128 0x13
 2246 0056 3F       		.uleb128 0x3f
 2247 0057 19       		.uleb128 0x19
 2248 0058 02       		.uleb128 0x2
 2249 0059 18       		.uleb128 0x18
 2250 005a 00       		.byte	0
 2251 005b 00       		.byte	0
 2252 005c 00       		.byte	0
 2253              		.section	.debug_aranges,"",%progbits
 2254 0000 14000000 		.4byte	0x14
 2255 0004 0200     		.2byte	0x2
 2256 0006 00000000 		.4byte	.Ldebug_info0
 2257 000a 04       		.byte	0x4
 2258 000b 00       		.byte	0
 2259 000c 0000     		.2byte	0
 2260 000e 0000     		.2byte	0
 2261 0010 00000000 		.4byte	0
 2262 0014 00000000 		.4byte	0
 2263              		.section	.debug_line,"",%progbits
 2264              	.Ldebug_line0:
 2265 0000 22010000 		.section	.debug_str,"MS",%progbits,1
 2265      02001C01 
 2265      00000201 
 2265      FB0E0D00 
 2265      01010101 
 2266              	.LASF9:
 2267 0000 5F5F7569 		.ascii	"__uint8_t\000"
 2267      6E74385F 
 2267      7400
 2268              	.LASF1:
 2269 000a 756E7369 		.ascii	"unsigned char\000"
 2269      676E6564 
 2269      20636861 
 2269      7200
 2270              	.LASF12:
 2271 0018 474E5520 		.ascii	"GNU C11 5.4.1 20160609 (release) [ARM/embedded-5-br"
ARM GAS  C:\Users\164\AppData\Local\Temp\cc3hUwy0.s 			page 41


 2271      43313120 
 2271      352E342E 
 2271      31203230 
 2271      31363036 
 2272 004b 616E6368 		.ascii	"anch revision 237715] -mcpu=cortex-m3 -mthumb -g -O"
 2272      20726576 
 2272      6973696F 
 2272      6E203233 
 2272      37373135 
 2273 007e 67202D66 		.ascii	"g -ffunction-sections -ffat-lto-objects\000"
 2273      66756E63 
 2273      74696F6E 
 2273      2D736563 
 2273      74696F6E 
 2274              	.LASF15:
 2275 00a6 6D72626C 		.ascii	"mrblib_bytecode\000"
 2275      69625F62 
 2275      79746563 
 2275      6F646500 
 2276              	.LASF14:
 2277 00b6 433A5C55 		.ascii	"C:\\Users\\164\\Desktop\\github\\mcmc\\Design01.cyd"
 2277      73657273 
 2277      5C313634 
 2277      5C446573 
 2277      6B746F70 
 2278 00e3 736E00   		.ascii	"sn\000"
 2279              	.LASF3:
 2280 00e6 73686F72 		.ascii	"short unsigned int\000"
 2280      7420756E 
 2280      7369676E 
 2280      65642069 
 2280      6E7400
 2281              	.LASF5:
 2282 00f9 6C6F6E67 		.ascii	"long unsigned int\000"
 2282      20756E73 
 2282      69676E65 
 2282      6420696E 
 2282      7400
 2283              	.LASF8:
 2284 010b 756E7369 		.ascii	"unsigned int\000"
 2284      676E6564 
 2284      20696E74 
 2284      00
 2285              	.LASF7:
 2286 0118 6C6F6E67 		.ascii	"long long unsigned int\000"
 2286      206C6F6E 
 2286      6720756E 
 2286      7369676E 
 2286      65642069 
 2287              	.LASF10:
 2288 012f 75696E74 		.ascii	"uint8_t\000"
 2288      385F7400 
 2289              	.LASF13:
 2290 0137 6D72626C 		.ascii	"mrblib.c\000"
 2290      69622E63 
 2290      00
 2291              	.LASF11:
ARM GAS  C:\Users\164\AppData\Local\Temp\cc3hUwy0.s 			page 42


 2292 0140 73697A65 		.ascii	"sizetype\000"
 2292      74797065 
 2292      00
 2293              	.LASF6:
 2294 0149 6C6F6E67 		.ascii	"long long int\000"
 2294      206C6F6E 
 2294      6720696E 
 2294      7400
 2295              	.LASF2:
 2296 0157 73686F72 		.ascii	"short int\000"
 2296      7420696E 
 2296      7400
 2297              	.LASF4:
 2298 0161 6C6F6E67 		.ascii	"long int\000"
 2298      20696E74 
 2298      00
 2299              	.LASF0:
 2300 016a 7369676E 		.ascii	"signed char\000"
 2300      65642063 
 2300      68617200 
 2301              		.ident	"GCC: (GNU Tools for ARM Embedded Processors) 5.4.1 20160609 (release) [ARM/embedded-5-bran
