ARM GAS  C:\Users\164\AppData\Local\Temp\ccHjt0jt.s 			page 1


   1              		.syntax unified
   2              		.cpu cortex-m3
   3              		.fpu softvfp
   4              		.eabi_attribute 20, 1
   5              		.eabi_attribute 21, 1
   6              		.eabi_attribute 23, 3
   7              		.eabi_attribute 24, 1
   8              		.eabi_attribute 25, 1
   9              		.eabi_attribute 26, 1
  10              		.eabi_attribute 30, 1
  11              		.eabi_attribute 34, 1
  12              		.eabi_attribute 18, 4
  13              		.thumb
  14              		.syntax unified
  15              		.file	"static.c"
  16              		.text
  17              	.Ltext0:
  18              		.cfi_sections	.debug_frame
  19              		.section	.text.init_static,"ax",%progbits
  20              		.align	2
  21              		.global	init_static
  22              		.thumb
  23              		.thumb_func
  24              		.type	init_static, %function
  25              	init_static:
  26              	.LFB8:
  27              		.file 1 "..\\..\\mruby_c2\\Design01.cydsn\\static.c"
   1:..\..\mruby_c2\Design01.cydsn/static.c **** /*! @file
   2:..\..\mruby_c2\Design01.cydsn/static.c ****   @brief
   3:..\..\mruby_c2\Design01.cydsn/static.c ****   Declare static data.
   4:..\..\mruby_c2\Design01.cydsn/static.c **** 
   5:..\..\mruby_c2\Design01.cydsn/static.c ****   <pre>
   6:..\..\mruby_c2\Design01.cydsn/static.c ****   Copyright (C) 2015-2016 Kyushu Institute of Technology.
   7:..\..\mruby_c2\Design01.cydsn/static.c ****   Copyright (C) 2015-2016 Shimane IT Open-Innovation Center.
   8:..\..\mruby_c2\Design01.cydsn/static.c **** 
   9:..\..\mruby_c2\Design01.cydsn/static.c ****   This file is distributed under BSD 3-Clause License.
  10:..\..\mruby_c2\Design01.cydsn/static.c ****   </pre>
  11:..\..\mruby_c2\Design01.cydsn/static.c **** */
  12:..\..\mruby_c2\Design01.cydsn/static.c **** 
  13:..\..\mruby_c2\Design01.cydsn/static.c **** #include "vm_config.h"
  14:..\..\mruby_c2\Design01.cydsn/static.c **** #include "static.h"
  15:..\..\mruby_c2\Design01.cydsn/static.c **** #include "class.h"
  16:..\..\mruby_c2\Design01.cydsn/static.c **** #include "symbol.h"
  17:..\..\mruby_c2\Design01.cydsn/static.c **** 
  18:..\..\mruby_c2\Design01.cydsn/static.c **** /* Class Tree */
  19:..\..\mruby_c2\Design01.cydsn/static.c **** mrb_class *mrbc_class_object;
  20:..\..\mruby_c2\Design01.cydsn/static.c **** 
  21:..\..\mruby_c2\Design01.cydsn/static.c **** /* Proc */
  22:..\..\mruby_c2\Design01.cydsn/static.c **** mrb_class *mrbc_class_proc;
  23:..\..\mruby_c2\Design01.cydsn/static.c **** 
  24:..\..\mruby_c2\Design01.cydsn/static.c **** /* Classes */
  25:..\..\mruby_c2\Design01.cydsn/static.c **** mrb_class *mrbc_class_false;
  26:..\..\mruby_c2\Design01.cydsn/static.c **** mrb_class *mrbc_class_true;
  27:..\..\mruby_c2\Design01.cydsn/static.c **** mrb_class *mrbc_class_nil;
  28:..\..\mruby_c2\Design01.cydsn/static.c **** mrb_class *mrbc_class_array;
  29:..\..\mruby_c2\Design01.cydsn/static.c **** mrb_class *mrbc_class_fixnum;
  30:..\..\mruby_c2\Design01.cydsn/static.c **** mrb_class *mrbc_class_symbol;
ARM GAS  C:\Users\164\AppData\Local\Temp\ccHjt0jt.s 			page 2


  31:..\..\mruby_c2\Design01.cydsn/static.c **** mrb_class *mrbc_class_float;
  32:..\..\mruby_c2\Design01.cydsn/static.c **** mrb_class *mrbc_class_math;
  33:..\..\mruby_c2\Design01.cydsn/static.c **** mrb_class *mrbc_class_string;
  34:..\..\mruby_c2\Design01.cydsn/static.c **** mrb_class *mrbc_class_range;
  35:..\..\mruby_c2\Design01.cydsn/static.c **** mrb_class *mrbc_class_hash;
  36:..\..\mruby_c2\Design01.cydsn/static.c **** 
  37:..\..\mruby_c2\Design01.cydsn/static.c **** void init_static(void)
  38:..\..\mruby_c2\Design01.cydsn/static.c **** {
  28              		.loc 1 38 0
  29              		.cfi_startproc
  30              		@ args = 0, pretend = 0, frame = 0
  31              		@ frame_needed = 0, uses_anonymous_args = 0
  32 0000 08B5     		push	{r3, lr}
  33              		.cfi_def_cfa_offset 8
  34              		.cfi_offset 3, -8
  35              		.cfi_offset 14, -4
  39:..\..\mruby_c2\Design01.cydsn/static.c ****   mrbc_init_global();
  36              		.loc 1 39 0
  37 0002 FFF7FEFF 		bl	mrbc_init_global
  38              	.LVL0:
  40:..\..\mruby_c2\Design01.cydsn/static.c **** 
  41:..\..\mruby_c2\Design01.cydsn/static.c ****   mrbc_init_class();
  39              		.loc 1 41 0
  40 0006 FFF7FEFF 		bl	mrbc_init_class
  41              	.LVL1:
  42 000a 08BD     		pop	{r3, pc}
  43              		.cfi_endproc
  44              	.LFE8:
  45              		.size	init_static, .-init_static
  46              		.comm	mrbc_class_hash,4,4
  47              		.comm	mrbc_class_range,4,4
  48              		.comm	mrbc_class_string,4,4
  49              		.comm	mrbc_class_math,4,4
  50              		.comm	mrbc_class_float,4,4
  51              		.comm	mrbc_class_symbol,4,4
  52              		.comm	mrbc_class_fixnum,4,4
  53              		.comm	mrbc_class_array,4,4
  54              		.comm	mrbc_class_nil,4,4
  55              		.comm	mrbc_class_true,4,4
  56              		.comm	mrbc_class_false,4,4
  57              		.comm	mrbc_class_proc,4,4
  58              		.comm	mrbc_class_object,4,4
  59              		.text
  60              	.Letext0:
  61              		.file 2 "c:\\program files (x86)\\cypress\\psoc creator\\4.2\\psoc creator\\import\\gnu\\arm\\5.4.
  62              		.file 3 "c:\\program files (x86)\\cypress\\psoc creator\\4.2\\psoc creator\\import\\gnu\\arm\\5.4.
  63              		.file 4 "..\\..\\mruby_c2\\Design01.cydsn\\value.h"
  64              		.file 5 "..\\..\\mruby_c2\\Design01.cydsn\\vm.h"
  65              		.file 6 "..\\..\\mruby_c2\\Design01.cydsn\\global.h"
  66              		.file 7 "..\\..\\mruby_c2\\Design01.cydsn\\class.h"
  67              		.section	.debug_info,"",%progbits
  68              	.Ldebug_info0:
  69 0000 AD060000 		.4byte	0x6ad
  70 0004 0400     		.2byte	0x4
  71 0006 00000000 		.4byte	.Ldebug_abbrev0
  72 000a 04       		.byte	0x4
  73 000b 01       		.uleb128 0x1
ARM GAS  C:\Users\164\AppData\Local\Temp\ccHjt0jt.s 			page 3


  74 000c A4040000 		.4byte	.LASF108
  75 0010 0C       		.byte	0xc
  76 0011 2A020000 		.4byte	.LASF109
  77 0015 2F030000 		.4byte	.LASF110
  78 0019 00000000 		.4byte	.Ldebug_ranges0+0
  79 001d 00000000 		.4byte	0
  80 0021 00000000 		.4byte	.Ldebug_line0
  81 0025 02       		.uleb128 0x2
  82 0026 15030000 		.4byte	.LASF0
  83 002a 02       		.byte	0x2
  84 002b 1B       		.byte	0x1b
  85 002c 30000000 		.4byte	0x30
  86 0030 03       		.uleb128 0x3
  87 0031 01       		.byte	0x1
  88 0032 06       		.byte	0x6
  89 0033 8C020000 		.4byte	.LASF2
  90 0037 02       		.uleb128 0x2
  91 0038 FB010000 		.4byte	.LASF1
  92 003c 02       		.byte	0x2
  93 003d 1D       		.byte	0x1d
  94 003e 42000000 		.4byte	0x42
  95 0042 03       		.uleb128 0x3
  96 0043 01       		.byte	0x1
  97 0044 08       		.byte	0x8
  98 0045 51020000 		.4byte	.LASF3
  99 0049 02       		.uleb128 0x2
 100 004a 55040000 		.4byte	.LASF4
 101 004e 02       		.byte	0x2
 102 004f 29       		.byte	0x29
 103 0050 54000000 		.4byte	0x54
 104 0054 03       		.uleb128 0x3
 105 0055 02       		.byte	0x2
 106 0056 05       		.byte	0x5
 107 0057 7C000000 		.4byte	.LASF5
 108 005b 02       		.uleb128 0x2
 109 005c C4000000 		.4byte	.LASF6
 110 0060 02       		.byte	0x2
 111 0061 2B       		.byte	0x2b
 112 0062 66000000 		.4byte	0x66
 113 0066 03       		.uleb128 0x3
 114 0067 02       		.byte	0x2
 115 0068 07       		.byte	0x7
 116 0069 02030000 		.4byte	.LASF7
 117 006d 02       		.uleb128 0x2
 118 006e 45040000 		.4byte	.LASF8
 119 0072 02       		.byte	0x2
 120 0073 3F       		.byte	0x3f
 121 0074 78000000 		.4byte	0x78
 122 0078 03       		.uleb128 0x3
 123 0079 04       		.byte	0x4
 124 007a 05       		.byte	0x5
 125 007b B6010000 		.4byte	.LASF9
 126 007f 03       		.uleb128 0x3
 127 0080 04       		.byte	0x4
 128 0081 07       		.byte	0x7
 129 0082 F4030000 		.4byte	.LASF10
 130 0086 03       		.uleb128 0x3
ARM GAS  C:\Users\164\AppData\Local\Temp\ccHjt0jt.s 			page 4


 131 0087 08       		.byte	0x8
 132 0088 05       		.byte	0x5
 133 0089 75010000 		.4byte	.LASF11
 134 008d 03       		.uleb128 0x3
 135 008e 08       		.byte	0x8
 136 008f 07       		.byte	0x7
 137 0090 9D020000 		.4byte	.LASF12
 138 0094 04       		.uleb128 0x4
 139 0095 04       		.byte	0x4
 140 0096 05       		.byte	0x5
 141 0097 696E7400 		.ascii	"int\000"
 142 009b 03       		.uleb128 0x3
 143 009c 04       		.byte	0x4
 144 009d 07       		.byte	0x7
 145 009e BF020000 		.4byte	.LASF13
 146 00a2 02       		.uleb128 0x2
 147 00a3 53000000 		.4byte	.LASF14
 148 00a7 03       		.byte	0x3
 149 00a8 14       		.byte	0x14
 150 00a9 25000000 		.4byte	0x25
 151 00ad 02       		.uleb128 0x2
 152 00ae 17010000 		.4byte	.LASF15
 153 00b2 03       		.byte	0x3
 154 00b3 18       		.byte	0x18
 155 00b4 37000000 		.4byte	0x37
 156 00b8 02       		.uleb128 0x2
 157 00b9 86030000 		.4byte	.LASF16
 158 00bd 03       		.byte	0x3
 159 00be 20       		.byte	0x20
 160 00bf 49000000 		.4byte	0x49
 161 00c3 02       		.uleb128 0x2
 162 00c4 CC020000 		.4byte	.LASF17
 163 00c8 03       		.byte	0x3
 164 00c9 24       		.byte	0x24
 165 00ca 5B000000 		.4byte	0x5b
 166 00ce 02       		.uleb128 0x2
 167 00cf 67030000 		.4byte	.LASF18
 168 00d3 03       		.byte	0x3
 169 00d4 2C       		.byte	0x2c
 170 00d5 6D000000 		.4byte	0x6d
 171 00d9 02       		.uleb128 0x2
 172 00da 15040000 		.4byte	.LASF19
 173 00de 04       		.byte	0x4
 174 00df 1C       		.byte	0x1c
 175 00e0 B8000000 		.4byte	0xb8
 176 00e4 02       		.uleb128 0x2
 177 00e5 B4020000 		.4byte	.LASF20
 178 00e9 04       		.byte	0x4
 179 00ea 2C       		.byte	0x2c
 180 00eb EF000000 		.4byte	0xef
 181 00ef 05       		.uleb128 0x5
 182 00f0 04       		.byte	0x4
 183 00f1 F5000000 		.4byte	0xf5
 184 00f5 06       		.uleb128 0x6
 185 00f6 0A010000 		.4byte	0x10a
 186 00fa 07       		.uleb128 0x7
 187 00fb 0A010000 		.4byte	0x10a
ARM GAS  C:\Users\164\AppData\Local\Temp\ccHjt0jt.s 			page 5


 188 00ff 07       		.uleb128 0x7
 189 0100 BF010000 		.4byte	0x1bf
 190 0104 07       		.uleb128 0x7
 191 0105 94000000 		.4byte	0x94
 192 0109 00       		.byte	0
 193 010a 05       		.uleb128 0x5
 194 010b 04       		.byte	0x4
 195 010c 10010000 		.4byte	0x110
 196 0110 08       		.uleb128 0x8
 197 0111 564D00   		.ascii	"VM\000"
 198 0114 400E     		.2byte	0xe40
 199 0116 05       		.byte	0x5
 200 0117 40       		.byte	0x40
 201 0118 BF010000 		.4byte	0x1bf
 202 011c 09       		.uleb128 0x9
 203 011d 0B020000 		.4byte	.LASF21
 204 0121 05       		.byte	0x5
 205 0122 41       		.byte	0x41
 206 0123 48050000 		.4byte	0x548
 207 0127 00       		.byte	0
 208 0128 09       		.uleb128 0x9
 209 0129 9D010000 		.4byte	.LASF22
 210 012d 05       		.byte	0x5
 211 012e 43       		.byte	0x43
 212 012f AD000000 		.4byte	0xad
 213 0133 04       		.byte	0x4
 214 0134 0A       		.uleb128 0xa
 215 0135 6D726200 		.ascii	"mrb\000"
 216 0139 05       		.byte	0x5
 217 013a 44       		.byte	0x44
 218 013b 65050000 		.4byte	0x565
 219 013f 08       		.byte	0x8
 220 0140 09       		.uleb128 0x9
 221 0141 95010000 		.4byte	.LASF23
 222 0145 05       		.byte	0x5
 223 0146 46       		.byte	0x46
 224 0147 48050000 		.4byte	0x548
 225 014b 0C       		.byte	0xc
 226 014c 0A       		.uleb128 0xa
 227 014d 706300   		.ascii	"pc\000"
 228 0150 05       		.byte	0x5
 229 0151 47       		.byte	0x47
 230 0152 C3000000 		.4byte	0xc3
 231 0156 10       		.byte	0x10
 232 0157 09       		.uleb128 0x9
 233 0158 53050000 		.4byte	.LASF24
 234 015c 05       		.byte	0x5
 235 015d 4A       		.byte	0x4a
 236 015e 70050000 		.4byte	0x570
 237 0162 18       		.byte	0x18
 238 0163 0B       		.uleb128 0xb
 239 0164 1D020000 		.4byte	.LASF25
 240 0168 05       		.byte	0x5
 241 0169 4B       		.byte	0x4b
 242 016a 4E050000 		.4byte	0x54e
 243 016e 5806     		.2byte	0x658
 244 0170 0B       		.uleb128 0xb
ARM GAS  C:\Users\164\AppData\Local\Temp\ccHjt0jt.s 			page 6


 245 0171 68010000 		.4byte	.LASF26
 246 0175 05       		.byte	0x5
 247 0176 4C       		.byte	0x4c
 248 0177 C3000000 		.4byte	0xc3
 249 017b 5C06     		.2byte	0x65c
 250 017d 0B       		.uleb128 0xb
 251 017e 99000000 		.4byte	.LASF27
 252 0182 05       		.byte	0x5
 253 0183 4D       		.byte	0x4d
 254 0184 80050000 		.4byte	0x580
 255 0188 6006     		.2byte	0x660
 256 018a 0B       		.uleb128 0xb
 257 018b 62050000 		.4byte	.LASF28
 258 018f 05       		.byte	0x5
 259 0190 4F       		.byte	0x4f
 260 0191 54050000 		.4byte	0x554
 261 0195 300E     		.2byte	0xe30
 262 0197 0B       		.uleb128 0xb
 263 0198 2F010000 		.4byte	.LASF29
 264 019c 05       		.byte	0x5
 265 019d 51       		.byte	0x51
 266 019e CE000000 		.4byte	0xce
 267 01a2 340E     		.2byte	0xe34
 268 01a4 0B       		.uleb128 0xb
 269 01a5 CC010000 		.4byte	.LASF30
 270 01a9 05       		.byte	0x5
 271 01aa 53       		.byte	0x53
 272 01ab 90050000 		.4byte	0x590
 273 01af 380E     		.2byte	0xe38
 274 01b1 0B       		.uleb128 0xb
 275 01b2 1B000000 		.4byte	.LASF31
 276 01b6 05       		.byte	0x5
 277 01b7 54       		.byte	0x54
 278 01b8 A2000000 		.4byte	0xa2
 279 01bc 390E     		.2byte	0xe39
 280 01be 00       		.byte	0
 281 01bf 05       		.uleb128 0x5
 282 01c0 04       		.byte	0x4
 283 01c1 C5010000 		.4byte	0x1c5
 284 01c5 0C       		.uleb128 0xc
 285 01c6 73020000 		.4byte	.LASF32
 286 01ca 10       		.byte	0x10
 287 01cb 04       		.byte	0x4
 288 01cc 68       		.byte	0x68
 289 01cd E6010000 		.4byte	0x1e6
 290 01d1 0D       		.uleb128 0xd
 291 01d2 747400   		.ascii	"tt\000"
 292 01d5 04       		.byte	0x4
 293 01d6 69       		.byte	0x69
 294 01d7 4D020000 		.4byte	0x24d
 295 01db 01       		.byte	0x1
 296 01dc 08       		.byte	0x8
 297 01dd 00       		.byte	0
 298 01de 00       		.byte	0
 299 01df 0E       		.uleb128 0xe
 300 01e0 58020000 		.4byte	0x258
 301 01e4 08       		.byte	0x8
ARM GAS  C:\Users\164\AppData\Local\Temp\ccHjt0jt.s 			page 7


 302 01e5 00       		.byte	0
 303 01e6 0F       		.uleb128 0xf
 304 01e7 01       		.byte	0x1
 305 01e8 30000000 		.4byte	0x30
 306 01ec 04       		.byte	0x4
 307 01ed 33       		.byte	0x33
 308 01ee 4D020000 		.4byte	0x24d
 309 01f2 10       		.uleb128 0x10
 310 01f3 96040000 		.4byte	.LASF33
 311 01f7 7F       		.sleb128 -1
 312 01f8 11       		.uleb128 0x11
 313 01f9 73040000 		.4byte	.LASF34
 314 01fd 00       		.byte	0
 315 01fe 11       		.uleb128 0x11
 316 01ff 68020000 		.4byte	.LASF35
 317 0203 01       		.byte	0x1
 318 0204 11       		.uleb128 0x11
 319 0205 3F010000 		.4byte	.LASF36
 320 0209 02       		.byte	0x2
 321 020a 11       		.uleb128 0x11
 322 020b 0B010000 		.4byte	.LASF37
 323 020f 03       		.byte	0x3
 324 0210 11       		.uleb128 0x11
 325 0211 32040000 		.4byte	.LASF38
 326 0215 04       		.byte	0x4
 327 0216 11       		.uleb128 0x11
 328 0217 10020000 		.4byte	.LASF39
 329 021b 05       		.byte	0x5
 330 021c 11       		.uleb128 0x11
 331 021d D5020000 		.4byte	.LASF40
 332 0221 06       		.byte	0x6
 333 0222 11       		.uleb128 0x11
 334 0223 8E030000 		.4byte	.LASF41
 335 0227 07       		.byte	0x7
 336 0228 11       		.uleb128 0x11
 337 0229 D5030000 		.4byte	.LASF42
 338 022d 14       		.byte	0x14
 339 022e 11       		.uleb128 0x11
 340 022f F1020000 		.4byte	.LASF43
 341 0233 15       		.byte	0x15
 342 0234 11       		.uleb128 0x11
 343 0235 A9010000 		.4byte	.LASF44
 344 0239 16       		.byte	0x16
 345 023a 11       		.uleb128 0x11
 346 023b 0D000000 		.4byte	.LASF45
 347 023f 17       		.byte	0x17
 348 0240 11       		.uleb128 0x11
 349 0241 2D000000 		.4byte	.LASF46
 350 0245 18       		.byte	0x18
 351 0246 11       		.uleb128 0x11
 352 0247 80020000 		.4byte	.LASF47
 353 024b 19       		.byte	0x19
 354 024c 00       		.byte	0
 355 024d 02       		.uleb128 0x2
 356 024e 3F050000 		.4byte	.LASF48
 357 0252 04       		.byte	0x4
 358 0253 49       		.byte	0x49
ARM GAS  C:\Users\164\AppData\Local\Temp\ccHjt0jt.s 			page 8


 359 0254 E6010000 		.4byte	0x1e6
 360 0258 12       		.uleb128 0x12
 361 0259 08       		.byte	0x8
 362 025a 04       		.byte	0x4
 363 025b 6A       		.byte	0x6a
 364 025c D6020000 		.4byte	0x2d6
 365 0260 13       		.uleb128 0x13
 366 0261 6900     		.ascii	"i\000"
 367 0263 04       		.byte	0x4
 368 0264 6B       		.byte	0x6b
 369 0265 CE000000 		.4byte	0xce
 370 0269 13       		.uleb128 0x13
 371 026a 6400     		.ascii	"d\000"
 372 026c 04       		.byte	0x4
 373 026d 6D       		.byte	0x6d
 374 026e D6020000 		.4byte	0x2d6
 375 0272 13       		.uleb128 0x13
 376 0273 636C7300 		.ascii	"cls\000"
 377 0277 04       		.byte	0x4
 378 0278 6F       		.byte	0x6f
 379 0279 0E030000 		.4byte	0x30e
 380 027d 14       		.uleb128 0x14
 381 027e E0000000 		.4byte	.LASF49
 382 0282 04       		.byte	0x4
 383 0283 70       		.byte	0x70
 384 0284 BF010000 		.4byte	0x1bf
 385 0288 14       		.uleb128 0x14
 386 0289 E3020000 		.4byte	.LASF50
 387 028d 04       		.byte	0x4
 388 028e 71       		.byte	0x71
 389 028f 5F030000 		.4byte	0x35f
 390 0293 14       		.uleb128 0x14
 391 0294 98020000 		.4byte	.LASF51
 392 0298 04       		.byte	0x4
 393 0299 72       		.byte	0x72
 394 029a B9030000 		.4byte	0x3b9
 395 029e 14       		.uleb128 0x14
 396 029f 1D040000 		.4byte	.LASF52
 397 02a3 04       		.byte	0x4
 398 02a4 73       		.byte	0x73
 399 02a5 C4030000 		.4byte	0x3c4
 400 02a9 14       		.uleb128 0x14
 401 02aa C5010000 		.4byte	.LASF53
 402 02ae 04       		.byte	0x4
 403 02af 74       		.byte	0x74
 404 02b0 CF030000 		.4byte	0x3cf
 405 02b4 13       		.uleb128 0x13
 406 02b5 73747200 		.ascii	"str\000"
 407 02b9 04       		.byte	0x4
 408 02ba 75       		.byte	0x75
 409 02bb D5030000 		.4byte	0x3d5
 410 02bf 14       		.uleb128 0x14
 411 02c0 4F040000 		.4byte	.LASF54
 412 02c4 04       		.byte	0x4
 413 02c5 76       		.byte	0x76
 414 02c6 EC030000 		.4byte	0x3ec
 415 02ca 14       		.uleb128 0x14
ARM GAS  C:\Users\164\AppData\Local\Temp\ccHjt0jt.s 			page 9


 416 02cb 7B020000 		.4byte	.LASF55
 417 02cf 04       		.byte	0x4
 418 02d0 77       		.byte	0x77
 419 02d1 F7030000 		.4byte	0x3f7
 420 02d5 00       		.byte	0
 421 02d6 03       		.uleb128 0x3
 422 02d7 08       		.byte	0x8
 423 02d8 04       		.byte	0x4
 424 02d9 06040000 		.4byte	.LASF56
 425 02dd 0C       		.uleb128 0xc
 426 02de 06000000 		.4byte	.LASF57
 427 02e2 0C       		.byte	0xc
 428 02e3 04       		.byte	0x4
 429 02e4 81       		.byte	0x81
 430 02e5 0E030000 		.4byte	0x30e
 431 02e9 09       		.uleb128 0x9
 432 02ea 28030000 		.4byte	.LASF58
 433 02ee 04       		.byte	0x4
 434 02ef 82       		.byte	0x82
 435 02f0 D9000000 		.4byte	0xd9
 436 02f4 00       		.byte	0
 437 02f5 09       		.uleb128 0x9
 438 02f6 00000000 		.4byte	.LASF59
 439 02fa 04       		.byte	0x4
 440 02fb 86       		.byte	0x86
 441 02fc 0E030000 		.4byte	0x30e
 442 0300 04       		.byte	0x4
 443 0301 09       		.uleb128 0x9
 444 0302 80040000 		.4byte	.LASF60
 445 0306 04       		.byte	0x4
 446 0307 87       		.byte	0x87
 447 0308 B9030000 		.4byte	0x3b9
 448 030c 08       		.byte	0x8
 449 030d 00       		.byte	0
 450 030e 05       		.uleb128 0x5
 451 030f 04       		.byte	0x4
 452 0310 DD020000 		.4byte	0x2dd
 453 0314 0C       		.uleb128 0xc
 454 0315 58050000 		.4byte	.LASF61
 455 0319 0C       		.byte	0xc
 456 031a 04       		.byte	0x4
 457 031b 8F       		.byte	0x8f
 458 031c 5F030000 		.4byte	0x35f
 459 0320 09       		.uleb128 0x9
 460 0321 E5010000 		.4byte	.LASF62
 461 0325 04       		.byte	0x4
 462 0326 90       		.byte	0x90
 463 0327 C3000000 		.4byte	0xc3
 464 032b 00       		.byte	0
 465 032c 0D       		.uleb128 0xd
 466 032d 747400   		.ascii	"tt\000"
 467 0330 04       		.byte	0x4
 468 0331 90       		.byte	0x90
 469 0332 4D020000 		.4byte	0x24d
 470 0336 01       		.byte	0x1
 471 0337 08       		.byte	0x8
 472 0338 00       		.byte	0
ARM GAS  C:\Users\164\AppData\Local\Temp\ccHjt0jt.s 			page 10


 473 0339 02       		.byte	0x2
 474 033a 0A       		.uleb128 0xa
 475 033b 636C7300 		.ascii	"cls\000"
 476 033f 04       		.byte	0x4
 477 0340 92       		.byte	0x92
 478 0341 0E030000 		.4byte	0x30e
 479 0345 04       		.byte	0x4
 480 0346 09       		.uleb128 0x9
 481 0347 40040000 		.4byte	.LASF63
 482 034b 04       		.byte	0x4
 483 034c 93       		.byte	0x93
 484 034d 23040000 		.4byte	0x423
 485 0351 08       		.byte	0x8
 486 0352 09       		.uleb128 0x9
 487 0353 9B030000 		.4byte	.LASF64
 488 0357 04       		.byte	0x4
 489 0358 94       		.byte	0x94
 490 0359 29040000 		.4byte	0x429
 491 035d 0C       		.byte	0xc
 492 035e 00       		.byte	0
 493 035f 05       		.uleb128 0x5
 494 0360 04       		.byte	0x4
 495 0361 14030000 		.4byte	0x314
 496 0365 0C       		.uleb128 0xc
 497 0366 BF010000 		.4byte	.LASF65
 498 036a 10       		.byte	0x10
 499 036b 04       		.byte	0x4
 500 036c 9C       		.byte	0x9c
 501 036d B9030000 		.4byte	0x3b9
 502 0371 09       		.uleb128 0x9
 503 0372 E5010000 		.4byte	.LASF62
 504 0376 04       		.byte	0x4
 505 0377 9D       		.byte	0x9d
 506 0378 C3000000 		.4byte	0xc3
 507 037c 00       		.byte	0
 508 037d 0D       		.uleb128 0xd
 509 037e 747400   		.ascii	"tt\000"
 510 0381 04       		.byte	0x4
 511 0382 9D       		.byte	0x9d
 512 0383 4D020000 		.4byte	0x24d
 513 0387 01       		.byte	0x1
 514 0388 08       		.byte	0x8
 515 0389 00       		.byte	0
 516 038a 02       		.byte	0x2
 517 038b 15       		.uleb128 0x15
 518 038c CE030000 		.4byte	.LASF66
 519 0390 04       		.byte	0x4
 520 0391 9F       		.byte	0x9f
 521 0392 9B000000 		.4byte	0x9b
 522 0396 04       		.byte	0x4
 523 0397 01       		.byte	0x1
 524 0398 07       		.byte	0x7
 525 0399 00       		.byte	0
 526 039a 09       		.uleb128 0x9
 527 039b 28030000 		.4byte	.LASF58
 528 039f 04       		.byte	0x4
 529 03a0 A0       		.byte	0xa0
ARM GAS  C:\Users\164\AppData\Local\Temp\ccHjt0jt.s 			page 11


 530 03a1 D9000000 		.4byte	0xd9
 531 03a5 04       		.byte	0x4
 532 03a6 09       		.uleb128 0x9
 533 03a7 4E050000 		.4byte	.LASF67
 534 03ab 04       		.byte	0x4
 535 03ac A4       		.byte	0xa4
 536 03ad B9030000 		.4byte	0x3b9
 537 03b1 08       		.byte	0x8
 538 03b2 0E       		.uleb128 0xe
 539 03b3 3F040000 		.4byte	0x43f
 540 03b7 0C       		.byte	0xc
 541 03b8 00       		.byte	0
 542 03b9 05       		.uleb128 0x5
 543 03ba 04       		.byte	0x4
 544 03bb 65030000 		.4byte	0x365
 545 03bf 16       		.uleb128 0x16
 546 03c0 7F030000 		.4byte	.LASF68
 547 03c4 05       		.uleb128 0x5
 548 03c5 04       		.byte	0x4
 549 03c6 BF030000 		.4byte	0x3bf
 550 03ca 16       		.uleb128 0x16
 551 03cb 0D040000 		.4byte	.LASF69
 552 03cf 05       		.uleb128 0x5
 553 03d0 04       		.byte	0x4
 554 03d1 CA030000 		.4byte	0x3ca
 555 03d5 05       		.uleb128 0x5
 556 03d6 04       		.byte	0x4
 557 03d7 E2030000 		.4byte	0x3e2
 558 03db 03       		.uleb128 0x3
 559 03dc 01       		.byte	0x1
 560 03dd 08       		.byte	0x8
 561 03de 23030000 		.4byte	.LASF70
 562 03e2 17       		.uleb128 0x17
 563 03e3 DB030000 		.4byte	0x3db
 564 03e7 16       		.uleb128 0x16
 565 03e8 38050000 		.4byte	.LASF71
 566 03ec 05       		.uleb128 0x5
 567 03ed 04       		.byte	0x4
 568 03ee E7030000 		.4byte	0x3e7
 569 03f2 16       		.uleb128 0x16
 570 03f3 A3010000 		.4byte	.LASF72
 571 03f7 05       		.uleb128 0x5
 572 03f8 04       		.byte	0x4
 573 03f9 F2030000 		.4byte	0x3f2
 574 03fd 02       		.uleb128 0x2
 575 03fe 8E000000 		.4byte	.LASF73
 576 0402 04       		.byte	0x4
 577 0403 79       		.byte	0x79
 578 0404 C5010000 		.4byte	0x1c5
 579 0408 02       		.uleb128 0x2
 580 0409 69040000 		.4byte	.LASF74
 581 040d 04       		.byte	0x4
 582 040e 7A       		.byte	0x7a
 583 040f C5010000 		.4byte	0x1c5
 584 0413 02       		.uleb128 0x2
 585 0414 5F040000 		.4byte	.LASF75
 586 0418 04       		.byte	0x4
ARM GAS  C:\Users\164\AppData\Local\Temp\ccHjt0jt.s 			page 12


 587 0419 88       		.byte	0x88
 588 041a DD020000 		.4byte	0x2dd
 589 041e 16       		.uleb128 0x16
 590 041f 43000000 		.4byte	.LASF76
 591 0423 05       		.uleb128 0x5
 592 0424 04       		.byte	0x4
 593 0425 1E040000 		.4byte	0x41e
 594 0429 18       		.uleb128 0x18
 595 042a AD000000 		.4byte	0xad
 596 042e 38040000 		.4byte	0x438
 597 0432 19       		.uleb128 0x19
 598 0433 38040000 		.4byte	0x438
 599 0437 00       		.byte	0
 600 0438 03       		.uleb128 0x3
 601 0439 04       		.byte	0x4
 602 043a 07       		.byte	0x7
 603 043b DC010000 		.4byte	.LASF77
 604 043f 12       		.uleb128 0x12
 605 0440 04       		.byte	0x4
 606 0441 04       		.byte	0x4
 607 0442 A5       		.byte	0xa5
 608 0443 5E040000 		.4byte	0x45e
 609 0447 14       		.uleb128 0x14
 610 0448 0B020000 		.4byte	.LASF21
 611 044c 04       		.byte	0x4
 612 044d A6       		.byte	0xa6
 613 044e D7040000 		.4byte	0x4d7
 614 0452 14       		.uleb128 0x14
 615 0453 63010000 		.4byte	.LASF78
 616 0457 04       		.byte	0x4
 617 0458 A7       		.byte	0xa7
 618 0459 E4000000 		.4byte	0xe4
 619 045d 00       		.byte	0
 620 045e 0C       		.uleb128 0xc
 621 045f 5E010000 		.4byte	.LASF79
 622 0463 1C       		.byte	0x1c
 623 0464 05       		.byte	0x5
 624 0465 20       		.byte	0x20
 625 0466 D7040000 		.4byte	0x4d7
 626 046a 09       		.uleb128 0x9
 627 046b 86000000 		.4byte	.LASF80
 628 046f 05       		.byte	0x5
 629 0470 21       		.byte	0x21
 630 0471 C3000000 		.4byte	0xc3
 631 0475 00       		.byte	0
 632 0476 09       		.uleb128 0x9
 633 0477 05020000 		.4byte	.LASF81
 634 047b 05       		.byte	0x5
 635 047c 22       		.byte	0x22
 636 047d C3000000 		.4byte	0xc3
 637 0481 02       		.byte	0x2
 638 0482 09       		.uleb128 0x9
 639 0483 1E030000 		.4byte	.LASF82
 640 0487 05       		.byte	0x5
 641 0488 23       		.byte	0x23
 642 0489 C3000000 		.4byte	0xc3
 643 048d 04       		.byte	0x4
ARM GAS  C:\Users\164\AppData\Local\Temp\ccHjt0jt.s 			page 13


 644 048e 09       		.uleb128 0x9
 645 048f 49050000 		.4byte	.LASF83
 646 0493 05       		.byte	0x5
 647 0494 24       		.byte	0x24
 648 0495 C3000000 		.4byte	0xc3
 649 0499 06       		.byte	0x6
 650 049a 09       		.uleb128 0x9
 651 049b FD020000 		.4byte	.LASF84
 652 049f 05       		.byte	0x5
 653 04a0 25       		.byte	0x25
 654 04a1 C3000000 		.4byte	0xc3
 655 04a5 08       		.byte	0x8
 656 04a6 09       		.uleb128 0x9
 657 04a7 EC020000 		.4byte	.LASF85
 658 04ab 05       		.byte	0x5
 659 04ac 27       		.byte	0x27
 660 04ad DD040000 		.4byte	0x4dd
 661 04b1 0C       		.byte	0xc
 662 04b2 09       		.uleb128 0x9
 663 04b3 32050000 		.4byte	.LASF86
 664 04b7 05       		.byte	0x5
 665 04b8 28       		.byte	0x28
 666 04b9 E3040000 		.4byte	0x4e3
 667 04bd 10       		.byte	0x10
 668 04be 09       		.uleb128 0x9
 669 04bf 53010000 		.4byte	.LASF87
 670 04c3 05       		.byte	0x5
 671 04c4 29       		.byte	0x29
 672 04c5 DD040000 		.4byte	0x4dd
 673 04c9 14       		.byte	0x14
 674 04ca 09       		.uleb128 0x9
 675 04cb 3A010000 		.4byte	.LASF88
 676 04cf 05       		.byte	0x5
 677 04d0 2A       		.byte	0x2a
 678 04d1 EF040000 		.4byte	0x4ef
 679 04d5 18       		.byte	0x18
 680 04d6 00       		.byte	0
 681 04d7 05       		.uleb128 0x5
 682 04d8 04       		.byte	0x4
 683 04d9 5E040000 		.4byte	0x45e
 684 04dd 05       		.uleb128 0x5
 685 04de 04       		.byte	0x4
 686 04df AD000000 		.4byte	0xad
 687 04e3 05       		.uleb128 0x5
 688 04e4 04       		.byte	0x4
 689 04e5 E9040000 		.4byte	0x4e9
 690 04e9 05       		.uleb128 0x5
 691 04ea 04       		.byte	0x4
 692 04eb FD030000 		.4byte	0x3fd
 693 04ef 05       		.uleb128 0x5
 694 04f0 04       		.byte	0x4
 695 04f1 D7040000 		.4byte	0x4d7
 696 04f5 02       		.uleb128 0x2
 697 04f6 3A000000 		.4byte	.LASF89
 698 04fa 05       		.byte	0x5
 699 04fb 2C       		.byte	0x2c
 700 04fc 5E040000 		.4byte	0x45e
ARM GAS  C:\Users\164\AppData\Local\Temp\ccHjt0jt.s 			page 14


 701 0500 0C       		.uleb128 0xc
 702 0501 5F020000 		.4byte	.LASF90
 703 0505 14       		.byte	0x14
 704 0506 05       		.byte	0x5
 705 0507 33       		.byte	0x33
 706 0508 48050000 		.4byte	0x548
 707 050c 09       		.uleb128 0x9
 708 050d 95010000 		.4byte	.LASF23
 709 0511 05       		.byte	0x5
 710 0512 34       		.byte	0x34
 711 0513 48050000 		.4byte	0x548
 712 0517 00       		.byte	0
 713 0518 0A       		.uleb128 0xa
 714 0519 706300   		.ascii	"pc\000"
 715 051c 05       		.byte	0x5
 716 051d 35       		.byte	0x35
 717 051e C3000000 		.4byte	0xc3
 718 0522 04       		.byte	0x4
 719 0523 09       		.uleb128 0x9
 720 0524 1D020000 		.4byte	.LASF25
 721 0528 05       		.byte	0x5
 722 0529 36       		.byte	0x36
 723 052a 4E050000 		.4byte	0x54e
 724 052e 08       		.byte	0x8
 725 052f 09       		.uleb128 0x9
 726 0530 62050000 		.4byte	.LASF28
 727 0534 05       		.byte	0x5
 728 0535 37       		.byte	0x37
 729 0536 54050000 		.4byte	0x554
 730 053a 0C       		.byte	0xc
 731 053b 09       		.uleb128 0x9
 732 053c 4C010000 		.4byte	.LASF91
 733 0540 05       		.byte	0x5
 734 0541 38       		.byte	0x38
 735 0542 AD000000 		.4byte	0xad
 736 0546 10       		.byte	0x10
 737 0547 00       		.byte	0
 738 0548 05       		.uleb128 0x5
 739 0549 04       		.byte	0x4
 740 054a F5040000 		.4byte	0x4f5
 741 054e 05       		.uleb128 0x5
 742 054f 04       		.byte	0x4
 743 0550 08040000 		.4byte	0x408
 744 0554 05       		.uleb128 0x5
 745 0555 04       		.byte	0x4
 746 0556 13040000 		.4byte	0x413
 747 055a 02       		.uleb128 0x2
 748 055b B0030000 		.4byte	.LASF92
 749 055f 05       		.byte	0x5
 750 0560 39       		.byte	0x39
 751 0561 00050000 		.4byte	0x500
 752 0565 05       		.uleb128 0x5
 753 0566 04       		.byte	0x4
 754 0567 6B050000 		.4byte	0x56b
 755 056b 17       		.uleb128 0x17
 756 056c AD000000 		.4byte	0xad
 757 0570 18       		.uleb128 0x18
ARM GAS  C:\Users\164\AppData\Local\Temp\ccHjt0jt.s 			page 15


 758 0571 08040000 		.4byte	0x408
 759 0575 80050000 		.4byte	0x580
 760 0579 1A       		.uleb128 0x1a
 761 057a 38040000 		.4byte	0x438
 762 057e 63       		.byte	0x63
 763 057f 00       		.byte	0
 764 0580 18       		.uleb128 0x18
 765 0581 5A050000 		.4byte	0x55a
 766 0585 90050000 		.4byte	0x590
 767 0589 1A       		.uleb128 0x1a
 768 058a 38040000 		.4byte	0x438
 769 058e 63       		.byte	0x63
 770 058f 00       		.byte	0
 771 0590 1B       		.uleb128 0x1b
 772 0591 A2000000 		.4byte	0xa2
 773 0595 1C       		.uleb128 0x1c
 774 0596 EF010000 		.4byte	.LASF111
 775 059a 01       		.byte	0x1
 776 059b 25       		.byte	0x25
 777 059c 00000000 		.4byte	.LFB8
 778 05a0 0C000000 		.4byte	.LFE8-.LFB8
 779 05a4 01       		.uleb128 0x1
 780 05a5 9C       		.byte	0x9c
 781 05a6 BD050000 		.4byte	0x5bd
 782 05aa 1D       		.uleb128 0x1d
 783 05ab 06000000 		.4byte	.LVL0
 784 05af 9A060000 		.4byte	0x69a
 785 05b3 1D       		.uleb128 0x1d
 786 05b4 0A000000 		.4byte	.LVL1
 787 05b8 A5060000 		.4byte	0x6a5
 788 05bc 00       		.byte	0
 789 05bd 1E       		.uleb128 0x1e
 790 05be E7000000 		.4byte	.LASF93
 791 05c2 01       		.byte	0x1
 792 05c3 13       		.byte	0x13
 793 05c4 54050000 		.4byte	0x554
 794 05c8 05       		.uleb128 0x5
 795 05c9 03       		.byte	0x3
 796 05ca 00000000 		.4byte	mrbc_class_object
 797 05ce 1E       		.uleb128 0x1e
 798 05cf A0030000 		.4byte	.LASF94
 799 05d3 01       		.byte	0x1
 800 05d4 16       		.byte	0x16
 801 05d5 54050000 		.4byte	0x554
 802 05d9 05       		.uleb128 0x5
 803 05da 03       		.byte	0x3
 804 05db 00000000 		.4byte	mrbc_class_proc
 805 05df 1E       		.uleb128 0x1e
 806 05e0 6B000000 		.4byte	.LASF95
 807 05e4 01       		.byte	0x1
 808 05e5 19       		.byte	0x19
 809 05e6 54050000 		.4byte	0x554
 810 05ea 05       		.uleb128 0x5
 811 05eb 03       		.byte	0x3
 812 05ec 00000000 		.4byte	mrbc_class_false
 813 05f0 1E       		.uleb128 0x1e
 814 05f1 1F010000 		.4byte	.LASF96
ARM GAS  C:\Users\164\AppData\Local\Temp\ccHjt0jt.s 			page 16


 815 05f5 01       		.byte	0x1
 816 05f6 1A       		.byte	0x1a
 817 05f7 54050000 		.4byte	0x554
 818 05fb 05       		.uleb128 0x5
 819 05fc 03       		.byte	0x3
 820 05fd 00000000 		.4byte	mrbc_class_true
 821 0601 1E       		.uleb128 0x1e
 822 0602 23040000 		.4byte	.LASF97
 823 0606 01       		.byte	0x1
 824 0607 1B       		.byte	0x1b
 825 0608 54050000 		.4byte	0x554
 826 060c 05       		.uleb128 0x5
 827 060d 03       		.byte	0x3
 828 060e 00000000 		.4byte	mrbc_class_nil
 829 0612 1E       		.uleb128 0x1e
 830 0613 CF000000 		.4byte	.LASF98
 831 0617 01       		.byte	0x1
 832 0618 1C       		.byte	0x1c
 833 0619 54050000 		.4byte	0x554
 834 061d 05       		.uleb128 0x5
 835 061e 03       		.byte	0x3
 836 061f 00000000 		.4byte	mrbc_class_array
 837 0623 1E       		.uleb128 0x1e
 838 0624 B2000000 		.4byte	.LASF99
 839 0628 01       		.byte	0x1
 840 0629 1D       		.byte	0x1d
 841 062a 54050000 		.4byte	0x554
 842 062e 05       		.uleb128 0x5
 843 062f 03       		.byte	0x3
 844 0630 00000000 		.4byte	mrbc_class_fixnum
 845 0634 1E       		.uleb128 0x1e
 846 0635 BD030000 		.4byte	.LASF100
 847 0639 01       		.byte	0x1
 848 063a 1F       		.byte	0x1f
 849 063b 54050000 		.4byte	0x554
 850 063f 05       		.uleb128 0x5
 851 0640 03       		.byte	0x3
 852 0641 00000000 		.4byte	mrbc_class_float
 853 0645 1E       		.uleb128 0x1e
 854 0646 A2000000 		.4byte	.LASF101
 855 064a 01       		.byte	0x1
 856 064b 20       		.byte	0x20
 857 064c 54050000 		.4byte	0x554
 858 0650 05       		.uleb128 0x5
 859 0651 03       		.byte	0x3
 860 0652 00000000 		.4byte	mrbc_class_math
 861 0656 1E       		.uleb128 0x1e
 862 0657 F9000000 		.4byte	.LASF102
 863 065b 01       		.byte	0x1
 864 065c 21       		.byte	0x21
 865 065d 54050000 		.4byte	0x554
 866 0661 05       		.uleb128 0x5
 867 0662 03       		.byte	0x3
 868 0663 00000000 		.4byte	mrbc_class_string
 869 0667 1E       		.uleb128 0x1e
 870 0668 83010000 		.4byte	.LASF103
 871 066c 01       		.byte	0x1
ARM GAS  C:\Users\164\AppData\Local\Temp\ccHjt0jt.s 			page 17


 872 066d 1E       		.byte	0x1e
 873 066e 54050000 		.4byte	0x554
 874 0672 05       		.uleb128 0x5
 875 0673 03       		.byte	0x3
 876 0674 00000000 		.4byte	mrbc_class_symbol
 877 0678 1E       		.uleb128 0x1e
 878 0679 E3030000 		.4byte	.LASF104
 879 067d 01       		.byte	0x1
 880 067e 22       		.byte	0x22
 881 067f 54050000 		.4byte	0x554
 882 0683 05       		.uleb128 0x5
 883 0684 03       		.byte	0x3
 884 0685 00000000 		.4byte	mrbc_class_range
 885 0689 1E       		.uleb128 0x1e
 886 068a 86040000 		.4byte	.LASF105
 887 068e 01       		.byte	0x1
 888 068f 23       		.byte	0x23
 889 0690 54050000 		.4byte	0x554
 890 0694 05       		.uleb128 0x5
 891 0695 03       		.byte	0x3
 892 0696 00000000 		.4byte	mrbc_class_hash
 893 069a 1F       		.uleb128 0x1f
 894 069b 5A000000 		.4byte	.LASF106
 895 069f 5A000000 		.4byte	.LASF106
 896 06a3 06       		.byte	0x6
 897 06a4 18       		.byte	0x18
 898 06a5 1F       		.uleb128 0x1f
 899 06a6 6F030000 		.4byte	.LASF107
 900 06aa 6F030000 		.4byte	.LASF107
 901 06ae 07       		.byte	0x7
 902 06af 1D       		.byte	0x1d
 903 06b0 00       		.byte	0
 904              		.section	.debug_abbrev,"",%progbits
 905              	.Ldebug_abbrev0:
 906 0000 01       		.uleb128 0x1
 907 0001 11       		.uleb128 0x11
 908 0002 01       		.byte	0x1
 909 0003 25       		.uleb128 0x25
 910 0004 0E       		.uleb128 0xe
 911 0005 13       		.uleb128 0x13
 912 0006 0B       		.uleb128 0xb
 913 0007 03       		.uleb128 0x3
 914 0008 0E       		.uleb128 0xe
 915 0009 1B       		.uleb128 0x1b
 916 000a 0E       		.uleb128 0xe
 917 000b 55       		.uleb128 0x55
 918 000c 17       		.uleb128 0x17
 919 000d 11       		.uleb128 0x11
 920 000e 01       		.uleb128 0x1
 921 000f 10       		.uleb128 0x10
 922 0010 17       		.uleb128 0x17
 923 0011 00       		.byte	0
 924 0012 00       		.byte	0
 925 0013 02       		.uleb128 0x2
 926 0014 16       		.uleb128 0x16
 927 0015 00       		.byte	0
 928 0016 03       		.uleb128 0x3
ARM GAS  C:\Users\164\AppData\Local\Temp\ccHjt0jt.s 			page 18


 929 0017 0E       		.uleb128 0xe
 930 0018 3A       		.uleb128 0x3a
 931 0019 0B       		.uleb128 0xb
 932 001a 3B       		.uleb128 0x3b
 933 001b 0B       		.uleb128 0xb
 934 001c 49       		.uleb128 0x49
 935 001d 13       		.uleb128 0x13
 936 001e 00       		.byte	0
 937 001f 00       		.byte	0
 938 0020 03       		.uleb128 0x3
 939 0021 24       		.uleb128 0x24
 940 0022 00       		.byte	0
 941 0023 0B       		.uleb128 0xb
 942 0024 0B       		.uleb128 0xb
 943 0025 3E       		.uleb128 0x3e
 944 0026 0B       		.uleb128 0xb
 945 0027 03       		.uleb128 0x3
 946 0028 0E       		.uleb128 0xe
 947 0029 00       		.byte	0
 948 002a 00       		.byte	0
 949 002b 04       		.uleb128 0x4
 950 002c 24       		.uleb128 0x24
 951 002d 00       		.byte	0
 952 002e 0B       		.uleb128 0xb
 953 002f 0B       		.uleb128 0xb
 954 0030 3E       		.uleb128 0x3e
 955 0031 0B       		.uleb128 0xb
 956 0032 03       		.uleb128 0x3
 957 0033 08       		.uleb128 0x8
 958 0034 00       		.byte	0
 959 0035 00       		.byte	0
 960 0036 05       		.uleb128 0x5
 961 0037 0F       		.uleb128 0xf
 962 0038 00       		.byte	0
 963 0039 0B       		.uleb128 0xb
 964 003a 0B       		.uleb128 0xb
 965 003b 49       		.uleb128 0x49
 966 003c 13       		.uleb128 0x13
 967 003d 00       		.byte	0
 968 003e 00       		.byte	0
 969 003f 06       		.uleb128 0x6
 970 0040 15       		.uleb128 0x15
 971 0041 01       		.byte	0x1
 972 0042 27       		.uleb128 0x27
 973 0043 19       		.uleb128 0x19
 974 0044 01       		.uleb128 0x1
 975 0045 13       		.uleb128 0x13
 976 0046 00       		.byte	0
 977 0047 00       		.byte	0
 978 0048 07       		.uleb128 0x7
 979 0049 05       		.uleb128 0x5
 980 004a 00       		.byte	0
 981 004b 49       		.uleb128 0x49
 982 004c 13       		.uleb128 0x13
 983 004d 00       		.byte	0
 984 004e 00       		.byte	0
 985 004f 08       		.uleb128 0x8
ARM GAS  C:\Users\164\AppData\Local\Temp\ccHjt0jt.s 			page 19


 986 0050 13       		.uleb128 0x13
 987 0051 01       		.byte	0x1
 988 0052 03       		.uleb128 0x3
 989 0053 08       		.uleb128 0x8
 990 0054 0B       		.uleb128 0xb
 991 0055 05       		.uleb128 0x5
 992 0056 3A       		.uleb128 0x3a
 993 0057 0B       		.uleb128 0xb
 994 0058 3B       		.uleb128 0x3b
 995 0059 0B       		.uleb128 0xb
 996 005a 01       		.uleb128 0x1
 997 005b 13       		.uleb128 0x13
 998 005c 00       		.byte	0
 999 005d 00       		.byte	0
 1000 005e 09       		.uleb128 0x9
 1001 005f 0D       		.uleb128 0xd
 1002 0060 00       		.byte	0
 1003 0061 03       		.uleb128 0x3
 1004 0062 0E       		.uleb128 0xe
 1005 0063 3A       		.uleb128 0x3a
 1006 0064 0B       		.uleb128 0xb
 1007 0065 3B       		.uleb128 0x3b
 1008 0066 0B       		.uleb128 0xb
 1009 0067 49       		.uleb128 0x49
 1010 0068 13       		.uleb128 0x13
 1011 0069 38       		.uleb128 0x38
 1012 006a 0B       		.uleb128 0xb
 1013 006b 00       		.byte	0
 1014 006c 00       		.byte	0
 1015 006d 0A       		.uleb128 0xa
 1016 006e 0D       		.uleb128 0xd
 1017 006f 00       		.byte	0
 1018 0070 03       		.uleb128 0x3
 1019 0071 08       		.uleb128 0x8
 1020 0072 3A       		.uleb128 0x3a
 1021 0073 0B       		.uleb128 0xb
 1022 0074 3B       		.uleb128 0x3b
 1023 0075 0B       		.uleb128 0xb
 1024 0076 49       		.uleb128 0x49
 1025 0077 13       		.uleb128 0x13
 1026 0078 38       		.uleb128 0x38
 1027 0079 0B       		.uleb128 0xb
 1028 007a 00       		.byte	0
 1029 007b 00       		.byte	0
 1030 007c 0B       		.uleb128 0xb
 1031 007d 0D       		.uleb128 0xd
 1032 007e 00       		.byte	0
 1033 007f 03       		.uleb128 0x3
 1034 0080 0E       		.uleb128 0xe
 1035 0081 3A       		.uleb128 0x3a
 1036 0082 0B       		.uleb128 0xb
 1037 0083 3B       		.uleb128 0x3b
 1038 0084 0B       		.uleb128 0xb
 1039 0085 49       		.uleb128 0x49
 1040 0086 13       		.uleb128 0x13
 1041 0087 38       		.uleb128 0x38
 1042 0088 05       		.uleb128 0x5
ARM GAS  C:\Users\164\AppData\Local\Temp\ccHjt0jt.s 			page 20


 1043 0089 00       		.byte	0
 1044 008a 00       		.byte	0
 1045 008b 0C       		.uleb128 0xc
 1046 008c 13       		.uleb128 0x13
 1047 008d 01       		.byte	0x1
 1048 008e 03       		.uleb128 0x3
 1049 008f 0E       		.uleb128 0xe
 1050 0090 0B       		.uleb128 0xb
 1051 0091 0B       		.uleb128 0xb
 1052 0092 3A       		.uleb128 0x3a
 1053 0093 0B       		.uleb128 0xb
 1054 0094 3B       		.uleb128 0x3b
 1055 0095 0B       		.uleb128 0xb
 1056 0096 01       		.uleb128 0x1
 1057 0097 13       		.uleb128 0x13
 1058 0098 00       		.byte	0
 1059 0099 00       		.byte	0
 1060 009a 0D       		.uleb128 0xd
 1061 009b 0D       		.uleb128 0xd
 1062 009c 00       		.byte	0
 1063 009d 03       		.uleb128 0x3
 1064 009e 08       		.uleb128 0x8
 1065 009f 3A       		.uleb128 0x3a
 1066 00a0 0B       		.uleb128 0xb
 1067 00a1 3B       		.uleb128 0x3b
 1068 00a2 0B       		.uleb128 0xb
 1069 00a3 49       		.uleb128 0x49
 1070 00a4 13       		.uleb128 0x13
 1071 00a5 0B       		.uleb128 0xb
 1072 00a6 0B       		.uleb128 0xb
 1073 00a7 0D       		.uleb128 0xd
 1074 00a8 0B       		.uleb128 0xb
 1075 00a9 0C       		.uleb128 0xc
 1076 00aa 0B       		.uleb128 0xb
 1077 00ab 38       		.uleb128 0x38
 1078 00ac 0B       		.uleb128 0xb
 1079 00ad 00       		.byte	0
 1080 00ae 00       		.byte	0
 1081 00af 0E       		.uleb128 0xe
 1082 00b0 0D       		.uleb128 0xd
 1083 00b1 00       		.byte	0
 1084 00b2 49       		.uleb128 0x49
 1085 00b3 13       		.uleb128 0x13
 1086 00b4 38       		.uleb128 0x38
 1087 00b5 0B       		.uleb128 0xb
 1088 00b6 00       		.byte	0
 1089 00b7 00       		.byte	0
 1090 00b8 0F       		.uleb128 0xf
 1091 00b9 04       		.uleb128 0x4
 1092 00ba 01       		.byte	0x1
 1093 00bb 0B       		.uleb128 0xb
 1094 00bc 0B       		.uleb128 0xb
 1095 00bd 49       		.uleb128 0x49
 1096 00be 13       		.uleb128 0x13
 1097 00bf 3A       		.uleb128 0x3a
 1098 00c0 0B       		.uleb128 0xb
 1099 00c1 3B       		.uleb128 0x3b
ARM GAS  C:\Users\164\AppData\Local\Temp\ccHjt0jt.s 			page 21


 1100 00c2 0B       		.uleb128 0xb
 1101 00c3 01       		.uleb128 0x1
 1102 00c4 13       		.uleb128 0x13
 1103 00c5 00       		.byte	0
 1104 00c6 00       		.byte	0
 1105 00c7 10       		.uleb128 0x10
 1106 00c8 28       		.uleb128 0x28
 1107 00c9 00       		.byte	0
 1108 00ca 03       		.uleb128 0x3
 1109 00cb 0E       		.uleb128 0xe
 1110 00cc 1C       		.uleb128 0x1c
 1111 00cd 0D       		.uleb128 0xd
 1112 00ce 00       		.byte	0
 1113 00cf 00       		.byte	0
 1114 00d0 11       		.uleb128 0x11
 1115 00d1 28       		.uleb128 0x28
 1116 00d2 00       		.byte	0
 1117 00d3 03       		.uleb128 0x3
 1118 00d4 0E       		.uleb128 0xe
 1119 00d5 1C       		.uleb128 0x1c
 1120 00d6 0B       		.uleb128 0xb
 1121 00d7 00       		.byte	0
 1122 00d8 00       		.byte	0
 1123 00d9 12       		.uleb128 0x12
 1124 00da 17       		.uleb128 0x17
 1125 00db 01       		.byte	0x1
 1126 00dc 0B       		.uleb128 0xb
 1127 00dd 0B       		.uleb128 0xb
 1128 00de 3A       		.uleb128 0x3a
 1129 00df 0B       		.uleb128 0xb
 1130 00e0 3B       		.uleb128 0x3b
 1131 00e1 0B       		.uleb128 0xb
 1132 00e2 01       		.uleb128 0x1
 1133 00e3 13       		.uleb128 0x13
 1134 00e4 00       		.byte	0
 1135 00e5 00       		.byte	0
 1136 00e6 13       		.uleb128 0x13
 1137 00e7 0D       		.uleb128 0xd
 1138 00e8 00       		.byte	0
 1139 00e9 03       		.uleb128 0x3
 1140 00ea 08       		.uleb128 0x8
 1141 00eb 3A       		.uleb128 0x3a
 1142 00ec 0B       		.uleb128 0xb
 1143 00ed 3B       		.uleb128 0x3b
 1144 00ee 0B       		.uleb128 0xb
 1145 00ef 49       		.uleb128 0x49
 1146 00f0 13       		.uleb128 0x13
 1147 00f1 00       		.byte	0
 1148 00f2 00       		.byte	0
 1149 00f3 14       		.uleb128 0x14
 1150 00f4 0D       		.uleb128 0xd
 1151 00f5 00       		.byte	0
 1152 00f6 03       		.uleb128 0x3
 1153 00f7 0E       		.uleb128 0xe
 1154 00f8 3A       		.uleb128 0x3a
 1155 00f9 0B       		.uleb128 0xb
 1156 00fa 3B       		.uleb128 0x3b
ARM GAS  C:\Users\164\AppData\Local\Temp\ccHjt0jt.s 			page 22


 1157 00fb 0B       		.uleb128 0xb
 1158 00fc 49       		.uleb128 0x49
 1159 00fd 13       		.uleb128 0x13
 1160 00fe 00       		.byte	0
 1161 00ff 00       		.byte	0
 1162 0100 15       		.uleb128 0x15
 1163 0101 0D       		.uleb128 0xd
 1164 0102 00       		.byte	0
 1165 0103 03       		.uleb128 0x3
 1166 0104 0E       		.uleb128 0xe
 1167 0105 3A       		.uleb128 0x3a
 1168 0106 0B       		.uleb128 0xb
 1169 0107 3B       		.uleb128 0x3b
 1170 0108 0B       		.uleb128 0xb
 1171 0109 49       		.uleb128 0x49
 1172 010a 13       		.uleb128 0x13
 1173 010b 0B       		.uleb128 0xb
 1174 010c 0B       		.uleb128 0xb
 1175 010d 0D       		.uleb128 0xd
 1176 010e 0B       		.uleb128 0xb
 1177 010f 0C       		.uleb128 0xc
 1178 0110 0B       		.uleb128 0xb
 1179 0111 38       		.uleb128 0x38
 1180 0112 0B       		.uleb128 0xb
 1181 0113 00       		.byte	0
 1182 0114 00       		.byte	0
 1183 0115 16       		.uleb128 0x16
 1184 0116 13       		.uleb128 0x13
 1185 0117 00       		.byte	0
 1186 0118 03       		.uleb128 0x3
 1187 0119 0E       		.uleb128 0xe
 1188 011a 3C       		.uleb128 0x3c
 1189 011b 19       		.uleb128 0x19
 1190 011c 00       		.byte	0
 1191 011d 00       		.byte	0
 1192 011e 17       		.uleb128 0x17
 1193 011f 26       		.uleb128 0x26
 1194 0120 00       		.byte	0
 1195 0121 49       		.uleb128 0x49
 1196 0122 13       		.uleb128 0x13
 1197 0123 00       		.byte	0
 1198 0124 00       		.byte	0
 1199 0125 18       		.uleb128 0x18
 1200 0126 01       		.uleb128 0x1
 1201 0127 01       		.byte	0x1
 1202 0128 49       		.uleb128 0x49
 1203 0129 13       		.uleb128 0x13
 1204 012a 01       		.uleb128 0x1
 1205 012b 13       		.uleb128 0x13
 1206 012c 00       		.byte	0
 1207 012d 00       		.byte	0
 1208 012e 19       		.uleb128 0x19
 1209 012f 21       		.uleb128 0x21
 1210 0130 00       		.byte	0
 1211 0131 49       		.uleb128 0x49
 1212 0132 13       		.uleb128 0x13
 1213 0133 00       		.byte	0
ARM GAS  C:\Users\164\AppData\Local\Temp\ccHjt0jt.s 			page 23


 1214 0134 00       		.byte	0
 1215 0135 1A       		.uleb128 0x1a
 1216 0136 21       		.uleb128 0x21
 1217 0137 00       		.byte	0
 1218 0138 49       		.uleb128 0x49
 1219 0139 13       		.uleb128 0x13
 1220 013a 2F       		.uleb128 0x2f
 1221 013b 0B       		.uleb128 0xb
 1222 013c 00       		.byte	0
 1223 013d 00       		.byte	0
 1224 013e 1B       		.uleb128 0x1b
 1225 013f 35       		.uleb128 0x35
 1226 0140 00       		.byte	0
 1227 0141 49       		.uleb128 0x49
 1228 0142 13       		.uleb128 0x13
 1229 0143 00       		.byte	0
 1230 0144 00       		.byte	0
 1231 0145 1C       		.uleb128 0x1c
 1232 0146 2E       		.uleb128 0x2e
 1233 0147 01       		.byte	0x1
 1234 0148 3F       		.uleb128 0x3f
 1235 0149 19       		.uleb128 0x19
 1236 014a 03       		.uleb128 0x3
 1237 014b 0E       		.uleb128 0xe
 1238 014c 3A       		.uleb128 0x3a
 1239 014d 0B       		.uleb128 0xb
 1240 014e 3B       		.uleb128 0x3b
 1241 014f 0B       		.uleb128 0xb
 1242 0150 27       		.uleb128 0x27
 1243 0151 19       		.uleb128 0x19
 1244 0152 11       		.uleb128 0x11
 1245 0153 01       		.uleb128 0x1
 1246 0154 12       		.uleb128 0x12
 1247 0155 06       		.uleb128 0x6
 1248 0156 40       		.uleb128 0x40
 1249 0157 18       		.uleb128 0x18
 1250 0158 9742     		.uleb128 0x2117
 1251 015a 19       		.uleb128 0x19
 1252 015b 01       		.uleb128 0x1
 1253 015c 13       		.uleb128 0x13
 1254 015d 00       		.byte	0
 1255 015e 00       		.byte	0
 1256 015f 1D       		.uleb128 0x1d
 1257 0160 898201   		.uleb128 0x4109
 1258 0163 00       		.byte	0
 1259 0164 11       		.uleb128 0x11
 1260 0165 01       		.uleb128 0x1
 1261 0166 31       		.uleb128 0x31
 1262 0167 13       		.uleb128 0x13
 1263 0168 00       		.byte	0
 1264 0169 00       		.byte	0
 1265 016a 1E       		.uleb128 0x1e
 1266 016b 34       		.uleb128 0x34
 1267 016c 00       		.byte	0
 1268 016d 03       		.uleb128 0x3
 1269 016e 0E       		.uleb128 0xe
 1270 016f 3A       		.uleb128 0x3a
ARM GAS  C:\Users\164\AppData\Local\Temp\ccHjt0jt.s 			page 24


 1271 0170 0B       		.uleb128 0xb
 1272 0171 3B       		.uleb128 0x3b
 1273 0172 0B       		.uleb128 0xb
 1274 0173 49       		.uleb128 0x49
 1275 0174 13       		.uleb128 0x13
 1276 0175 3F       		.uleb128 0x3f
 1277 0176 19       		.uleb128 0x19
 1278 0177 02       		.uleb128 0x2
 1279 0178 18       		.uleb128 0x18
 1280 0179 00       		.byte	0
 1281 017a 00       		.byte	0
 1282 017b 1F       		.uleb128 0x1f
 1283 017c 2E       		.uleb128 0x2e
 1284 017d 00       		.byte	0
 1285 017e 3F       		.uleb128 0x3f
 1286 017f 19       		.uleb128 0x19
 1287 0180 3C       		.uleb128 0x3c
 1288 0181 19       		.uleb128 0x19
 1289 0182 6E       		.uleb128 0x6e
 1290 0183 0E       		.uleb128 0xe
 1291 0184 03       		.uleb128 0x3
 1292 0185 0E       		.uleb128 0xe
 1293 0186 3A       		.uleb128 0x3a
 1294 0187 0B       		.uleb128 0xb
 1295 0188 3B       		.uleb128 0x3b
 1296 0189 0B       		.uleb128 0xb
 1297 018a 00       		.byte	0
 1298 018b 00       		.byte	0
 1299 018c 00       		.byte	0
 1300              		.section	.debug_aranges,"",%progbits
 1301 0000 1C000000 		.4byte	0x1c
 1302 0004 0200     		.2byte	0x2
 1303 0006 00000000 		.4byte	.Ldebug_info0
 1304 000a 04       		.byte	0x4
 1305 000b 00       		.byte	0
 1306 000c 0000     		.2byte	0
 1307 000e 0000     		.2byte	0
 1308 0010 00000000 		.4byte	.LFB8
 1309 0014 0C000000 		.4byte	.LFE8-.LFB8
 1310 0018 00000000 		.4byte	0
 1311 001c 00000000 		.4byte	0
 1312              		.section	.debug_ranges,"",%progbits
 1313              	.Ldebug_ranges0:
 1314 0000 00000000 		.4byte	.LFB8
 1315 0004 0C000000 		.4byte	.LFE8
 1316 0008 00000000 		.4byte	0
 1317 000c 00000000 		.4byte	0
 1318              		.section	.debug_line,"",%progbits
 1319              	.Ldebug_line0:
 1320 0000 7B010000 		.section	.debug_str,"MS",%progbits,1
 1320      02006401 
 1320      00000201 
 1320      FB0E0D00 
 1320      01010101 
 1321              	.LASF59:
 1322 0000 73757065 		.ascii	"super\000"
 1322      7200
ARM GAS  C:\Users\164\AppData\Local\Temp\ccHjt0jt.s 			page 25


 1323              	.LASF57:
 1324 0006 52436C61 		.ascii	"RClass\000"
 1324      737300
 1325              	.LASF45:
 1326 000d 4D52425F 		.ascii	"MRB_TT_STRING\000"
 1326      54545F53 
 1326      5452494E 
 1326      4700
 1327              	.LASF31:
 1328 001b 666C6167 		.ascii	"flag_need_memfree\000"
 1328      5F6E6565 
 1328      645F6D65 
 1328      6D667265 
 1328      6500
 1329              	.LASF46:
 1330 002d 4D52425F 		.ascii	"MRB_TT_RANGE\000"
 1330      54545F52 
 1330      414E4745 
 1330      00
 1331              	.LASF89:
 1332 003a 6D72625F 		.ascii	"mrb_irep\000"
 1332      69726570 
 1332      00
 1333              	.LASF76:
 1334 0043 524B6579 		.ascii	"RKeyValueHandle\000"
 1334      56616C75 
 1334      6548616E 
 1334      646C6500 
 1335              	.LASF14:
 1336 0053 696E7438 		.ascii	"int8_t\000"
 1336      5F7400
 1337              	.LASF106:
 1338 005a 6D726263 		.ascii	"mrbc_init_global\000"
 1338      5F696E69 
 1338      745F676C 
 1338      6F62616C 
 1338      00
 1339              	.LASF95:
 1340 006b 6D726263 		.ascii	"mrbc_class_false\000"
 1340      5F636C61 
 1340      73735F66 
 1340      616C7365 
 1340      00
 1341              	.LASF5:
 1342 007c 73686F72 		.ascii	"short int\000"
 1342      7420696E 
 1342      7400
 1343              	.LASF80:
 1344 0086 6E6C6F63 		.ascii	"nlocals\000"
 1344      616C7300 
 1345              	.LASF73:
 1346 008e 6D72625F 		.ascii	"mrb_object\000"
 1346      6F626A65 
 1346      637400
 1347              	.LASF27:
 1348 0099 63616C6C 		.ascii	"callinfo\000"
 1348      696E666F 
ARM GAS  C:\Users\164\AppData\Local\Temp\ccHjt0jt.s 			page 26


 1348      00
 1349              	.LASF101:
 1350 00a2 6D726263 		.ascii	"mrbc_class_math\000"
 1350      5F636C61 
 1350      73735F6D 
 1350      61746800 
 1351              	.LASF99:
 1352 00b2 6D726263 		.ascii	"mrbc_class_fixnum\000"
 1352      5F636C61 
 1352      73735F66 
 1352      69786E75 
 1352      6D00
 1353              	.LASF6:
 1354 00c4 5F5F7569 		.ascii	"__uint16_t\000"
 1354      6E743136 
 1354      5F7400
 1355              	.LASF98:
 1356 00cf 6D726263 		.ascii	"mrbc_class_array\000"
 1356      5F636C61 
 1356      73735F61 
 1356      72726179 
 1356      00
 1357              	.LASF49:
 1358 00e0 68616E64 		.ascii	"handle\000"
 1358      6C6500
 1359              	.LASF93:
 1360 00e7 6D726263 		.ascii	"mrbc_class_object\000"
 1360      5F636C61 
 1360      73735F6F 
 1360      626A6563 
 1360      7400
 1361              	.LASF102:
 1362 00f9 6D726263 		.ascii	"mrbc_class_string\000"
 1362      5F636C61 
 1362      73735F73 
 1362      7472696E 
 1362      6700
 1363              	.LASF37:
 1364 010b 4D52425F 		.ascii	"MRB_TT_TRUE\000"
 1364      54545F54 
 1364      52554500 
 1365              	.LASF15:
 1366 0117 75696E74 		.ascii	"uint8_t\000"
 1366      385F7400 
 1367              	.LASF96:
 1368 011f 6D726263 		.ascii	"mrbc_class_true\000"
 1368      5F636C61 
 1368      73735F74 
 1368      72756500 
 1369              	.LASF29:
 1370 012f 6572726F 		.ascii	"error_code\000"
 1370      725F636F 
 1370      646500
 1371              	.LASF88:
 1372 013a 72657073 		.ascii	"reps\000"
 1372      00
 1373              	.LASF36:
ARM GAS  C:\Users\164\AppData\Local\Temp\ccHjt0jt.s 			page 27


 1374 013f 4D52425F 		.ascii	"MRB_TT_FALSE\000"
 1374      54545F46 
 1374      414C5345 
 1374      00
 1375              	.LASF91:
 1376 014c 6E5F6172 		.ascii	"n_args\000"
 1376      677300
 1377              	.LASF87:
 1378 0153 7074725F 		.ascii	"ptr_to_sym\000"
 1378      746F5F73 
 1378      796D00
 1379              	.LASF79:
 1380 015e 49524550 		.ascii	"IREP\000"
 1380      00
 1381              	.LASF78:
 1382 0163 66756E63 		.ascii	"func\000"
 1382      00
 1383              	.LASF26:
 1384 0168 63616C6C 		.ascii	"callinfo_top\000"
 1384      696E666F 
 1384      5F746F70 
 1384      00
 1385              	.LASF11:
 1386 0175 6C6F6E67 		.ascii	"long long int\000"
 1386      206C6F6E 
 1386      6720696E 
 1386      7400
 1387              	.LASF103:
 1388 0183 6D726263 		.ascii	"mrbc_class_symbol\000"
 1388      5F636C61 
 1388      73735F73 
 1388      796D626F 
 1388      6C00
 1389              	.LASF23:
 1390 0195 70635F69 		.ascii	"pc_irep\000"
 1390      72657000 
 1391              	.LASF22:
 1392 019d 766D5F69 		.ascii	"vm_id\000"
 1392      6400
 1393              	.LASF72:
 1394 01a3 52486173 		.ascii	"RHash\000"
 1394      6800
 1395              	.LASF44:
 1396 01a9 4D52425F 		.ascii	"MRB_TT_ARRAY\000"
 1396      54545F41 
 1396      52524159 
 1396      00
 1397              	.LASF9:
 1398 01b6 6C6F6E67 		.ascii	"long int\000"
 1398      20696E74 
 1398      00
 1399              	.LASF65:
 1400 01bf 5250726F 		.ascii	"RProc\000"
 1400      6300
 1401              	.LASF53:
 1402 01c5 73747269 		.ascii	"string\000"
 1402      6E6700
ARM GAS  C:\Users\164\AppData\Local\Temp\ccHjt0jt.s 			page 28


 1403              	.LASF30:
 1404 01cc 666C6167 		.ascii	"flag_preemption\000"
 1404      5F707265 
 1404      656D7074 
 1404      696F6E00 
 1405              	.LASF77:
 1406 01dc 73697A65 		.ascii	"sizetype\000"
 1406      74797065 
 1406      00
 1407              	.LASF62:
 1408 01e5 7265665F 		.ascii	"ref_count\000"
 1408      636F756E 
 1408      7400
 1409              	.LASF111:
 1410 01ef 696E6974 		.ascii	"init_static\000"
 1410      5F737461 
 1410      74696300 
 1411              	.LASF1:
 1412 01fb 5F5F7569 		.ascii	"__uint8_t\000"
 1412      6E74385F 
 1412      7400
 1413              	.LASF81:
 1414 0205 6E726567 		.ascii	"nregs\000"
 1414      7300
 1415              	.LASF21:
 1416 020b 69726570 		.ascii	"irep\000"
 1416      00
 1417              	.LASF39:
 1418 0210 4D52425F 		.ascii	"MRB_TT_FLOAT\000"
 1418      54545F46 
 1418      4C4F4154 
 1418      00
 1419              	.LASF25:
 1420 021d 63757272 		.ascii	"current_regs\000"
 1420      656E745F 
 1420      72656773 
 1420      00
 1421              	.LASF109:
 1422 022a 2E2E5C2E 		.ascii	"..\\..\\mruby_c2\\Design01.cydsn\\static.c\000"
 1422      2E5C6D72 
 1422      7562795F 
 1422      63325C44 
 1422      65736967 
 1423              	.LASF3:
 1424 0251 756E7369 		.ascii	"unsigned char\000"
 1424      676E6564 
 1424      20636861 
 1424      7200
 1425              	.LASF90:
 1426 025f 43414C4C 		.ascii	"CALLINFO\000"
 1426      494E464F 
 1426      00
 1427              	.LASF35:
 1428 0268 4D52425F 		.ascii	"MRB_TT_NIL\000"
 1428      54545F4E 
 1428      494C00
 1429              	.LASF32:
ARM GAS  C:\Users\164\AppData\Local\Temp\ccHjt0jt.s 			page 29


 1430 0273 524F626A 		.ascii	"RObject\000"
 1430      65637400 
 1431              	.LASF55:
 1432 027b 68617368 		.ascii	"hash\000"
 1432      00
 1433              	.LASF47:
 1434 0280 4D52425F 		.ascii	"MRB_TT_HASH\000"
 1434      54545F48 
 1434      41534800 
 1435              	.LASF2:
 1436 028c 7369676E 		.ascii	"signed char\000"
 1436      65642063 
 1436      68617200 
 1437              	.LASF51:
 1438 0298 70726F63 		.ascii	"proc\000"
 1438      00
 1439              	.LASF12:
 1440 029d 6C6F6E67 		.ascii	"long long unsigned int\000"
 1440      206C6F6E 
 1440      6720756E 
 1440      7369676E 
 1440      65642069 
 1441              	.LASF20:
 1442 02b4 6D72625F 		.ascii	"mrb_func_t\000"
 1442      66756E63 
 1442      5F7400
 1443              	.LASF13:
 1444 02bf 756E7369 		.ascii	"unsigned int\000"
 1444      676E6564 
 1444      20696E74 
 1444      00
 1445              	.LASF17:
 1446 02cc 75696E74 		.ascii	"uint16_t\000"
 1446      31365F74 
 1446      00
 1447              	.LASF40:
 1448 02d5 4D52425F 		.ascii	"MRB_TT_SYMBOL\000"
 1448      54545F53 
 1448      594D424F 
 1448      4C00
 1449              	.LASF50:
 1450 02e3 696E7374 		.ascii	"instance\000"
 1450      616E6365 
 1450      00
 1451              	.LASF85:
 1452 02ec 636F6465 		.ascii	"code\000"
 1452      00
 1453              	.LASF43:
 1454 02f1 4D52425F 		.ascii	"MRB_TT_PROC\000"
 1454      54545F50 
 1454      524F4300 
 1455              	.LASF84:
 1456 02fd 706C656E 		.ascii	"plen\000"
 1456      00
 1457              	.LASF7:
 1458 0302 73686F72 		.ascii	"short unsigned int\000"
 1458      7420756E 
ARM GAS  C:\Users\164\AppData\Local\Temp\ccHjt0jt.s 			page 30


 1458      7369676E 
 1458      65642069 
 1458      6E7400
 1459              	.LASF0:
 1460 0315 5F5F696E 		.ascii	"__int8_t\000"
 1460      74385F74 
 1460      00
 1461              	.LASF82:
 1462 031e 726C656E 		.ascii	"rlen\000"
 1462      00
 1463              	.LASF70:
 1464 0323 63686172 		.ascii	"char\000"
 1464      00
 1465              	.LASF58:
 1466 0328 73796D5F 		.ascii	"sym_id\000"
 1466      696400
 1467              	.LASF110:
 1468 032f 433A5C55 		.ascii	"C:\\Users\\164\\Documents\\PSoC Creator\\mcmc\\Desi"
 1468      73657273 
 1468      5C313634 
 1468      5C446F63 
 1468      756D656E 
 1469 035c 676E3031 		.ascii	"gn01.cydsn\000"
 1469      2E637964 
 1469      736E00
 1470              	.LASF18:
 1471 0367 696E7433 		.ascii	"int32_t\000"
 1471      325F7400 
 1472              	.LASF107:
 1473 036f 6D726263 		.ascii	"mrbc_init_class\000"
 1473      5F696E69 
 1473      745F636C 
 1473      61737300 
 1474              	.LASF68:
 1475 037f 52417272 		.ascii	"RArray\000"
 1475      617900
 1476              	.LASF16:
 1477 0386 696E7431 		.ascii	"int16_t\000"
 1477      365F7400 
 1478              	.LASF41:
 1479 038e 4D52425F 		.ascii	"MRB_TT_CLASS\000"
 1479      54545F43 
 1479      4C415353 
 1479      00
 1480              	.LASF64:
 1481 039b 64617461 		.ascii	"data\000"
 1481      00
 1482              	.LASF94:
 1483 03a0 6D726263 		.ascii	"mrbc_class_proc\000"
 1483      5F636C61 
 1483      73735F70 
 1483      726F6300 
 1484              	.LASF92:
 1485 03b0 6D72625F 		.ascii	"mrb_callinfo\000"
 1485      63616C6C 
 1485      696E666F 
 1485      00
ARM GAS  C:\Users\164\AppData\Local\Temp\ccHjt0jt.s 			page 31


 1486              	.LASF100:
 1487 03bd 6D726263 		.ascii	"mrbc_class_float\000"
 1487      5F636C61 
 1487      73735F66 
 1487      6C6F6174 
 1487      00
 1488              	.LASF66:
 1489 03ce 635F6675 		.ascii	"c_func\000"
 1489      6E6300
 1490              	.LASF42:
 1491 03d5 4D52425F 		.ascii	"MRB_TT_OBJECT\000"
 1491      54545F4F 
 1491      424A4543 
 1491      5400
 1492              	.LASF104:
 1493 03e3 6D726263 		.ascii	"mrbc_class_range\000"
 1493      5F636C61 
 1493      73735F72 
 1493      616E6765 
 1493      00
 1494              	.LASF10:
 1495 03f4 6C6F6E67 		.ascii	"long unsigned int\000"
 1495      20756E73 
 1495      69676E65 
 1495      6420696E 
 1495      7400
 1496              	.LASF56:
 1497 0406 646F7562 		.ascii	"double\000"
 1497      6C6500
 1498              	.LASF69:
 1499 040d 52537472 		.ascii	"RString\000"
 1499      696E6700 
 1500              	.LASF19:
 1501 0415 6D72625F 		.ascii	"mrb_sym\000"
 1501      73796D00 
 1502              	.LASF52:
 1503 041d 61727261 		.ascii	"array\000"
 1503      7900
 1504              	.LASF97:
 1505 0423 6D726263 		.ascii	"mrbc_class_nil\000"
 1505      5F636C61 
 1505      73735F6E 
 1505      696C00
 1506              	.LASF38:
 1507 0432 4D52425F 		.ascii	"MRB_TT_FIXNUM\000"
 1507      54545F46 
 1507      49584E55 
 1507      4D00
 1508              	.LASF63:
 1509 0440 69766172 		.ascii	"ivar\000"
 1509      00
 1510              	.LASF8:
 1511 0445 5F5F696E 		.ascii	"__int32_t\000"
 1511      7433325F 
 1511      7400
 1512              	.LASF54:
 1513 044f 72616E67 		.ascii	"range\000"
ARM GAS  C:\Users\164\AppData\Local\Temp\ccHjt0jt.s 			page 32


 1513      6500
 1514              	.LASF4:
 1515 0455 5F5F696E 		.ascii	"__int16_t\000"
 1515      7431365F 
 1515      7400
 1516              	.LASF75:
 1517 045f 6D72625F 		.ascii	"mrb_class\000"
 1517      636C6173 
 1517      7300
 1518              	.LASF74:
 1519 0469 6D72625F 		.ascii	"mrb_value\000"
 1519      76616C75 
 1519      6500
 1520              	.LASF34:
 1521 0473 4D52425F 		.ascii	"MRB_TT_EMPTY\000"
 1521      54545F45 
 1521      4D505459 
 1521      00
 1522              	.LASF60:
 1523 0480 70726F63 		.ascii	"procs\000"
 1523      7300
 1524              	.LASF105:
 1525 0486 6D726263 		.ascii	"mrbc_class_hash\000"
 1525      5F636C61 
 1525      73735F68 
 1525      61736800 
 1526              	.LASF33:
 1527 0496 4D52425F 		.ascii	"MRB_TT_HANDLE\000"
 1527      54545F48 
 1527      414E444C 
 1527      4500
 1528              	.LASF108:
 1529 04a4 474E5520 		.ascii	"GNU C11 5.4.1 20160609 (release) [ARM/embedded-5-br"
 1529      43313120 
 1529      352E342E 
 1529      31203230 
 1529      31363036 
 1530 04d7 616E6368 		.ascii	"anch revision 237715] -mcpu=cortex-m3 -mthumb -g -O"
 1530      20726576 
 1530      6973696F 
 1530      6E203233 
 1530      37373135 
 1531 050a 67202D66 		.ascii	"g -ffunction-sections -ffat-lto-objects\000"
 1531      66756E63 
 1531      74696F6E 
 1531      2D736563 
 1531      74696F6E 
 1532              	.LASF86:
 1533 0532 706F6F6C 		.ascii	"pools\000"
 1533      7300
 1534              	.LASF71:
 1535 0538 5252616E 		.ascii	"RRange\000"
 1535      676500
 1536              	.LASF48:
 1537 053f 6D72625F 		.ascii	"mrb_vtype\000"
 1537      76747970 
 1537      6500
ARM GAS  C:\Users\164\AppData\Local\Temp\ccHjt0jt.s 			page 33


 1538              	.LASF83:
 1539 0549 696C656E 		.ascii	"ilen\000"
 1539      00
 1540              	.LASF67:
 1541 054e 6E657874 		.ascii	"next\000"
 1541      00
 1542              	.LASF24:
 1543 0553 72656773 		.ascii	"regs\000"
 1543      00
 1544              	.LASF61:
 1545 0558 52496E73 		.ascii	"RInstance\000"
 1545      74616E63 
 1545      6500
 1546              	.LASF28:
 1547 0562 74617267 		.ascii	"target_class\000"
 1547      65745F63 
 1547      6C617373 
 1547      00
 1548              		.ident	"GCC: (GNU Tools for ARM Embedded Processors) 5.4.1 20160609 (release) [ARM/embedded-5-bran
